2026-07-08 22:55:01 [s3] Verifying 21 of 86 unverified (shard 3/4)
2026-07-08 22:56:18 [s3] 1/21  77s :: Slice of NY Pizza
2026-07-08 22:57:31 [s3] 2/21  73s :: European Wax Center
2026-07-08 22:59:50 [s3] 3/21  140s :: JEMBRO/DAVES DOLLAR
2026-07-08 23:01:01 [s3] 4/21  70s :: J. Crew
2026-07-08 23:02:24 [s3] 5/21  83s :: Bober Tea Greenville LLC
2026-07-08 23:04:12 [s3] 6/21  109s :: Firebird's Wood Fired Grill
2026-07-08 23:05:32 [s3] 7/21  79s :: JINYA Ramen Bar
2026-07-08 23:07:12 [s3] 8/21  100s :: Woof Gang Bakery and Grooming
2026-07-08 23:08:21 [s3] 9/21  70s :: Batteries Plus Bulbs
2026-07-08 23:09:56 [s3] 10/21  94s :: Elements Therapeutic Mas
2026-07-08 23:11:25 [s3] 11/21  89s :: Mattress Warehouse
2026-07-08 23:13:06 [s3] 12/21  101s :: BANK OF AMERICA PNY53240000
2026-07-08 23:14:00 [s3] 13/21  54s :: KPOT
2026-07-08 23:15:19 [s3] 14/21  79s :: Embassy Nails
2026-07-08 23:16:48 [s3] 15/21  88s :: Best Buy
2026-07-08 23:18:01 [s3] 16/21  74s :: Subway #37092
2026-07-08 23:19:41 [s3] 17/21  99s :: Tropical Smoothie Cafe'
2026-07-08 23:21:11 [s3] 18/21  91s :: VITAMIN SHOPPE 39
2026-07-08 23:22:40 [s3] 19/21  89s :: Shake Shack New York LLC
2026-07-08 23:24:08 [s3] 20/21  88s :: Select Comfort #10264
2026-07-08 23:25:42 [s3] 21/21  94s :: CONDADO TACOS 44, LLC
2026-07-08 23:25:42 [s3] batch complete - verified=0 issues=0 review=0 fail=0 of 21
2026-07-09 00:21:38 [s3] Verifying 24 of 98 unverified (shard 3/4)
2026-07-09 00:22:43 [s3] 1/24  65s :: New Japanese Express
2026-07-09 00:22:44 [s3] 2/24 FAIL http=500 1s :: Vida Dulce of Knightdale, Inc :: 
2026-07-09 00:22:53 [s3] 3/24 FAIL http=500 1s :: 100 Chiro Fehrman, LLC :: 
2026-07-09 00:23:02 [s3] 4/24 FAIL http=500 1s :: J. Crew :: 
2026-07-09 00:23:11 [s3] 5/24 FAIL http=500 1s :: V NAIL BAR AND LASH INC :: 
2026-07-09 00:23:21 [s3] 6/24 FAIL http=500 1s :: Bober Tea Greenville LLC :: 
2026-07-09 00:23:30 [s3] 7/24 FAIL http=500 1s :: Warby Parker :: 
2026-07-09 00:23:39 [s3] 8/24 FAIL http=500 1s :: SSI Greenville LLC :: 
2026-07-09 00:23:48 [s3] 9/24 FAIL http=500 1s :: Batteries Plus Bulbs :: 
2026-07-09 00:23:57 [s3] 10/24 FAIL http=500 1s :: PETSMART LLC#3279 :: 
2026-07-09 00:24:07 [s3] 11/24 FAIL http=500 2s :: US ALLIANCE FEDERAL CREDIT :: 
2026-07-09 00:24:16 [s3] 12/24 FAIL http=500 1s :: BANK OF AMERICA PNY53240000 :: 
2026-07-09 00:24:25 [s3] 13/24 FAIL http=500 1s :: KPOT :: 
2026-07-09 00:24:34 [s3] 14/24 FAIL http=500 1s :: Little Caesars :: 
2026-07-09 00:24:43 [s3] 15/24 FAIL http=500 1s :: Visionworks :: 
2026-07-09 00:24:53 [s3] 16/24 FAIL http=500 2s :: Best Buy :: 
2026-07-09 00:25:02 [s3] 17/24 FAIL http=500 1s :: Tropical Smoothie Cafe' :: 
2026-07-09 00:25:12 [s3] 18/24 FAIL http=500 2s :: Club Pilates :: 
2026-07-09 00:25:21 [s3] 19/24 FAIL http=500 1s :: Staples #4 :: 
2026-07-09 00:25:30 [s3] 20/24 FAIL http=500 1s :: Music and Arts :: 
2026-07-09 00:25:39 [s3] 21/24 FAIL http=500 1s :: Select Comfort #10264 :: 
2026-07-09 00:25:48 [s3] 22/24 FAIL http=500 1s :: Michaels #6725 :: 
2026-07-09 00:25:57 [s3] 23/24 FAIL http=500 1s :: CONDADO TACOS 44, LLC :: 
2026-07-09 00:26:06 [s3] 24/24 FAIL http=500 1s :: TRIPODIS APPLIANCES :: 
2026-07-09 00:26:14 [s3] batch complete - verified=0 issues=0 review=0 fail=23 of 24
2026-07-09 00:40:23 [s3] Verifying 23 of 92 unverified (shard 3/4)
2026-07-09 00:41:45 [s3] 1/23  82s :: CKE Fitness Corp
2026-07-09 00:43:09 [s3] 2/23  84s :: Burlington Coat Factory
2026-07-09 00:44:31 [s3] 3/23  82s :: HOMEGOODS  LLC 507
2026-07-09 00:46:06 [s3] 4/23  95s :: Destination XL
2026-07-09 00:47:48 [s3] 5/23  102s :: Firebird's Wood Fired Grill
2026-07-09 00:49:45 [s3] 6/23  117s :: JINYA Ramen Bar
2026-07-09 00:51:14 [s3] 7/23  89s :: Woof Gang Bakery and Grooming
2026-07-09 00:52:55 [s3] 8/23  101s :: Kay Jewelers
2026-07-09 00:54:39 [s3] 9/23  103s :: MyEyeDr.
2026-07-09 00:55:56 [s3] 10/23  77s :: Jersey Mike's Subs
2026-07-09 00:57:00 [s3] 11/23  64s :: Ross Dress for Less
2026-07-09 00:58:41 [s3] 12/23  101s :: Veterinary Emergency Group, LLC
2026-07-09 01:00:07 [s3] 13/23  86s :: Subway #37092
2026-07-09 01:01:46 [s3] 14/23  100s :: Wells Fargo
2026-07-09 01:03:57 [s3] 15/23  131s :: Burlington Coat Factory
2026-07-09 01:05:50 [s3] 16/23  113s :: TJ Maxx
2026-07-09 01:07:18 [s3] 17/23  88s :: Shake Shack New York LLC
2026-07-09 01:08:42 [s3] 18/23  84s :: GNC
2026-07-09 01:10:13 [s3] 19/23  90s :: Island Nails Spa
2026-07-09 01:11:05 [s3] 20/23  52s :: The Good Feet Store
2026-07-09 01:12:42 [s3] 21/23  97s :: Yard House
2026-07-09 01:13:59 [s3] 22/23  77s :: ULTA 594
2026-07-09 01:15:48 [s3] 23/23  109s :: Bad Daddy's Burger Bar
2026-07-09 01:15:48 [s3] batch complete - verified=0 issues=0 review=0 fail=0 of 23
