2026-07-04 14:25:23 [00000000-0000-0000-0000-000000000010] 37 tenants, 36 to generate
2026-07-04 14:25:52 [00000000-0000-0000-0000-000000000010] 1/36 OK 29s docs=1 :: Applebee's
2026-07-04 14:26:51 [00000000-0000-0000-0000-000000000010] 2/36 OK 59s docs=21 :: Arby's
2026-07-04 14:26:52 [00000000-0000-0000-0000-000000000010] 3/36 FAIL 1s :: AT AND T :: {"error":"No documents found for \"AT AND T\" at this property"}
2026-07-04 14:28:05 [00000000-0000-0000-0000-000000000010] 4/36 OK 63s docs=22 :: Athlete's Foot
2026-07-04 14:28:57 [00000000-0000-0000-0000-000000000010] 5/36 OK 52s docs=11 :: Batteries Plus Bulbs
2026-07-04 14:29:59 [00000000-0000-0000-0000-000000000010] 6/36 OK 62s docs=15 :: Chick-fil-A
2026-07-04 14:30:56 [00000000-0000-0000-0000-000000000010] 7/36 OK 56s docs=4 :: Chili's
2026-07-04 14:30:56 [00000000-0000-0000-0000-000000000010] 8/36 FAIL 0s :: Corporate Services Consultants, LLC :: {"error":"No documents found for \"Corporate Services Consultants, LLC\" at this property"}
2026-07-04 14:31:46 [00000000-0000-0000-0000-000000000010] 9/36 OK 40s docs=3 :: Five Guys Burgers and Fries
2026-07-04 14:32:52 [00000000-0000-0000-0000-000000000010] 10/36 OK 66s docs=22 :: GNC
2026-07-04 14:33:52 [00000000-0000-0000-0000-000000000010] 11/36 OK 61s docs=27 :: Home Depot #3663A01
2026-07-04 14:33:53 [00000000-0000-0000-0000-000000000010] 12/36 FAIL 0s :: HomeGoods, Inc. :: {"error":"No documents found for \"HomeGoods, Inc.\" at this property"}
2026-07-04 14:34:54 [00000000-0000-0000-0000-000000000010] 13/36 OK 51s docs=6 :: iHop
2026-07-04 14:36:14 [00000000-0000-0000-0000-000000000010] 14/36 OK 80s docs=16 :: Island Nails Spa
2026-07-04 14:37:03 [00000000-0000-0000-0000-000000000010] 15/36 OK 49s docs=5 :: Jersey Mike's Subs
2026-07-04 14:37:57 [00000000-0000-0000-0000-000000000010] 16/36 OK 54s docs=23 :: Kay Jewelers
2026-07-04 14:38:51 [00000000-0000-0000-0000-000000000010] 17/36 OK 54s docs=10 :: Kirklands #523
2026-07-04 14:39:45 [00000000-0000-0000-0000-000000000010] 18/36 OK 55s docs=13 :: Krispy Kreme
2026-07-04 14:40:35 [00000000-0000-0000-0000-000000000010] 19/36 OK 50s docs=11 :: Little Caesars
2026-07-04 14:41:24 [00000000-0000-0000-0000-000000000010] 20/36 OK 49s docs=12 :: Mattress Warehouse
2026-07-04 14:42:34 [00000000-0000-0000-0000-000000000010] 21/36 OK 69s docs=30 :: Michaels #6725
2026-07-04 14:43:18 [00000000-0000-0000-0000-000000000010] 22/36 OK 45s docs=4 :: Moe's Southwest Grill
2026-07-04 14:43:50 [00000000-0000-0000-0000-000000000010] 23/36 OK 31s docs=2 :: New Japanese Express
2026-07-04 14:45:03 [00000000-0000-0000-0000-000000000010] 24/36 OK 73s docs=30 :: PETSMART LLC#3279
2026-07-04 14:46:09 [00000000-0000-0000-0000-000000000010] 25/36 OK 66s docs=21 :: Rack Room Shoes #474
2026-07-04 14:47:15 [00000000-0000-0000-0000-000000000010] 26/36 OK 66s docs=22 :: Rainbow
2026-07-04 14:47:54 [00000000-0000-0000-0000-000000000010] 27/36 OK 40s docs=4 :: Salt Grass
2026-07-04 14:48:46 [00000000-0000-0000-0000-000000000010] 28/36 OK 51s docs=13 :: Slice of NY Pizza
2026-07-04 14:49:43 [00000000-0000-0000-0000-000000000010] 29/36 OK 57s docs=11 :: Sport Clips
2026-07-04 14:50:38 [00000000-0000-0000-0000-000000000010] 30/36 OK 56s docs=12 :: Subway #37092
2026-07-04 14:51:38 [00000000-0000-0000-0000-000000000010] 31/36 OK 60s docs=27 :: Target
2026-07-04 14:52:35 [00000000-0000-0000-0000-000000000010] 32/36 OK 57s docs=20 :: T-Mobile
2026-07-04 14:52:36 [00000000-0000-0000-0000-000000000010] 33/36 FAIL 1s :: Vida Dulce of Knightdale, Inc :: {"error":"No documents found for \"Vida Dulce of Knightdale, Inc\" at this property"}
2026-07-04 14:53:44 [00000000-0000-0000-0000-000000000010] 34/36 OK 58s docs=30 :: Visionworks
2026-07-04 14:54:33 [00000000-0000-0000-0000-000000000010] 35/36 OK 49s docs=12 :: Wade Jurney Home
2026-07-04 14:55:34 [00000000-0000-0000-0000-000000000010] 36/36 OK 61s docs=30 :: Wells Fargo
2026-07-04 14:55:35 [00000000-0000-0000-0000-000000000011] 15 tenants, 15 to generate
2026-07-04 14:55:35 [00000000-0000-0000-0000-000000000011] 1/15 FAIL 0s :: Academy, Ltd. :: {"error":"No documents found for \"Academy, Ltd.\" at this property"}
2026-07-04 14:56:15 [00000000-0000-0000-0000-000000000011] 2/15 OK 30s docs=3 :: Avance Primary Care
2026-07-04 14:57:33 [00000000-0000-0000-0000-000000000011] 3/15 OK 78s docs=30 :: Best Buy
2026-07-04 14:58:46 [00000000-0000-0000-0000-000000000011] 4/15 OK 73s docs=16 :: Burlington Coat Factory
2026-07-04 14:58:47 [00000000-0000-0000-0000-000000000011] 5/15 FAIL 1s :: Corporate Services Consultants, LLC :: {"error":"No documents found for \"Corporate Services Consultants, LLC\" at this property"}
2026-07-04 15:00:02 [00000000-0000-0000-0000-000000000011] 6/15 OK 65s docs=19 :: Embassy Nails
2026-07-04 15:00:44 [00000000-0000-0000-0000-000000000011] 7/15 OK 42s docs=9 :: European Wax Center
2026-07-04 15:01:27 [00000000-0000-0000-0000-000000000011] 8/15 OK 42s docs=1 :: Grow Pediatric Dentistry
2026-07-04 15:02:21 [00000000-0000-0000-0000-000000000011] 9/15 OK 54s docs=16 :: Kohl's
2026-07-04 15:02:21 [00000000-0000-0000-0000-000000000011] 10/15 FAIL 0s :: PH Developers :: {"error":"No documents found for \"PH Developers\" at this property"}
2026-07-04 15:03:31 [00000000-0000-0000-0000-000000000011] 11/15 OK 59s docs=15 :: Qdoba
2026-07-04 15:04:16 [00000000-0000-0000-0000-000000000011] 12/15 OK 46s docs=9 :: Results Physiotherapy
2026-07-04 15:04:48 [00000000-0000-0000-0000-000000000011] 13/15 OK 32s docs=2 :: Starbuck's
2026-07-04 15:06:03 [00000000-0000-0000-0000-000000000011] 14/15 OK 75s docs=30 :: TJ Maxx
2026-07-04 15:06:04 [00000000-0000-0000-0000-000000000011] 15/15 FAIL 0s :: Tropical Smoothie Cafe' :: {"error":"No documents found for \"Tropical Smoothie Cafe'\" at this property"}
2026-07-04 15:06:14 batch complete
2026-07-04 15:17:06 [00000000-0000-0000-0000-000000000010] 37 tenants, 3 to generate
2026-07-04 15:18:09 [00000000-0000-0000-0000-000000000010] 1/3 OK 64s docs=21 :: AT AND T
2026-07-04 15:19:33 [00000000-0000-0000-0000-000000000010] 2/3 OK 83s docs=30 :: HomeGoods, Inc.
2026-07-04 15:20:24 [00000000-0000-0000-0000-000000000010] 3/3 OK 51s docs=8 :: Vida Dulce of Knightdale, Inc
2026-07-04 15:20:24 [00000000-0000-0000-0000-000000000011] 15 tenants, 3 to generate
2026-07-04 15:21:23 [00000000-0000-0000-0000-000000000011] 1/3 OK 59s docs=30 :: Academy, Ltd.
2026-07-04 15:21:23 [00000000-0000-0000-0000-000000000011] 2/3 FAIL 0s :: PH Developers :: {"error":"No documents found for \"PH Developers\" at this property"}
2026-07-04 15:22:23 [00000000-0000-0000-0000-000000000011] 3/3 OK 50s docs=15 :: Tropical Smoothie Cafe'
2026-07-04 15:22:23 batch complete
