2026-07-08 22:54:59 [s2] Verifying 21 of 86 unverified (shard 2/4)
2026-07-08 22:56:17 [s2] 1/21  78s :: Athlete's Foot
2026-07-08 22:57:34 [s2] 2/21  77s :: Vida Dulce of Knightdale, Inc
2026-07-08 22:59:48 [s2] 3/21  134s :: 100 Chiro Fehrman, LLC
2026-07-08 23:01:17 [s2] 4/21  89s :: HOMEGOODS  LLC 507
2026-07-08 23:02:43 [s2] 5/21  85s :: V NAIL BAR AND LASH INC
2026-07-08 23:04:44 [s2] 6/21  121s :: Destination XL
2026-07-08 23:06:27 [s2] 7/21  102s :: Warby Parker
2026-07-08 23:07:36 [s2] 8/21  69s :: SSI Greenville LLC
2026-07-08 23:08:55 [s2] 9/21  79s :: Arby's
2026-07-08 23:10:19 [s2] 10/21  84s :: Academy, Ltd.
2026-07-08 23:11:31 [s2] 11/21  73s :: Jersey Mike's Subs
2026-07-08 23:13:23 [s2] 12/21  112s :: Nordstrom Rack
2026-07-08 23:15:02 [s2] 13/21  99s :: Jared Galleria of Jewelry #2544
2026-07-08 23:16:36 [s2] 14/21  94s :: Kirklands #523
2026-07-08 23:17:50 [s2] 15/21  74s :: Wade Jurney Home
2026-07-08 23:19:19 [s2] 16/21  90s :: Wells Fargo
2026-07-08 23:20:31 [s2] 17/21  72s :: Target
2026-07-08 23:21:38 [s2] 18/21  66s :: Staples #4
2026-07-08 23:22:59 [s2] 19/21  81s :: BEV MAX LIQUORS
2026-07-08 23:24:42 [s2] 20/21  103s :: Yard House
2026-07-08 23:25:45 [s2] 21/21  63s :: Krispy Kreme
2026-07-08 23:25:45 [s2] batch complete - verified=0 issues=0 review=0 fail=0 of 21
2026-07-09 00:21:36 [s2] Verifying 24 of 98 unverified (shard 2/4)
2026-07-09 00:22:59 [s2] 1/24  84s :: Moe's Southwest Grill
2026-07-09 00:23:01 [s2] 2/24 FAIL http=500 1s :: Slice of NY Pizza :: 
2026-07-09 00:23:10 [s2] 3/24 FAIL http=500 1s :: Grow Pediatric Dentistry :: 
2026-07-09 00:23:19 [s2] 4/24 FAIL http=500 1s :: European Wax Center :: 
2026-07-09 00:23:28 [s2] 5/24 FAIL http=500 1s :: VISION WORLD :: 
2026-07-09 00:23:38 [s2] 6/24 FAIL http=500 1s :: Dave and Busters :: 
2026-07-09 00:23:47 [s2] 7/24 FAIL http=500 1s :: WHOLE FOODS 10483 :: 
2026-07-09 00:23:56 [s2] 8/24 FAIL http=500 1s :: Wild Wings Cafe :: 
2026-07-09 00:24:05 [s2] 9/24 FAIL http=500 1s :: Arby's :: 
2026-07-09 00:24:14 [s2] 10/24 FAIL http=500 2s :: Elements Therapeutic Mas :: 
2026-07-09 00:24:23 [s2] 11/24 FAIL http=500 1s :: DSW 29193 :: 
2026-07-09 00:24:33 [s2] 12/24 FAIL http=500 2s :: Nordstrom Rack :: 
2026-07-09 00:24:42 [s2] 13/24 FAIL http=500 1s :: Jared Galleria of Jewelry #2544 :: 
2026-07-09 00:24:52 [s2] 14/24 FAIL http=500 1s :: Kirklands #523 :: 
2026-07-09 00:25:02 [s2] 15/24 FAIL http=500 2s :: T-Mobile :: 
2026-07-09 00:25:11 [s2] 16/24 FAIL http=500 2s :: Avance Primary Care :: 
2026-07-09 00:25:20 [s2] 17/24 FAIL http=500 1s :: Starbuck's :: 
2026-07-09 00:25:30 [s2] 18/24 FAIL http=500 1s :: Mimosa Nail Spa :: 
2026-07-09 00:25:39 [s2] 19/24 FAIL http=500 1s :: Target :: 
2026-07-09 00:25:48 [s2] 20/24 FAIL http=500 1s :: KOHLS 397 :: 
2026-07-09 00:25:57 [s2] 21/24 FAIL http=500 1s :: Qdoba :: 
2026-07-09 00:26:07 [s2] 22/24 FAIL http=500 1s :: Rack Room Shoes #474 :: 
2026-07-09 00:26:16 [s2] 23/24 FAIL http=500 2s :: Woodhouse Day Spa :: 
2026-07-09 00:26:25 [s2] 24/24 FAIL http=500 1s :: Old Navy #4885 :: 
2026-07-09 00:26:34 [s2] batch complete - verified=0 issues=0 review=0 fail=23 of 24
2026-07-09 00:40:20 [s2] Verifying 23 of 92 unverified (shard 2/4)
2026-07-09 00:41:29 [s2] 1/23  69s :: Vida Dulce of Knightdale, Inc
2026-07-09 00:43:59 [s2] 2/23 FAIL http=504 150s :: JEMBRO/DAVES DOLLAR :: 
2026-07-09 00:45:13 [s2] 3/23  66s :: J. Crew
2026-07-09 00:46:28 [s2] 4/23  75s :: V NAIL BAR AND LASH INC
2026-07-09 00:47:53 [s2] 5/23  85s :: Bober Tea Greenville LLC
2026-07-09 00:49:26 [s2] 6/23  93s :: Warby Parker
2026-07-09 00:50:50 [s2] 7/23  85s :: SSI Greenville LLC
2026-07-09 00:52:15 [s2] 8/23  85s :: Batteries Plus Bulbs
2026-07-09 00:53:43 [s2] 9/23  88s :: PETSMART LLC#3279
2026-07-09 00:54:58 [s2] 10/23  75s :: US ALLIANCE FEDERAL CREDIT
2026-07-09 00:56:27 [s2] 11/23  89s :: BANK OF AMERICA PNY53240000
2026-07-09 00:57:16 [s2] 12/23  49s :: KPOT
2026-07-09 00:58:29 [s2] 13/23  73s :: Little Caesars
2026-07-09 00:59:51 [s2] 14/23  82s :: Visionworks
2026-07-09 01:01:01 [s2] 15/23  69s :: Best Buy
2026-07-09 01:02:39 [s2] 16/23  98s :: Tropical Smoothie Cafe'
2026-07-09 01:04:15 [s2] 17/23  96s :: BEV MAX LIQUORS
2026-07-09 01:05:53 [s2] 18/23  98s :: VITAMIN SHOPPE 39
2026-07-09 01:07:29 [s2] 19/23  96s :: Rainbow
2026-07-09 01:09:49 [s2] 20/23  140s :: Regal Cinemas
2026-07-09 01:10:59 [s2] 21/23  70s :: Results Physiotherapy
2026-07-09 01:12:37 [s2] 22/23  98s :: Elmer Swim School
2026-07-09 01:13:33 [s2] 23/23  56s :: Krispy Kreme
2026-07-09 01:13:33 [s2] batch complete - verified=0 issues=0 review=0 fail=1 of 23
