2026-07-08 22:54:57 [s1] Verifying 22 of 86 unverified (shard 1/4)
2026-07-08 22:55:56 [s1] 1/22  60s :: New Japanese Express
2026-07-08 22:57:12 [s1] 2/22  76s :: Sport Clips
2026-07-08 22:58:34 [s1] 3/22  82s :: AT AND T
2026-07-08 23:00:02 [s1] 4/22  88s :: CKE Fitness Corp
2026-07-08 23:01:13 [s1] 5/22  71s :: VISION WORLD
2026-07-08 23:02:23 [s1] 6/22  71s :: Dave and Busters
2026-07-08 23:03:28 [s1] 7/22  65s :: WHOLE FOODS 10483
2026-07-08 23:04:41 [s1] 8/22  73s :: Wild Wings Cafe
2026-07-08 23:06:03 [s1] 9/22  82s :: Cheddar's Casual Café #0202058
2026-07-08 23:07:14 [s1] 10/22  71s :: PETSMART LLC#3279
2026-07-08 23:08:19 [s1] 11/22  64s :: DSW 29193
2026-07-08 23:09:25 [s1] 12/22  67s :: Ross Dress for Less
2026-07-08 23:10:55 [s1] 13/22  89s :: Little Caesars
2026-07-08 23:11:55 [s1] 14/22  60s :: VERIZON 168503
2026-07-08 23:13:54 [s1] 15/22  119s :: Burlington Coat Factory
2026-07-08 23:15:15 [s1] 16/22  81s :: T-Mobile
2026-07-08 23:16:54 [s1] 17/22  99s :: Mimosa Nail Spa
2026-07-08 23:18:34 [s1] 18/22  100s :: TJ Maxx
2026-07-08 23:19:58 [s1] 19/22  84s :: Kirkland's
2026-07-08 23:20:57 [s1] 20/22  59s :: The Good Feet Store
2026-07-08 23:22:16 [s1] 21/22  80s :: Woodhouse Day Spa
2026-07-08 23:23:34 [s1] 22/22  77s :: TRIPODIS APPLIANCES
2026-07-08 23:23:34 [s1] batch complete - verified=0 issues=0 review=0 fail=0 of 22
2026-07-09 00:21:34 [s1] Verifying 25 of 98 unverified (shard 1/4)
2026-07-09 00:23:16 [s1] 1/25  102s :: Five Guys Burgers and Fries
2026-07-09 00:23:17 [s1] 2/25 FAIL http=500 1s :: HomeGoods, Inc. :: 
2026-07-09 00:23:26 [s1] 3/25 FAIL http=500 1s :: AT AND T :: 
2026-07-09 00:23:36 [s1] 4/25 FAIL http=500 1s :: Burlington Coat Factory :: 
2026-07-09 00:23:45 [s1] 5/25 FAIL http=500 1s :: Restore Hyper Wellness of Port Chester :: 
2026-07-09 00:23:54 [s1] 6/25 FAIL http=500 1s :: Bass Pro Shop :: 
2026-07-09 00:24:03 [s1] 7/25 FAIL http=500 1s :: Elase :: 
2026-07-09 00:24:12 [s1] 8/25 FAIL http=500 1s :: Golf Galaxy :: 
2026-07-09 00:24:21 [s1] 9/25 FAIL http=500 1s :: Cheddar's Casual Café #0202058 :: 
2026-07-09 00:24:31 [s1] 10/25 FAIL http=500 2s :: Another Broken Egg Café :: 
2026-07-09 00:24:40 [s1] 11/25 FAIL http=500 1s :: Academy, Ltd. :: 
2026-07-09 00:24:49 [s1] 12/25 FAIL http=500 1s :: Mattress Warehouse :: 
2026-07-09 00:24:59 [s1] 13/25 FAIL http=500 2s :: Blue Cross Blue Shield :: 
2026-07-09 00:25:09 [s1] 14/25 FAIL http=500 2s :: VERIZON 168503 :: 
2026-07-09 00:25:18 [s1] 15/25 FAIL http=500 1s :: Salt Grass :: 
2026-07-09 00:25:28 [s1] 16/25 FAIL http=500 1s :: Wade Jurney Home :: 
2026-07-09 00:25:37 [s1] 17/25 FAIL http=500 1s :: Embassy Nails :: 
2026-07-09 00:25:46 [s1] 18/25 FAIL http=500 1s :: Kirkland's :: 
2026-07-09 00:25:55 [s1] 19/25 FAIL http=500 1s :: Shake Shack New York LLC :: 
2026-07-09 00:26:04 [s1] 20/25 FAIL http=500 1s :: GNC :: 
2026-07-09 00:26:14 [s1] 21/25 FAIL http=500 1s :: Island Nails Spa :: 
2026-07-09 00:26:22 [s1] 22/25 FAIL http=500 1s :: The Good Feet Store :: 
2026-07-09 00:26:31 [s1] 23/25 FAIL http=500 1s :: Yard House :: 
2026-07-09 00:26:41 [s1] 24/25 FAIL http=500 1s :: ULTA 594 :: 
2026-07-09 00:26:50 [s1] 25/25 FAIL http=500 2s :: Bad Daddy's Burger Bar :: 
2026-07-09 00:26:58 [s1] batch complete - verified=0 issues=0 review=0 fail=24 of 25
2026-07-09 00:40:19 [s1] Verifying 23 of 92 unverified (shard 1/4)
2026-07-09 00:41:38 [s1] 1/23  79s :: Slice of NY Pizza
2026-07-09 00:43:40 [s1] 2/23  122s :: 100 Chiro Fehrman, LLC
2026-07-09 00:44:53 [s1] 3/23  73s :: Grow Pediatric Dentistry
2026-07-09 00:46:08 [s1] 4/23  75s :: VISION WORLD
2026-07-09 00:47:15 [s1] 5/23  67s :: Dave and Busters
2026-07-09 00:48:23 [s1] 6/23  68s :: WHOLE FOODS 10483
2026-07-09 00:49:28 [s1] 7/23  65s :: Wild Wings Cafe
2026-07-09 00:50:53 [s1] 8/23  85s :: Arby's
2026-07-09 00:52:27 [s1] 9/23  93s :: Elements Therapeutic Mas
2026-07-09 00:53:32 [s1] 10/23  66s :: DSW 29193
2026-07-09 00:55:23 [s1] 11/23  110s :: Nordstrom Rack
2026-07-09 00:57:11 [s1] 12/23  109s :: Jared Galleria of Jewelry #2544
2026-07-09 00:58:31 [s1] 13/23  79s :: Kirklands #523
2026-07-09 00:59:37 [s1] 14/23  66s :: T-Mobile
2026-07-09 01:00:50 [s1] 15/23  73s :: Avance Primary Care
2026-07-09 01:02:14 [s1] 16/23  84s :: Starbuck's
2026-07-09 01:03:33 [s1] 17/23  79s :: Club Pilates
2026-07-09 01:04:33 [s1] 18/23  60s :: Staples #4
2026-07-09 01:06:30 [s1] 19/23  116s :: Music and Arts
2026-07-09 01:08:02 [s1] 20/23  92s :: Select Comfort #10264
2026-07-09 01:09:09 [s1] 21/23  67s :: Michaels #6725
2026-07-09 01:11:03 [s1] 22/23  114s :: CONDADO TACOS 44, LLC
2026-07-09 01:12:21 [s1] 23/23  78s :: TRIPODIS APPLIANCES
2026-07-09 01:12:21 [s1] batch complete - verified=0 issues=0 review=0 fail=0 of 23
