2026-07-08 22:20:11 [s1] regen: 98 total older than 2026-07-09T12:00:00Z; this shard 1/4 handles 25
2026-07-08 22:21:17 [s1] 1/25 OK 66s docs= pdfs= :: AT AND T
2026-07-08 22:22:31 [s1] 2/25 OK 74s docs= pdfs= :: GNC
2026-07-08 22:23:49 [s1] 3/25 OK 77s docs= pdfs= :: Kay Jewelers
2026-07-08 22:25:19 [s1] 4/25 OK 90s docs= pdfs= :: Mattress Warehouse
2026-07-08 22:26:25 [s1] 5/25 OK 66s docs= pdfs= :: PETSMART LLC#3279
2026-07-08 22:27:37 [s1] 6/25 OK 72s docs= pdfs= :: Salt Grass
2026-07-08 22:28:39 [s1] 7/25 OK 62s docs= pdfs= :: T-Mobile
2026-07-08 22:29:59 [s1] 8/25 OK 80s docs= pdfs= :: Wells Fargo
2026-07-08 22:32:25 [s1] 9/25 OK 146s docs= pdfs= :: Burlington Coat Factory
2026-07-08 22:33:48 [s1] 10/25 OK 83s docs= pdfs= :: Qdoba
2026-07-08 22:35:49 [s1] 11/25 OK 121s docs= pdfs= :: Tropical Smoothie Cafe'
2026-07-08 22:37:04 [s1] 12/25 OK 75s docs= pdfs= :: Bass Pro Shop
2026-07-08 22:38:56 [s1] 13/25 OK 111s docs= pdfs= :: CONDADO TACOS 44, LLC
2026-07-08 22:39:59 [s1] 14/25 OK 63s docs= pdfs= :: Elements Therapeutic Mas
2026-07-08 22:41:04 [s1] 15/25 OK 65s docs= pdfs= :: Jared Galleria of Jewelry #2544
2026-07-08 22:42:15 [s1] 16/25 OK 71s docs= pdfs= :: Mimosa Nail Spa
2026-07-08 22:43:47 [s1] 17/25 OK 93s docs= pdfs= :: Regal Cinemas
2026-07-08 22:45:42 [s1] 18/25 OK 115s docs= pdfs= :: Veterinary Emergency Group, LLC
2026-07-08 22:47:01 [s1] 19/25 OK 79s docs= pdfs= :: Yard House
2026-07-08 22:48:09 [s1] 20/25 OK 68s docs= pdfs= :: CKE Fitness Corp
2026-07-08 22:49:12 [s1] 21/25 OK 63s docs= pdfs= :: J. Crew
2026-07-08 22:50:11 [s1] 22/25 OK 60s docs= pdfs= :: Restore Hyper Wellness of Port Chester
2026-07-08 22:51:14 [s1] 23/25 OK 63s docs= pdfs= :: TRIPODIS APPLIANCES
2026-07-08 22:52:12 [s1] 24/25 OK 58s docs= pdfs= :: VERIZON 168503
2026-07-08 22:53:18 [s1] 25/25 OK 66s docs= pdfs= :: WHOLE FOODS 10483
2026-07-08 22:53:18 [s1] regen batch complete
2026-07-08 23:47:36 [s1] regen: 98 total older than 2026-07-09T12:00:00Z; this shard 1/4 handles 25
2026-07-08 23:48:44 [s1] 1/25 OK 67s docs= pdfs= :: AT AND T
2026-07-08 23:49:51 [s1] 2/25 OK 68s docs= pdfs= :: GNC
2026-07-08 23:50:58 [s1] 3/25 OK 67s docs= pdfs= :: Kay Jewelers
2026-07-08 23:52:10 [s1] 4/25 OK 72s docs= pdfs= :: Mattress Warehouse
2026-07-08 23:53:07 [s1] 5/25 OK 57s docs= pdfs= :: PETSMART LLC#3279
2026-07-08 23:54:22 [s1] 6/25 OK 75s docs= pdfs= :: Salt Grass
2026-07-08 23:55:21 [s1] 7/25 OK 59s docs= pdfs= :: T-Mobile
2026-07-08 23:56:21 [s1] 8/25 OK 59s docs= pdfs= :: Wells Fargo
2026-07-08 23:58:40 [s1] 9/25 OK 140s docs= pdfs= :: Burlington Coat Factory
2026-07-09 00:00:15 [s1] 10/25 OK 95s docs= pdfs= :: Qdoba
2026-07-09 00:02:04 [s1] 11/25 OK 108s docs= pdfs= :: Tropical Smoothie Cafe'
2026-07-09 00:03:10 [s1] 12/25 OK 67s docs= pdfs= :: Bass Pro Shop
2026-07-09 00:05:08 [s1] 13/25 OK 118s docs= pdfs= :: CONDADO TACOS 44, LLC
2026-07-09 00:06:04 [s1] 14/25 OK 56s docs= pdfs= :: Elements Therapeutic Mas
2026-07-09 00:07:14 [s1] 15/25 OK 70s docs= pdfs= :: Jared Galleria of Jewelry #2544
2026-07-09 00:08:16 [s1] 16/25 OK 63s docs= pdfs= :: Mimosa Nail Spa
2026-07-09 00:09:35 [s1] 17/25 OK 79s docs= pdfs= :: Regal Cinemas
2026-07-09 00:11:12 [s1] 18/25 OK 98s docs= pdfs= :: Veterinary Emergency Group, LLC
2026-07-09 00:12:18 [s1] 19/25 OK 66s docs= pdfs= :: Yard House
2026-07-09 00:13:27 [s1] 20/25 OK 69s docs= pdfs= :: CKE Fitness Corp
2026-07-09 00:14:31 [s1] 21/25 OK 64s docs= pdfs= :: J. Crew
2026-07-09 00:15:29 [s1] 22/25 OK 57s docs= pdfs= :: Restore Hyper Wellness of Port Chester
2026-07-09 00:16:21 [s1] 23/25 OK 52s docs= pdfs= :: TRIPODIS APPLIANCES
2026-07-09 00:17:16 [s1] 24/25 OK 55s docs= pdfs= :: VERIZON 168503
2026-07-09 00:18:22 [s1] 25/25 OK 67s docs= pdfs= :: WHOLE FOODS 10483
2026-07-09 00:18:22 [s1] regen batch complete
