2026-07-04 22:59:45 regen: 43 abstracts total, 42 to regenerate (older than 2026-07-05T03:56:00Z)
2026-07-04 23:01:29 1/42 OK 104s docs=14 pdfs=5 :: [10] Arby's
2026-07-04 23:02:38 2/42 OK 69s docs=21 pdfs=5 :: [10] AT AND T
2026-07-04 23:03:16 3/42 OK 38s docs=1 pdfs=1 :: [10] Athlete's Foot
2026-07-04 23:04:58 4/42 OK 102s docs=11 pdfs=5 :: [10] Batteries Plus Bulbs
2026-07-04 23:06:44 5/42 OK 106s docs=16 pdfs=5 :: [10] Five Guys Burgers and Fries
2026-07-04 23:08:27 6/42 OK 103s docs=22 pdfs=5 :: [10] GNC
2026-07-04 23:10:57 7/42 FAIL 150s :: HomeGoods, Inc. :: {"code":"IDLE_TIMEOUT","message":"Request idle timeout limit (150s) reached"}
2026-07-04 23:12:34 8/42 OK 82s docs=16 pdfs=5 :: [10] Island Nails Spa
2026-07-04 23:14:16 9/42 OK 101s docs=11 pdfs=5 :: [10] Jersey Mike's Subs
2026-07-04 23:15:58 10/42 OK 102s docs=23 pdfs=5 :: [10] Kay Jewelers
2026-07-04 23:17:46 11/42 OK 108s docs=10 pdfs=5 :: [10] Kirklands #523
2026-07-04 23:18:41 12/42 OK 55s docs=13 pdfs=5 :: [10] Krispy Kreme
2026-07-04 23:20:23 13/42 OK 102s docs=11 pdfs=5 :: [10] Little Caesars
2026-07-04 23:21:55 14/42 OK 92s docs=12 pdfs=5 :: [10] Mattress Warehouse
2026-07-04 23:23:57 15/42 OK 123s docs=30 pdfs=5 :: [10] Michaels #6725
2026-07-04 23:25:40 16/42 OK 103s docs=10 pdfs=5 :: [10] Moe's Southwest Grill
2026-07-04 23:26:36 17/42 OK 55s docs=2 pdfs=2 :: [10] New Japanese Express
2026-07-04 23:28:30 18/42 OK 114s docs=30 pdfs=5 :: [10] PETSMART LLC#3279
2026-07-04 23:30:48 19/42 OK 138s docs=21 pdfs=5 :: [10] Rack Room Shoes #474
2026-07-04 23:33:03 20/42 OK 135s docs=22 pdfs=5 :: [10] Rainbow
2026-07-04 23:35:17 21/42 OK 134s docs=30 pdfs=5 :: [10] Ross Dress for Less
2026-07-04 23:36:11 22/42 OK 55s docs=4 pdfs=4 :: [10] Salt Grass
2026-07-04 23:37:33 23/42 OK 82s docs=13 pdfs=5 :: [10] Slice of NY Pizza
2026-07-04 23:39:08 24/42 OK 95s docs=11 pdfs=5 :: [10] Sport Clips
2026-07-04 23:40:47 25/42 OK 99s docs=12 pdfs=5 :: [10] Subway #37092
2026-07-04 23:42:32 26/42 OK 104s docs=20 pdfs=5 :: [10] T-Mobile
2026-07-04 23:43:47 27/42 OK 75s docs=8 pdfs=5 :: [10] Vida Dulce of Knightdale, Inc
2026-07-04 23:45:23 28/42 OK 96s docs=30 pdfs=5 :: [10] Visionworks
2026-07-04 23:46:38 29/42 OK 76s docs=12 pdfs=5 :: [10] Wade Jurney Home
2026-07-04 23:48:38 30/42 OK 120s docs=30 pdfs=5 :: [10] Wells Fargo
2026-07-04 23:49:24 31/42 OK 46s docs=3 pdfs=3 :: [11] Avance Primary Care
2026-07-04 23:51:06 32/42 OK 102s docs=30 pdfs=5 :: [11] Best Buy
2026-07-04 23:53:24 33/42 OK 138s docs=16 pdfs=5 :: [11] Burlington Coat Factory
2026-07-04 23:55:11 34/42 OK 107s docs=19 pdfs=5 :: [11] Embassy Nails
2026-07-04 23:56:56 35/42 OK 106s docs=9 pdfs=5 :: [11] European Wax Center
2026-07-04 23:58:06 36/42 OK 69s docs=1 pdfs=1 :: [11] Grow Pediatric Dentistry
2026-07-04 23:59:38 37/42 OK 93s docs=15 pdfs=5 :: [11] Qdoba
2026-07-05 00:00:31 38/42 OK 52s docs=9 pdfs=5 :: [11] Results Physiotherapy
2026-07-05 00:02:46 39/42 OK 135s docs=30 pdfs=2 :: [11] Starbuck's
2026-07-05 00:04:57 40/42 OK 132s docs=30 pdfs=5 :: [11] TJ Maxx
2026-07-05 00:06:51 41/42 OK 113s docs=15 pdfs=5 :: [11] Tropical Smoothie Cafe'
2026-07-05 00:08:43 42/42 OK 113s docs=17 pdfs=5 :: [84] KOHLS 397
2026-07-05 00:08:43 regen batch complete
2026-07-08 21:49:17 regen: 98 abstracts total, 98 to regenerate (older than 2026-07-09T12:00:00Z)
2026-07-08 21:50:35 1/98 OK 78s docs= pdfs= :: Arby's
2026-07-08 21:51:45 2/98 OK 70s docs= pdfs= :: AT AND T
2026-07-08 21:52:51 3/98 OK 66s docs= pdfs= :: Athlete's Foot
2026-07-08 21:54:44 4/98 OK 113s docs= pdfs= :: Batteries Plus Bulbs
2026-07-08 21:56:37 5/98 OK 113s docs= pdfs= :: Five Guys Burgers and Fries
2026-07-08 21:57:51 6/98 OK 74s docs= pdfs= :: GNC
2026-07-08 21:59:02 7/98 OK 72s docs= pdfs= :: HomeGoods, Inc.
2026-07-08 22:00:28 8/98 OK 86s docs= pdfs= :: Island Nails Spa
2026-07-08 22:02:00 9/98 OK 92s docs= pdfs= :: Jersey Mike's Subs
2026-07-08 22:03:14 10/98 OK 74s docs= pdfs= :: Kay Jewelers
2026-07-08 22:05:05 11/98 OK 112s docs= pdfs= :: Kirklands #523
2026-07-08 22:06:09 12/98 OK 63s docs= pdfs= :: Krispy Kreme
2026-07-08 22:07:54 13/98 OK 106s docs= pdfs= :: Little Caesars
2026-07-08 22:09:25 14/98 OK 91s docs= pdfs= :: Mattress Warehouse
2026-07-08 22:10:42 15/98 OK 77s docs= pdfs= :: Michaels #6725
2026-07-08 22:12:19 16/98 OK 97s docs= pdfs= :: Moe's Southwest Grill
2026-07-08 22:13:48 17/98 OK 89s docs= pdfs= :: New Japanese Express
2026-07-08 22:14:56 18/98 OK 68s docs= pdfs= :: PETSMART LLC#3279
2026-07-08 22:16:10 19/98 OK 74s docs= pdfs= :: Rack Room Shoes #474
2026-07-08 22:18:40 20/98 FAIL http=504 150s :: Rainbow :: 
