2026-07-03 21:33:39 deadletter unique documents: 83 (from 118 entries)
2026-07-03 21:33:39 [gw] documents to split: 22
2026-07-03 21:33:40 [gw] split LSE-Whole_Foods__2-2-12_OCR -> 5 pieces
2026-07-03 21:33:47 [gw] split LSE-HomeGoods__1-4-11_OCR -> 9 pieces
2026-07-03 21:33:50 [gw] split LSE-Old_Navy__4-9-18_OCR -> 4 pieces
2026-07-03 21:34:00 [gw] split LSE-Cavco_Wellness__9-28-18_OCR -> 6 pieces
2026-07-03 21:34:07 [gw] split LSE-Ulta_Salon__4-13-12_OCR -> 4 pieces
2026-07-03 21:34:09 [gw] split LSE-F45_Port_Chester__1-25-18_OCR -> 4 pieces
2026-07-03 21:34:13 [gw] split PLAN-LL_Approval_Review__12-7-22_ -> 2 pieces
2026-07-03 21:34:23 [gw] split LSE_AGR-Target__6-15-20_OCR -> 8 pieces
2026-07-03 21:34:28 [gw] split LSE-Sally_Beauty_Supply__9-30-15_OCR -> 4 pieces
2026-07-03 21:34:30 [gw] split NTC-Notice_of_Possible_Assumption___Cure_Costs__12-20-24_ -> 6 pieces
2026-07-03 21:34:47 [gw] split LSE-Restore_Hyper_Wellness__10-31-23_OCR -> 5 pieces
2026-07-03 21:34:55 [gw] split LSE-M_Nail_Bar__4-2-24_OCR -> 4 pieces
2026-07-03 21:35:05 [gw] split Combined_Architectural -> 2 pieces
2026-07-03 21:35:08 [gw] split LSE-Embee_Stores__8-1-13_OCR -> 4 pieces
2026-07-03 21:35:12 [gw] split LSE-Warby_Parker__1-13-26_OCR -> 5 pieces
2026-07-03 21:35:16 [gw] split LSE-Jersey_Mike_s__11-14-25_OCR -> 4 pieces
2026-07-03 21:35:21 [gw] split LSE-DSW__7-24-13_OCR -> 6 pieces
2026-07-03 21:35:23 [gw] split LSE-EJKorvette__4-17-64_OCR -> 3 pieces
2026-07-03 21:35:28 [gw] split LSE-Bed_Bath_Beyond__2-17-11_OCR -> 5 pieces
2026-07-03 21:35:36 [gw] split LSE-Shake_Shack__9-2-22_ -> 6 pieces
2026-07-03 21:35:39 [gw] split LSE-Naya__5-26-26_OCR -> 4 pieces
2026-07-03 21:35:52 [gw] split LSE-J__Crew__3-7-23_OCR -> 4 pieces
2026-07-03 21:35:52 [mag] documents to split: 35
2026-07-03 21:35:55 [mag] split Net_Ground_LSE-Yard_House__10-17-13_OCR -> 3 pieces
2026-07-03 21:35:58 [mag] split LSE-Cheddar_s_Casual_Cafe__1-12-11_OCR -> 4 pieces
2026-07-03 21:36:03 [mag] split LTR_w_Financials-from_T-ASN__11-15-18_ -> 4 pieces
2026-07-03 21:36:07 [mag] split Motion-Store_Closing_Sales__1-23-18_ -> 4 pieces
2026-07-03 21:36:10 [mag] split Order_Approving_Procedures__12-13-16_ -> 4 pieces
2026-07-03 21:36:12 [mag] split LSE-Nordstrom_Rack__11-4-13_OCR -> 4 pieces
2026-07-03 21:36:15 [mag] split Motion_Debtors-Approving_Sale_Procedures__11-22-16_ -> 5 pieces
2026-07-03 21:36:18 [mag] split LSE-HuHot__2-27-14_OCR -> 2 pieces
2026-07-03 21:36:26 [mag] split App___Affidavit-Collection_of_Rent__1-7-20_ -> 3 pieces
2026-07-03 21:36:30 [mag] split LSE-100_Chiro_Fehrman__8-12-21_OCR -> 3 pieces
2026-07-03 21:36:32 [mag] split LSE-Casual_Male__11-6-13_OCR -> 3 pieces
2026-07-03 21:36:36 [mag] split LSE-Golfsmith_USA__4-22-13_OCR -> 4 pieces
2026-07-03 21:36:38 [mag] split LSE-Another_Broken_Egg__2-6-14_OCR -> 2 pieces
2026-07-03 21:36:43 [mag] split LSE-Pier_1_Imports__4-15-14_OCR -> 3 pieces
2026-07-03 21:36:48 [mag] split LSE-Urban_Air__5-17-19_OCR -> 4 pieces
2026-07-03 21:36:51 [mag] split LTR-ApplePie-Tenant_Eviction__3-21-24_ -> 4 pieces
2026-07-03 21:36:53 [mag] split LSE-Elements__12-9-11_OCR -> 2 pieces
2026-07-03 21:37:00 [mag] split Ground_LSE-Cabelas__1-10-13_OCR -> 6 pieces
2026-07-03 21:37:06 [mag] split 2532_D_B_GREENVILLE__SC_-_COVER_AND_GENERAL -> 1 pieces
2026-07-03 21:37:11 [mag] split MEM_of_Repurchase_Right2__12-31-03_ -> 9 pieces
2026-07-03 21:37:19 [mag] split App___Affidavit-Eviction__1-7-20_ -> 3 pieces
2026-07-03 21:37:20 [mag] split NTC-Confirmation_Order__6-28-23_ -> 7 pieces
2026-07-03 21:37:22 [mag] split LSE-Humana__12-15-15_OCR -> 3 pieces
2026-07-03 21:37:27 [mag] split LSE-Woodhouse_Day_Spa__2-25-19_OCR -> 4 pieces
2026-07-03 21:37:31 [mag] split LSE-Crab_Du_Jour__3-25-21_OCR -> 3 pieces
2026-07-03 21:37:35 [mag] split LSE-Toys_R_Us__10-7-11_OCR -> 5 pieces
2026-07-03 21:37:39 [mag] split Certification_of_Counsel__12-12-16_ -> 6 pieces
2026-07-03 21:37:51 [mag] split LSE-Veterinary_Emergency_Group__11-21-22_OCR -> 3 pieces
2026-07-03 21:37:56 [mag] split Proof_of_Claim-Pier_1 -> 3 pieces
2026-07-03 21:37:58 [mag] split LSE-Toby_Keiths__10-9-12_OCR -> 2 pieces
2026-07-03 21:38:02 [mag] split LSE-IKEA__2-24-26_OCR -> 3 pieces
2026-07-03 21:38:07 [mag] split LSE-Dave___Busters__6-29-12_OCR -> 3 pieces
2026-07-03 21:38:11 [mag] split LSE-Cobb_Theatres__2-7-97_OCR -> 3 pieces
2026-07-03 21:38:15 [mag] split LSE-Good_Feet_Store__9-4-18_OCR -> 4 pieces
2026-07-03 21:38:21 [mag] split LSE-Kirklands__2-2-17_OCR -> 5 pieces
2026-07-03 21:38:21 [kme] documents to split: 15
2026-07-03 21:38:23 [kme] split Defendant-Appellee_s_Answer_Affirmative_Defenses__Counterclaims__file-stamped_ -> 4 pieces
2026-07-03 21:38:29 [kme] split Ground_LSE-Chick-Fil-A__2-13-06_OCR -> 4 pieces
2026-07-03 21:38:35 [kme] split LSE-OfficeMax__6-24-05_OCR -> 7 pieces
2026-07-03 21:38:40 [kme] split LSE-GNC__6-18-07_OCR -> 2 pieces
2026-07-03 21:38:46 [kme] split Ferguson-Plumbing_O_M_Manauls -> 4 pieces
2026-07-03 21:38:59 [kme] split LSE-HomeGoods__1-11-24_OCR -> 4 pieces
2026-07-03 21:39:02 [kme] split Ferguson_Plumbing_O_M_Manauls -> 4 pieces
2026-07-03 21:39:04 [kme] split LSE-PetSmart__8-25-22_ -> 4 pieces
2026-07-03 21:39:06 [kme] split Ground_LSE-Arbys__6-13-06_OCR -> 3 pieces
2026-07-03 21:39:10 [kme] split LSE-Little_Caesars__6-30-14_OCR -> 2 pieces
2026-07-03 21:39:12 [kme] split LSE-Athlete_s_Foot__8-17-07_OCR -> 2 pieces
2026-07-03 21:39:20 [kme] split LSE-Michael_s_Store__5-20-05_OCR -> 7 pieces
2026-07-03 21:39:25 [kme] split LSE-Ross__12-6-05_OCR -> 7 pieces
2026-07-03 21:39:27 [kme] split LSE-Sterling_Jewelers__8-11-16_OCR -> 2 pieces
2026-07-03 21:39:34 [kme] split LSE-Barnes___Noble__1-9-26_ -> 5 pieces
2026-07-03 21:39:34 [kmw] documents to split: 9
2026-07-03 21:39:38 [kmw] split LSE-Dicks_Sporting_Goods__8-27-07_OCR -> 4 pieces
2026-07-03 21:39:41 [kmw] split LSE-TJ_Maxx__11-26-07_OCR -> 3 pieces
2026-07-03 21:39:46 [kmw] split LSE-Starbucks__8-11-15_OCR -> 4 pieces
2026-07-03 21:39:52 [kmw] split LSE-PetSmart__5-16-08_OCR -> 4 pieces
2026-07-03 21:39:53 [kmw] split LSE-Academy__5-22-23_OCR -> 4 pieces
2026-07-03 21:40:07 [kmw] split LSE-Results_Physiotherapy__2-15-19_OCR -> 2 pieces
2026-07-03 21:40:13 [kmw] split MEM_of_LSE-PetSmart__5-16-08_OCR -> 4 pieces
2026-07-03 21:40:16 [kmw] split LSE-Burlington_Coat_Factory__4-16-24_OCR -> 5 pieces
2026-07-03 21:40:20 [kmw] split LSE-Best_Buy__3-27-07_OCR -> 3 pieces
2026-07-03 21:40:20 [gw] ingest starting
2026-07-03 21:52:20 [gw] ingest done
2026-07-03 21:52:20 [mag] ingest starting
2026-07-03 21:54:42 [mag] ingest done
2026-07-03 21:54:42 [kme] ingest starting
2026-07-03 21:55:46 [kme] ingest done
2026-07-03 21:55:46 [kmw] ingest starting
2026-07-03 21:56:22 [kmw] ingest done
2026-07-03 21:56:22 deadletter recovery complete
