2026-07-08 00:04:15 [ocr s1] corpus target: 9560 docs
2026-07-08 00:04:33 [ocr s1] skip set (has text / done): 5789 - OCR targets the rest
2026-07-08 00:04:34 [ocr s1] done=53 OK 1s too-large 327 pg (proc=1 chunks=0 big=1 empty=0 fail=0)
2026-07-08 00:09:52 [ocr s1] done=161 OK 1s too-large 107 pg (proc=9 chunks=105 big=2 empty=0 fail=0)
2026-07-08 00:14:01 [ocr s1] done=225 OK 106s 33 chunks TRUNC (proc=20 chunks=169 big=2 empty=1 fail=0)
2026-07-08 00:22:52 [ocr s1] done=425 OK 12s 1 chunks (proc=40 chunks=312 big=2 empty=2 fail=0)
2026-07-08 00:23:26 [ocr s1] done=465 OK 1s too-large 169 pg (proc=44 chunks=318 big=3 empty=2 fail=0)
2026-07-08 00:28:25 [ocr s1] idx=525 FAIL 4s :: 0da45a39-d1c9-4eca-adcf-b2ce04983dc1 :: {"code":"WORKER_RESOURCE_LIMIT","message":"Function failed due to not having enough compute resources (please check logs)"}
2026-07-08 00:33:11 [ocr s1] done=601 OK 21s 5 chunks (proc=60 chunks=497 big=3 empty=3 fail=1)
2026-07-08 00:35:14 [ocr s1] idx=645 FAIL 2s :: 10f5d5f6-0a8f-4d44-a494-31a9d168b98c :: {"code":"WORKER_RESOURCE_LIMIT","message":"Function failed due to not having enough compute resources (please check logs)"}
2026-07-08 00:45:33 [ocr s1] done=785 OK 15s 4 chunks (proc=80 chunks=693 big=3 empty=4 fail=2)
2026-07-08 00:46:33 [ocr s1] idx=861 FAIL 2s :: 16b56620-49c6-4e67-9b67-b4fab5dcf696 :: {"error":"OCR API error: {\"error\":{\"type\":\"request_too_large\",\"message\":\"Request exceeds the maximum size\"}}"}
2026-07-08 00:56:20 [ocr s1] done=1065 OK 3s 1 chunks (proc=100 chunks=894 big=3 empty=4 fail=3)
2026-07-08 01:04:48 [ocr s1] done=1189 OK 7s 1 chunks (proc=120 chunks=1036 big=3 empty=4 fail=3)
2026-07-08 01:17:26 [ocr s1] done=1433 OK 23s 10 chunks (proc=140 chunks=1248 big=3 empty=5 fail=3)
2026-07-08 01:26:04 [ocr s1] done=1661 OK 11s 2 chunks (proc=160 chunks=1389 big=3 empty=5 fail=3)
2026-07-08 01:34:58 [ocr s1] done=1917 OK 98s 30 chunks (proc=180 chunks=1529 big=3 empty=5 fail=3)
2026-07-08 01:44:09 [ocr s1] idx=2061 FAIL 15s :: 37516bbf-2071-4065-babf-c70d6af32cb3 :: {"error":"OCR API error: {\"type\":\"error\",\"error\":{\"type\":\"invalid_request_error\",\"message\":\"prompt is too long: 211357 tokens > 200000 maximum\"},\"request_id\":\"req_011Ccp8vzpYKaUmrfxir
2026-07-08 01:46:20 [ocr s1] done=2137 OK 14s 2 chunks (proc=200 chunks=1726 big=3 empty=7 fail=4)
2026-07-08 01:54:58 [ocr s1] done=2361 OK 14s 3 chunks (proc=220 chunks=1885 big=3 empty=7 fail=4)
2026-07-08 02:05:44 [ocr s1] done=2553 OK 99s 34 chunks TRUNC (proc=240 chunks=2064 big=3 empty=8 fail=4)
2026-07-08 02:16:22 [ocr s1] done=2725 OK 10s 2 chunks (proc=260 chunks=2243 big=3 empty=9 fail=4)
2026-07-08 02:24:28 [ocr s1] done=2905 OK 25s 6 chunks (proc=280 chunks=2356 big=3 empty=10 fail=4)
2026-07-08 02:29:20 [ocr s1] done=3017 OK 1s too-large 169 pg (proc=288 chunks=2433 big=4 empty=10 fail=4)
2026-07-08 02:32:50 [ocr s1] done=3157 OK 19s 5 chunks (proc=300 chunks=2494 big=4 empty=11 fail=4)
2026-07-08 02:38:51 [ocr s1] done=3369 OK 60s 16 chunks (proc=320 chunks=2579 big=4 empty=12 fail=4)
2026-07-08 02:50:54 [ocr s1] done=3573 OK 77s 28 chunks TRUNC (proc=340 chunks=2781 big=4 empty=12 fail=4)
2026-07-08 03:00:27 [ocr s1] done=3749 OK 15s 4 chunks (proc=360 chunks=2933 big=4 empty=12 fail=4)
2026-07-08 03:10:41 [ocr s1] done=3913 OK 31s 8 chunks (proc=380 chunks=3092 big=4 empty=13 fail=4)
2026-07-08 03:22:54 [ocr s1] done=4181 OK 91s 26 chunks TRUNC (proc=400 chunks=3288 big=4 empty=14 fail=4)
2026-07-08 03:31:53 [ocr s1] done=4377 OK 9s 1 chunks (proc=420 chunks=3435 big=4 empty=16 fail=4)
2026-07-08 03:39:10 [ocr s1] done=4577 OK 13s 2 chunks (proc=440 chunks=3539 big=4 empty=16 fail=4)
2026-07-08 03:51:28 [ocr s1] done=4753 OK 88s 33 chunks TRUNC (proc=460 chunks=3748 big=4 empty=17 fail=4)
2026-07-08 04:02:21 [ocr s1] done=4957 OK 16s 3 chunks (proc=480 chunks=3916 big=4 empty=17 fail=4)
2026-07-08 04:15:31 [ocr s1] done=5173 OK 21s 5 chunks (proc=500 chunks=4131 big=4 empty=18 fail=4)
2026-07-08 04:24:02 [ocr s1] done=5365 OK 12s 2 chunks (proc=520 chunks=4270 big=4 empty=18 fail=4)
2026-07-08 04:35:26 [ocr s1] done=5561 OK 9s 2 chunks (proc=540 chunks=4465 big=4 empty=19 fail=4)
2026-07-08 04:39:52 [ocr s1] done=5637 OK 1s too-large 243 pg (proc=549 chunks=4536 big=5 empty=19 fail=4)
2026-07-08 04:44:24 [ocr s1] done=5757 OK 14s 3 chunks (proc=560 chunks=4606 big=5 empty=19 fail=4)
2026-07-08 04:47:41 [ocr s1] idx=5801 FAIL 6s :: 9c2ac35d-b8bb-420a-b823-daae0af1fb9d :: {"code":"WORKER_RESOURCE_LIMIT","message":"Function failed due to not having enough compute resources (please check logs)"}
2026-07-08 04:54:21 [ocr s1] done=5957 OK 84s 28 chunks TRUNC (proc=580 chunks=4767 big=5 empty=19 fail=5)
2026-07-08 05:04:22 [ocr s1] done=6177 OK 13s 3 chunks (proc=600 chunks=4924 big=5 empty=20 fail=5)
2026-07-08 05:12:58 [ocr s1] done=6381 OK 16s 4 chunks (proc=620 chunks=5055 big=5 empty=21 fail=5)
2026-07-08 05:20:31 [ocr s1] done=6501 OK 1s too-large 116 pg (proc=632 chunks=5191 big=6 empty=21 fail=5)
2026-07-08 05:21:12 [ocr s1] done=6537 OK 1s too-large 111 pg (proc=636 chunks=5199 big=7 empty=21 fail=5)
2026-07-08 05:24:33 [ocr s1] done=6561 OK 98s 30 chunks TRUNC (proc=640 chunks=5258 big=7 empty=21 fail=5)
2026-07-08 05:34:44 [ocr s1] done=6729 OK 6s 1 chunks (proc=660 chunks=5428 big=7 empty=21 fail=5)
2026-07-08 05:48:48 [ocr s1] done=6957 OK 35s 8 chunks (proc=680 chunks=5652 big=7 empty=21 fail=5)
2026-07-08 06:01:34 [ocr s1] done=7169 OK 28s 10 chunks (proc=700 chunks=5875 big=7 empty=21 fail=5)
2026-07-08 06:14:59 [ocr s1] done=7353 OK 46s 14 chunks (proc=720 chunks=6102 big=7 empty=22 fail=5)
2026-07-08 06:25:24 [ocr s1] done=7573 OK 11s 2 chunks (proc=740 chunks=6275 big=7 empty=22 fail=5)
2026-07-08 06:33:13 [ocr s1] done=7717 OK 8s too-large 122 pg (proc=753 chunks=6421 big=8 empty=22 fail=5)
2026-07-08 06:34:49 [ocr s1] done=7773 OK 16s 2 chunks (proc=760 chunks=6443 big=8 empty=22 fail=5)
2026-07-08 06:45:56 [ocr s1] done=7961 OK 113s 30 chunks TRUNC (proc=780 chunks=6618 big=8 empty=22 fail=5)
2026-07-08 06:58:02 [ocr s1] done=8221 OK 37s 10 chunks (proc=800 chunks=6807 big=8 empty=22 fail=5)
2026-07-08 07:05:09 [ocr s1] done=8381 OK 7s 1 chunks (proc=820 chunks=6911 big=8 empty=22 fail=5)
2026-07-08 07:14:12 [ocr s1] done=8625 OK 42s 10 chunks (proc=840 chunks=7054 big=8 empty=22 fail=5)
2026-07-08 07:22:26 [ocr s1] done=8817 OK 42s 13 chunks (proc=860 chunks=7201 big=8 empty=23 fail=5)
2026-07-08 07:33:38 [ocr s1] done=9001 OK 13s 2 chunks (proc=880 chunks=7386 big=8 empty=24 fail=5)
2026-07-08 07:40:19 [ocr s1] done=9253 OK 22s 5 chunks (proc=900 chunks=7478 big=8 empty=25 fail=5)
2026-07-08 07:48:40 [ocr s1] done=9441 OK 100s 26 chunks (proc=920 chunks=7589 big=8 empty=25 fail=5)
2026-07-08 07:53:23 [ocr s1] OCR SHARD DONE: processed=930, text chunks=7658, too-large=8, empty=25, failed=5
2026-07-08 23:27:54 [ocr s1] corpus target: 9987 docs
2026-07-08 23:28:14 [ocr s1] skip set (has text / done): 9787 - OCR targets the rest
2026-07-08 23:29:19 [ocr s1] idx=553 FAIL 3s :: 0da45a39-d1c9-4eca-adcf-b2ce04983dc1 :: {"code":"WORKER_RESOURCE_LIMIT","message":"Function failed due to not having enough compute resources (please check logs)"}
2026-07-08 23:29:21 [ocr s1] idx=631 FAIL 2s :: 0fa2dd72-5db8-468e-bd2c-96186d5e574b :: {"error":"OCR API error: {\"error\":{\"type\":\"request_too_large\",\"message\":\"Request exceeds the maximum size\"}}"}
2026-07-08 23:32:30 [ocr s1] idx=1222 FAIL 30s :: 1f3a2635-8970-4eb0-8ae3-c84dd351a809 :: {"error":"OCR API error: {\"type\":\"error\",\"error\":{\"type\":\"invalid_request_error\",\"message\":\"Output blocked by content filtering policy\"},\"request_id\":\"req_011CcqrghoMo4F6p7mg1X8T2\"}"
2026-07-08 23:34:03 [ocr s1] idx=2287 FAIL 3s :: 3a42cb5f-5011-4706-8a61-b1edf4f85e28 :: {"code":"WORKER_RESOURCE_LIMIT","message":"Function failed due to not having enough compute resources (please check logs)"}
2026-07-08 23:38:58 [ocr s1] done=3862 OK 13s 3 chunks (proc=20 chunks=178 big=0 empty=0 fail=4)
2026-07-08 23:46:30 [ocr s1] done=6766 OK 35s 10 chunks (proc=40 chunks=312 big=0 empty=0 fail=4)
2026-07-09 01:16:38 [ocr s1] corpus target: 9987 docs
2026-07-09 01:16:56 [ocr s1] skip set (has text / done): 9886 - OCR targets the rest
2026-07-09 01:16:59 [ocr s1] idx=553 FAIL 3s :: 0da45a39-d1c9-4eca-adcf-b2ce04983dc1 :: {"code":"WORKER_RESOURCE_LIMIT","message":"Function failed due to not having enough compute resources (please check logs)"}
2026-07-09 01:17:01 [ocr s1] idx=631 FAIL 2s :: 0fa2dd72-5db8-468e-bd2c-96186d5e574b :: {"error":"OCR API error: {\"error\":{\"type\":\"request_too_large\",\"message\":\"Request exceeds the maximum size\"}}"}
2026-07-09 01:17:35 [ocr s1] idx=1222 FAIL 34s :: 1f3a2635-8970-4eb0-8ae3-c84dd351a809 :: {"error":"OCR API error: {\"type\":\"error\",\"error\":{\"type\":\"invalid_request_error\",\"message\":\"Output blocked by content filtering policy\"},\"request_id\":\"req_011Ccqzh9kzqskebEBub392r\"}"
2026-07-09 01:17:39 [ocr s1] idx=2287 FAIL 3s :: 3a42cb5f-5011-4706-8a61-b1edf4f85e28 :: {"code":"WORKER_RESOURCE_LIMIT","message":"Function failed due to not having enough compute resources (please check logs)"}
2026-07-09 01:25:52 [ocr s1] OCR SHARD DONE: processed=15, text chunks=141, too-large=0, empty=0, failed=4
