2026-07-08 00:04:19 [ocr s3] corpus target: 9560 docs
2026-07-08 00:04:33 [ocr s3] skip set (has text / done): 5789 - OCR targets the rest
2026-07-08 00:06:50 [ocr s3] done=127 OK 1s too-large 116 pg (proc=6 chunks=35 big=1 empty=0 fail=0)
2026-07-08 00:15:31 [ocr s3] done=319 OK 9s 2 chunks (proc=20 chunks=181 big=1 empty=0 fail=0)
2026-07-08 00:23:54 [ocr s3] done=559 OK 46s 14 chunks (proc=40 chunks=323 big=1 empty=0 fail=0)
2026-07-08 00:24:52 [ocr s3] idx=599 FAIL 3s :: 0fa2dd72-5db8-468e-bd2c-96186d5e574b :: {"code":"WORKER_RESOURCE_LIMIT","message":"Function failed due to not having enough compute resources (please check logs)"}
2026-07-08 00:31:17 [ocr s3] done=779 OK 5s 1 chunks (proc=60 chunks=433 big=1 empty=0 fail=1)
2026-07-08 00:37:42 [ocr s3] idx=939 FAIL 2s :: 18c1b398-d7ad-433c-b3df-d43bdf8ab9ff :: {"code":"WORKER_RESOURCE_LIMIT","message":"Function failed due to not having enough compute resources (please check logs)"}
2026-07-08 00:38:10 [ocr s3] done=991 OK 18s 6 chunks (proc=80 chunks=542 big=1 empty=0 fail=2)
2026-07-08 00:46:46 [ocr s3] done=1195 OK 16s 3 chunks (proc=100 chunks=677 big=1 empty=0 fail=2)
2026-07-08 00:56:21 [ocr s3] done=1383 OK 15s 4 chunks (proc=120 chunks=838 big=1 empty=0 fail=2)
2026-07-08 01:06:53 [ocr s3] done=1587 OK 2s empty (proc=140 chunks=1031 big=1 empty=2 fail=2)
2026-07-08 01:12:28 [ocr s3] done=1707 OK 1s too-large 248 pg (proc=152 chunks=1118 big=2 empty=2 fail=2)
2026-07-08 01:16:01 [ocr s3] done=1779 OK 1s too-large 161 pg (proc=158 chunks=1177 big=3 empty=2 fail=2)
2026-07-08 01:17:44 [ocr s3] done=1807 OK 72s 22 chunks (proc=160 chunks=1207 big=3 empty=2 fail=2)
2026-07-08 01:24:40 [ocr s3] done=2043 OK 26s 4 chunks (proc=180 chunks=1314 big=3 empty=3 fail=2)
2026-07-08 01:32:03 [ocr s3] done=2223 OK 20s 3 chunks (proc=200 chunks=1427 big=3 empty=4 fail=2)
2026-07-08 01:36:06 [ocr s3] done=2363 OK 1s too-large 192 pg (proc=216 chunks=1489 big=4 empty=5 fail=2)
2026-07-08 01:37:40 [ocr s3] done=2411 OK 21s 6 chunks (proc=220 chunks=1517 big=4 empty=6 fail=2)
2026-07-08 01:45:40 [ocr s3] done=2623 OK 7s 2 chunks (proc=240 chunks=1641 big=4 empty=6 fail=2)
2026-07-08 01:59:30 [ocr s3] done=2887 OK 17s 5 chunks (proc=260 chunks=1898 big=4 empty=6 fail=2)
2026-07-08 02:08:03 [ocr s3] done=3127 OK 41s 18 chunks (proc=280 chunks=2054 big=4 empty=6 fail=2)
2026-07-08 02:20:19 [ocr s3] done=3287 OK 102s 26 chunks (proc=300 chunks=2240 big=4 empty=6 fail=2)
2026-07-08 02:20:54 [ocr s3] idx=3311 FAIL 17s :: 58217b7e-5e64-40f2-9b8d-f6df6f6addd1 :: {"error":"OCR API error: {\"type\":\"error\",\"error\":{\"type\":\"invalid_request_error\",\"message\":\"prompt is too long: 213021 tokens > 200000 maximum\"},\"request_id\":\"req_011CcpBjJKmKBikeY18A
2026-07-08 02:29:58 [ocr s3] done=3523 OK 7s 1 chunks (proc=320 chunks=2396 big=4 empty=7 fail=3)
2026-07-08 02:33:03 [ocr s3] done=3591 OK 1s too-large 208 pg (proc=328 chunks=2443 big=5 empty=7 fail=3)
2026-07-08 02:36:23 [ocr s3] done=3747 OK 9s 2 chunks (proc=340 chunks=2488 big=5 empty=7 fail=3)
2026-07-08 02:36:38 [ocr s3] done=3759 OK 1s too-large 291 pg (proc=343 chunks=2490 big=6 empty=7 fail=3)
2026-07-08 02:40:50 [ocr s3] idx=3851 FAIL 12s :: 66514360-1ff1-4a5c-99c5-9cd30dee78b3 :: {"error":"OCR API error: {\"type\":\"error\",\"error\":{\"type\":\"invalid_request_error\",\"message\":\"prompt is too long: 209418 tokens > 200000 maximum\"},\"request_id\":\"req_011CcpDFpvisSg64hfwT
2026-07-08 02:44:38 [ocr s3] done=3895 OK 100s 31 chunks TRUNC (proc=360 chunks=2619 big=6 empty=7 fail=4)
2026-07-08 02:48:34 [ocr s3] done=3939 OK 1s too-large 171 pg (proc=366 chunks=2699 big=7 empty=8 fail=4)
2026-07-08 02:56:10 [ocr s3] done=4087 OK 32s 8 chunks (proc=380 chunks=2827 big=7 empty=9 fail=4)
2026-07-08 03:07:52 [ocr s3] done=4255 OK 101s 33 chunks (proc=400 chunks=3005 big=7 empty=9 fail=4)
2026-07-08 03:14:54 [ocr s3] done=4427 OK 22s 5 chunks (proc=420 chunks=3103 big=7 empty=10 fail=4)
2026-07-08 03:26:27 [ocr s3] done=4631 OK 26s 8 chunks (proc=440 chunks=3300 big=7 empty=11 fail=4)
2026-07-08 03:35:56 [ocr s3] idx=4791 FAIL 47s :: 8019bd73-3595-4a11-a0be-c5b13b8620b6 :: {"error":"OCR API error: {\"type\":\"error\",\"error\":{\"type\":\"invalid_request_error\",\"message\":\"Output blocked by content filtering policy\"},\"request_id\":\"req_011CcpHQvckKerfcfhPJPmLJ\"}"
2026-07-08 03:39:14 [ocr s3] done=4839 OK 109s 18 chunks TRUNC (proc=460 chunks=3488 big=7 empty=11 fail=5)
2026-07-08 03:40:08 [ocr s3] done=4863 OK 2s too-large 248 pg (proc=465 chunks=3500 big=8 empty=11 fail=5)
2026-07-08 03:46:57 [ocr s3] done=4987 OK 11s 1 chunks (proc=480 chunks=3610 big=8 empty=11 fail=5)
2026-07-08 03:59:56 [ocr s3] done=5251 OK 11s 2 chunks (proc=500 chunks=3831 big=8 empty=13 fail=5)
2026-07-08 04:08:47 [ocr s3] done=5395 OK 122s 29 chunks TRUNC (proc=520 chunks=3960 big=8 empty=14 fail=5)
2026-07-08 04:18:32 [ocr s3] idx=5555 FAIL 10s :: 956455d3-1b5f-42f9-b6a1-e998bc9cf681 :: {"error":"OCR API error: {\"type\":\"error\",\"error\":{\"type\":\"api_error\",\"message\":\"Internal server error\"},\"request_id\":\"req_011CcpLi8p3VWDcpaaVCDHPR\"}"}
2026-07-08 04:21:44 [ocr s3] done=5611 OK 16s 4 chunks (proc=540 chunks=4163 big=8 empty=14 fail=6)
2026-07-08 04:29:00 [ocr s3] done=5891 OK 10s 2 chunks (proc=560 chunks=4266 big=8 empty=14 fail=6)
2026-07-08 04:37:42 [ocr s3] done=6099 OK 1s too-large 137 pg (proc=578 chunks=4410 big=9 empty=15 fail=6)
2026-07-08 04:39:04 [ocr s3] done=6127 OK 8s 2 chunks (proc=580 chunks=4433 big=9 empty=15 fail=6)
2026-07-08 04:45:29 [ocr s3] idx=6347 FAIL 2s :: ab09fdc3-b508-4595-bc7a-24843e000d6d :: {"error":"OCR API error: {\"type\":\"error\",\"error\":{\"type\":\"invalid_request_error\",\"message\":\"prompt is too long: 209418 tokens > 200000 maximum\"},\"request_id\":\"req_011CcpNmsFkmwZ6hXhA1
2026-07-08 04:46:35 [ocr s3] done=6439 OK 17s 4 chunks (proc=600 chunks=4552 big=9 empty=15 fail=7)
2026-07-08 04:56:44 [ocr s3] done=6619 OK 8s 1 chunks (proc=620 chunks=4719 big=9 empty=15 fail=7)
2026-07-08 05:05:38 [ocr s3] done=6867 OK 1s too-large 291 pg (proc=639 chunks=4854 big=10 empty=16 fail=7)
2026-07-08 05:05:47 [ocr s3] done=6875 OK 9s 2 chunks (proc=640 chunks=4856 big=10 empty=16 fail=7)
2026-07-08 05:15:22 [ocr s3] done=7047 OK 17s 4 chunks (proc=660 chunks=5007 big=10 empty=16 fail=7)
2026-07-08 05:23:32 [ocr s3] done=7287 OK 3s empty (proc=680 chunks=5140 big=10 empty=18 fail=7)
2026-07-08 05:23:33 [ocr s3] done=7291 OK 1s too-large 102 pg (proc=681 chunks=5140 big=11 empty=18 fail=7)
2026-07-08 05:30:43 [ocr s3] done=7515 OK 20s 6 chunks (proc=700 chunks=5253 big=11 empty=18 fail=7)
2026-07-08 05:41:32 [ocr s3] done=7683 OK 4s 1 chunks (proc=720 chunks=5429 big=11 empty=19 fail=7)
2026-07-08 05:49:51 [ocr s3] idx=7835 FAIL 1s :: d2111b92-5de6-4442-8840-2c3be38192ce :: {"error":"Storage download failed: Object not found"}
2026-07-08 05:50:30 [ocr s3] done=7863 OK 8s 2 chunks (proc=740 chunks=5573 big=11 empty=19 fail=8)
2026-07-08 06:01:01 [ocr s3] done=8039 OK 50s 15 chunks (proc=760 chunks=5748 big=11 empty=20 fail=8)
2026-07-08 06:09:21 [ocr s3] done=8287 OK 15s 3 chunks (proc=780 chunks=5877 big=11 empty=20 fail=8)
2026-07-08 06:10:06 [ocr s3] done=8315 OK 1s too-large 249 pg (proc=784 chunks=5887 big=12 empty=20 fail=8)
2026-07-08 06:19:45 [ocr s3] done=8467 OK 6s 1 chunks (proc=800 chunks=6042 big=12 empty=20 fail=8)
2026-07-08 06:28:34 [ocr s3] done=8655 OK 10s 2 chunks (proc=820 chunks=6193 big=12 empty=20 fail=8)
2026-07-08 06:44:39 [ocr s3] done=8807 OK 45s 14 chunks (proc=840 chunks=6482 big=12 empty=20 fail=8)
2026-07-08 06:57:25 [ocr s3] done=9055 OK 6s empty (proc=860 chunks=6705 big=12 empty=22 fail=8)
2026-07-08 07:07:56 [ocr s3] done=9223 OK 94s 16 chunks TRUNC (proc=880 chunks=6859 big=12 empty=22 fail=8)
2026-07-08 07:18:19 [ocr s3] done=9423 OK 13s 2 chunks (proc=900 chunks=7031 big=12 empty=23 fail=8)
2026-07-08 07:26:41 [ocr s3] OCR SHARD DONE: processed=915, text chunks=7178, too-large=12, empty=23, failed=8
