2026-07-06 23:31:49 [s2] corpus target: 9560 docs mirrored to storage
2026-07-06 23:31:50 [s2] skip set (already text-indexed / done): 38
2026-07-06 23:33:00 [s2] #98 OK 2s 3 chunks (proc=25 chunks=412 ocr=8 big=0 fail=0)
2026-07-06 23:33:43 [s2] #174 OK 1s too-large(163pg) (proc=44 chunks=480 ocr=17 big=1 fail=0)
2026-07-06 23:34:02 [s2] #186 FAIL 15s :: 04f9b8a7-137f-4a44-802e-9005a0ad3df2 :: {"error":"text chunk insert failed: canceling statement due to statement timeout"}
2026-07-06 23:34:16 [s2] #190 FAIL 14s :: 050b85ae-a494-4e85-8948-928be691dfc1 :: {"error":"text chunk insert failed: canceling statement due to statement timeout"}
2026-07-06 23:34:25 [s2] #206 OK 1s needs-ocr (proc=50 chunks=485 ocr=21 big=1 fail=2)
2026-07-06 23:35:37 [s2] #306 OK 1s needs-ocr (proc=75 chunks=733 ocr=33 big=1 fail=2)
2026-07-06 23:36:28 [s2] #402 OK 2s too-large(159pg) (proc=99 chunks=901 ocr=41 big=2 fail=2)
2026-07-06 23:36:31 [s2] #406 OK 2s 2 chunks (proc=100 chunks=903 ocr=41 big=2 fail=2)
2026-07-06 23:36:36 [s2] #418 OK 2s too-large(124pg) (proc=103 chunks=910 ocr=42 big=3 fail=2)
2026-07-06 23:37:23 [s2] #506 OK 1s needs-ocr (proc=125 chunks=953 ocr=52 big=3 fail=2)
2026-07-06 23:38:52 [s2] #606 OK 3s 3 chunks (proc=150 chunks=1497 ocr=63 big=3 fail=2)
2026-07-06 23:39:19 [s2] #630 FAIL 12s :: 109b95a4-d29f-443c-a2b5-cbc8c4baed62 :: {"error":"text chunk insert failed: canceling statement due to statement timeout"}
2026-07-06 23:39:44 [s2] #682 FAIL 4s :: 121d4acb-d9aa-4295-a822-564f01739ed4 :: {"code":"WORKER_RESOURCE_LIMIT","message":"Function failed due to not having enough compute resources (please check logs)"}
2026-07-06 23:40:06 [s2] #714 OK 6s 10 chunks (proc=175 chunks=1580 ocr=74 big=3 fail=4)
2026-07-06 23:40:47 [s2] #762 FAIL 5s :: 1418600c-6f11-484f-921d-1c92f52eb9aa :: {"code":"WORKER_RESOURCE_LIMIT","message":"Function failed due to not having enough compute resources (please check logs)"}
2026-07-06 23:41:24 [s2] #794 FAIL 14s :: 14e302c7-d9c0-4f72-96f2-6e86eb2d4f2f :: {"error":"text chunk insert failed: canceling statement due to statement timeout"}
2026-07-06 23:41:45 [s2] #802 FAIL 13s :: 14f79ed2-3e21-49cf-a586-a601c05e4224 :: {"error":"text chunk insert failed: canceling statement due to statement timeout"}
2026-07-06 23:42:01 [s2] #826 OK 1s needs-ocr (proc=200 chunks=1711 ocr=83 big=3 fail=7)
2026-07-06 23:43:12 [s2] #926 OK 1s needs-ocr (proc=225 chunks=1788 ocr=94 big=3 fail=7)
2026-07-06 23:44:20 [s2] #1026 OK 3s 4 chunks (proc=250 chunks=1899 ocr=102 big=3 fail=7)
2026-07-06 23:45:23 [s2] #1126 OK 1s needs-ocr (proc=275 chunks=1955 ocr=114 big=3 fail=7)
2026-07-06 23:46:08 [s2] #1186 FAIL 12s :: 1fcc4f4d-8334-4ebf-9403-625387f9ebe8 :: {"error":"text chunk insert failed: canceling statement due to statement timeout"}
2026-07-06 23:46:37 [s2] #1230 OK 3s 2 chunks (proc=300 chunks=2054 ocr=125 big=3 fail=8)
2026-07-06 23:48:05 [s2] #1326 FAIL 12s :: 23d1d063-67dd-4620-aa80-ab54e280aa3b :: {"error":"text chunk insert failed: canceling statement due to statement timeout"}
2026-07-06 23:48:15 [s2] #1334 OK 2s 1 chunks (proc=325 chunks=2443 ocr=136 big=3 fail=9)
2026-07-06 23:49:14 [s2] #1390 FAIL 13s :: 2541b426-b1ea-4cae-a394-2349189b9760 :: {"error":"text chunk insert failed: canceling statement due to statement timeout"}
2026-07-06 23:49:46 [s2] #1438 OK 2s 3 chunks (proc=350 chunks=2712 ocr=143 big=3 fail=10)
2026-07-06 23:50:11 [s2] #1466 FAIL 12s :: 27370657-e218-4d6d-85ff-108331488091 :: {"error":"text chunk insert failed: canceling statement due to statement timeout"}
2026-07-06 23:50:30 [s2] #1474 FAIL 14s :: 2766a071-d62f-4b0f-97c2-88202b987bc9 :: {"error":"text chunk insert failed: canceling statement due to statement timeout"}
2026-07-06 23:50:58 [s2] #1494 FAIL 12s :: 27efdd55-1278-463e-8d48-2bd32f67062a :: {"error":"text chunk insert failed: canceling statement due to statement timeout"}
2026-07-06 23:51:56 [s2] #1554 OK 2s 2 chunks (proc=375 chunks=2826 ocr=148 big=3 fail=13)
2026-07-06 23:52:58 [s2] #1654 OK 2s 2 chunks (proc=400 chunks=2947 ocr=160 big=3 fail=13)
2026-07-06 23:53:57 [s2] #1706 FAIL 21s :: 2d92e7e3-0942-42c1-8b72-52b91ea23564 :: {"error":"text chunk insert failed: canceling statement due to statement timeout"}
2026-07-06 23:55:01 [s2] #1738 FAIL 28s :: 2e764294-a3bd-4ddc-8bb0-1fba22a9d067 :: {"error":"text chunk insert failed: canceling statement due to statement timeout"}
2026-07-06 23:55:19 [s2] #1742 FAIL 18s :: 2e821758-fca5-4826-be16-cd3cdb59994d :: {"error":"text chunk insert failed: canceling statement due to statement timeout"}
2026-07-06 23:55:33 [s2] #1746 FAIL 13s :: 2eb2d26a-f27a-435e-ada5-7ac11681e32f :: {"error":"text chunk insert failed: canceling statement due to statement timeout"}
2026-07-06 23:55:46 [s2] #1754 FAIL 11s :: 2eeb219a-5fbc-401c-b3d1-3858741769db :: {"error":"text chunk insert failed: canceling statement due to statement timeout"}
2026-07-06 23:56:10 [s2] #1770 FAIL 12s :: 2f4c7cb1-0499-497c-b747-9f4031e3203c :: {"error":"text chunk insert failed: canceling statement due to statement timeout"}
2026-07-06 23:56:16 [s2] #1778 OK 1s needs-ocr (proc=425 chunks=3226 ocr=167 big=3 fail=19)
2026-07-06 23:58:04 [s2] #1858 FAIL 15s :: 31c0fa1b-5b08-45f3-90b8-2aa4d56cc2d0 :: {"error":"text chunk insert failed: canceling statement due to statement timeout"}
2026-07-06 23:58:22 [s2] #1882 OK 1s needs-ocr (proc=450 chunks=3796 ocr=177 big=3 fail=20)
2026-07-06 23:59:41 [s2] #1982 OK 2s 1 chunks (proc=475 chunks=3889 ocr=186 big=3 fail=20)
2026-07-07 00:00:06 [s2] #2002 FAIL 17s :: 35c40d24-2e5c-40f6-afc0-782270c3cb55 :: {"error":"text chunk insert failed: canceling statement due to statement timeout"}
2026-07-07 00:00:29 [s2] #2010 FAIL 16s :: 35ff75b1-afd8-48e9-bb05-dbc87ec0fe6e :: {"error":"text chunk insert failed: canceling statement due to statement timeout"}
2026-07-07 00:01:03 [s2] #2066 OK 2s too-large(327pg) (proc=494 chunks=3924 ocr=195 big=4 fail=22)
2026-07-07 00:01:24 [s2] #2090 OK 9s 48 chunks (proc=500 chunks=3981 ocr=197 big=4 fail=22)
2026-07-07 00:02:29 [s2] #2158 FAIL 4s :: 39db6eeb-e50a-4cae-aabc-a84128590602 :: {"code":"WORKER_RESOURCE_LIMIT","message":"Function failed due to not having enough compute resources (please check logs)"}
2026-07-07 00:02:41 [s2] #2178 FAIL 3s :: 3a42cb5f-5011-4706-8a61-b1edf4f85e28 :: {"code":"WORKER_RESOURCE_LIMIT","message":"Function failed due to not having enough compute resources (please check logs)"}
2026-07-07 00:02:56 [s2] #2198 OK 1s needs-ocr (proc=525 chunks=4162 ocr=208 big=4 fail=24)
2026-07-07 00:05:19 [s2] #2298 OK 2s needs-ocr (proc=550 chunks=4554 ocr=214 big=4 fail=24)
2026-07-07 00:05:34 [s2] #2306 FAIL 12s :: 3d8c62fc-b009-4a7c-9f75-f662cd605bee :: {"error":"text chunk insert failed: canceling statement due to statement timeout"}
2026-07-07 00:05:51 [s2] #2334 OK 2s too-large(186pg) (proc=558 chunks=4568 ocr=217 big=5 fail=25)
2026-07-07 00:06:59 [s2] #2402 OK 4s 10 chunks (proc=575 chunks=4778 ocr=223 big=5 fail=25)
2026-07-07 00:08:28 [s2] #2502 OK 1s needs-ocr (proc=600 chunks=4885 ocr=231 big=5 fail=25)
2026-07-07 00:09:50 [s2] #2602 OK 3s 4 chunks (proc=625 chunks=5105 ocr=239 big=5 fail=25)
2026-07-07 00:10:51 [s2] #2702 OK 3s 1 chunks (proc=650 chunks=5183 ocr=251 big=5 fail=25)
2026-07-07 00:11:27 [s2] #2718 FAIL 11s :: 48fb93ae-27c5-4041-a5bf-c8faa509d9f7 :: {"error":"text chunk insert failed: canceling statement due to statement timeout"}
2026-07-07 00:11:44 [s2] #2734 FAIL 11s :: 496b7e4f-492a-4c3e-aa5b-ff9812262bc3 :: {"error":"text chunk insert failed: canceling statement due to statement timeout"}
2026-07-07 00:12:12 [s2] #2758 FAIL 11s :: 49dfb4d3-eac6-46fb-99f8-284df3250ce7 :: {"error":"text chunk insert failed: canceling statement due to statement timeout"}
2026-07-07 00:12:38 [s2] #2814 OK 1s needs-ocr (proc=675 chunks=5228 ocr=265 big=5 fail=28)
2026-07-07 00:13:57 [s2] #2910 FAIL 5s :: 4dab703c-af6e-45c5-8d87-30e1a959294a :: {"code":"WORKER_RESOURCE_LIMIT","message":"Function failed due to not having enough compute resources (please check logs)"}
2026-07-07 00:14:01 [s2] #2918 OK 2s 1 chunks (proc=700 chunks=5293 ocr=274 big=5 fail=29)
2026-07-07 00:14:28 [s2] #2926 FAIL 24s :: 4e05790b-ee52-4acf-b77c-2d1d1eadbb7c :: {"error":"text chunk insert failed: canceling statement due to statement timeout"}
2026-07-07 00:15:06 [s2] #2974 FAIL 17s :: 4f074665-6660-435b-8474-47b0fc44a9b2 :: {"error":"text chunk insert failed: canceling statement due to statement timeout"}
2026-07-07 00:15:32 [s2] #3010 OK 2s too-large(123pg) (proc=721 chunks=5373 ocr=285 big=6 fail=31)
2026-07-07 00:15:46 [s2] #3026 OK 2s needs-ocr (proc=725 chunks=5405 ocr=286 big=6 fail=31)
2026-07-07 00:16:52 [s2] #3126 OK 2s 4 chunks (proc=750 chunks=5540 ocr=298 big=6 fail=31)
2026-07-07 00:17:19 [s2] #3166 FAIL 13s :: 547b30bf-efad-4513-a789-ce316ae4e22d :: {"error":"text chunk insert failed: canceling statement due to statement timeout"}
2026-07-07 00:17:46 [s2] #3198 OK 2s too-large(124pg) (proc=767 chunks=5712 ocr=307 big=7 fail=32)
2026-07-07 00:17:55 [s2] #3222 OK 2s too-large(126pg) (proc=772 chunks=5714 ocr=309 big=8 fail=32)
2026-07-07 00:18:11 [s2] #3234 OK 3s 1 chunks (proc=775 chunks=5721 ocr=309 big=8 fail=32)
2026-07-07 00:19:08 [s2] #3314 FAIL 12s :: 583297da-2ad5-4ce8-904c-9bbb16e69cc2 :: {"error":"text chunk insert failed: canceling statement due to statement timeout"}
2026-07-07 00:19:35 [s2] #3322 FAIL 11s :: 585106b1-8d23-4816-a3ca-189eaf90ae3e :: {"error":"text chunk insert failed: canceling statement due to statement timeout"}
2026-07-07 00:19:54 [s2] #3342 OK 6s 7 chunks (proc=800 chunks=5850 ocr=320 big=8 fail=34)
2026-07-07 00:20:35 [s2] #3394 FAIL 12s :: 59fb3926-f891-4aaf-99b1-102504ff8fc4 :: {"error":"text chunk insert failed: canceling statement due to statement timeout"}
2026-07-07 00:20:58 [s2] #3422 FAIL 15s :: 5ade809d-f125-40c6-925d-29dea5a4a92c :: {"error":"text chunk insert failed: canceling statement due to statement timeout"}
2026-07-07 00:21:23 [s2] #3442 FAIL 18s :: 5b6779c4-78ee-4370-8842-97c2bde0258c :: {"error":"text chunk insert failed: canceling statement due to statement timeout"}
2026-07-07 00:21:29 [s2] #3454 OK 2s 2 chunks (proc=825 chunks=5865 ocr=338 big=8 fail=37)
2026-07-07 00:22:13 [s2] #3510 FAIL 19s :: 5d1f9b5e-d9dc-43a9-a639-6891c3a353b5 :: {"error":"text chunk insert failed: canceling statement due to statement timeout"}
2026-07-07 00:22:53 [s2] #3558 OK 2s needs-ocr (proc=850 chunks=5931 ocr=350 big=8 fail=38)
2026-07-07 00:24:02 [s2] #3658 OK 1s needs-ocr (proc=875 chunks=6000 ocr=359 big=8 fail=38)
2026-07-07 00:25:21 [s2] #3758 OK 2s 8 chunks (proc=900 chunks=6167 ocr=364 big=8 fail=38)
2026-07-07 00:25:32 [s2] #3778 FAIL 4s :: 63f0fd0e-289a-4ee4-8e1e-836904616e2b :: {"code":"WORKER_RESOURCE_LIMIT","message":"Function failed due to not having enough compute resources (please check logs)"}
2026-07-07 00:26:24 [s2] #3862 OK 1s needs-ocr (proc=925 chunks=6242 ocr=372 big=8 fail=39)
2026-07-07 00:26:29 [s2] #3866 FAIL 4s :: 66c2da53-761c-4f43-9657-a84c0bc58962 :: {"code":"WORKER_RESOURCE_LIMIT","message":"Function failed due to not having enough compute resources (please check logs)"}
2026-07-07 00:27:07 [s2] #3898 FAIL 19s :: 67c673bd-cbbf-4521-b871-b245f370a948 :: {"error":"text chunk insert failed: canceling statement due to statement timeout"}
2026-07-07 00:27:29 [s2] #3926 FAIL 4s :: 6895984b-b3e7-422d-95ff-5f90b44a0b34 :: {"code":"WORKER_RESOURCE_LIMIT","message":"Function failed due to not having enough compute resources (please check logs)"}
2026-07-07 00:28:00 [s2] #3942 FAIL 22s :: 69116d8c-1bc1-44c1-8b18-2b260d1f8d58 :: {"error":"text chunk insert failed: canceling statement due to statement timeout"}
2026-07-07 00:28:07 [s2] #3954 FAIL 4s :: 697e0167-f040-4583-a267-a58143dd7fd0 :: {"code":"WORKER_RESOURCE_LIMIT","message":"Function failed due to not having enough compute resources (please check logs)"}
2026-07-07 00:28:25 [s2] #3978 FAIL 11s :: 6a224948-f23f-4e71-8a17-b1de86328c13 :: {"error":"text chunk insert failed: canceling statement due to statement timeout"}
2026-07-07 00:28:29 [s2] #3986 OK 2s needs-ocr (proc=950 chunks=6333 ocr=383 big=8 fail=45)
2026-07-07 00:29:58 [s2] #4070 FAIL 15s :: 6cd31e05-fe50-40ca-bc4d-7fdf6a7e11cf :: {"error":"text chunk insert failed: canceling statement due to statement timeout"}
2026-07-07 00:30:14 [s2] #4090 OK 1s needs-ocr (proc=975 chunks=6528 ocr=392 big=8 fail=46)
2026-07-07 00:30:42 [s2] #4106 FAIL 14s :: 6dcb2a0d-32e2-45aa-8bdc-83cef76ddfbd :: {"error":"text chunk insert failed: canceling statement due to statement timeout"}
2026-07-07 00:31:14 [s2] #4142 FAIL 16s :: 6eab03e9-a85a-4548-a4e7-ff07fd95db79 :: {"error":"text chunk insert failed: canceling statement due to statement timeout"}
2026-07-07 00:32:11 [s2] #4194 FAIL 14s :: 6fd45666-d8e3-4398-bf41-077eb03cac6e :: {"error":"text chunk insert failed: canceling statement due to statement timeout"}
2026-07-07 00:32:20 [s2] #4202 OK 7s 1 chunks (proc=1000 chunks=6572 ocr=401 big=8 fail=49)
2026-07-07 00:33:23 [s2] #4262 FAIL 28s :: 71678c32-144f-47fc-9a77-bc7f8f9b0f31 :: {"error":"text chunk insert failed: canceling statement due to statement timeout"}
2026-07-07 00:34:16 [s2] #4306 FAIL 17s :: 72d2cba1-f4f9-451d-a93e-ca13139ae8b2 :: {"error":"text chunk insert failed: canceling statement due to statement timeout"}
2026-07-07 00:34:23 [s2] #4310 OK 7s 4 chunks (proc=1025 chunks=6643 ocr=411 big=8 fail=51)
2026-07-07 00:35:43 [s2] #4410 OK 4s 2 chunks (proc=1050 chunks=6686 ocr=423 big=8 fail=51)
2026-07-07 00:37:00 [s2] #4470 FAIL 28s :: 777e25ac-ddf8-4da6-92b1-098a58988499 :: {"error":"text chunk insert failed: canceling statement due to statement timeout"}
2026-07-07 00:37:18 [s2] #4486 FAIL 11s :: 77d1d6d4-954c-42a1-ba26-ef255a48cd87 :: {"error":"text chunk insert failed: canceling statement due to statement timeout"}
2026-07-07 00:37:41 [s2] #4514 OK 2s too-large(291pg) (proc=1074 chunks=6807 ocr=431 big=9 fail=53)
2026-07-07 00:37:47 [s2] #4518 OK 6s 9 chunks (proc=1075 chunks=6816 ocr=431 big=9 fail=53)
2026-07-07 00:39:14 [s2] #4618 OK 1s needs-ocr (proc=1100 chunks=6866 ocr=440 big=9 fail=53)
2026-07-07 00:39:18 [s2] #4622 FAIL 4s :: 7ba4c7e4-a1c3-4896-8e4c-218e53801a97 :: {"code":"WORKER_RESOURCE_LIMIT","message":"Function failed due to not having enough compute resources (please check logs)"}
2026-07-07 00:39:47 [s2] #4650 FAIL 14s :: 7c7523b8-71f8-4ea8-af4c-b0f941736c51 :: {"error":"text chunk insert failed: canceling statement due to statement timeout"}
2026-07-07 00:40:00 [s2] #4654 FAIL 13s :: 7c890b42-5ae3-43ea-bd23-2a72568cb967 :: {"error":"text chunk insert failed: canceling statement due to statement timeout"}
2026-07-07 00:40:54 [s2] #4730 OK 2s needs-ocr (proc=1125 chunks=6902 ocr=454 big=9 fail=56)
2026-07-07 00:41:14 [s2] #4750 FAIL 14s :: 7f210b39-4284-43c4-9c23-87f96b500ea3 :: {"error":"text chunk insert failed: canceling statement due to statement timeout"}
2026-07-07 00:41:18 [s2] #4754 FAIL 4s :: 7f345d5b-b044-40f7-9ca0-ebb76e073e60 :: {"code":"WORKER_RESOURCE_LIMIT","message":"Function failed due to not having enough compute resources (please check logs)"}
2026-07-07 00:42:38 [s2] #4842 OK 5s 12 chunks (proc=1150 chunks=7022 ocr=464 big=9 fail=58)
2026-07-07 00:43:02 [s2] #4854 FAIL 19s :: 8205d8ae-36f3-4ce5-b329-59c819eb36d8 :: {"error":"text chunk insert failed: canceling statement due to statement timeout"}
2026-07-07 00:44:25 [s2] #4930 FAIL 5s :: 84651039-dcac-42de-8801-90df1400e7e4 :: {"code":"WORKER_RESOURCE_LIMIT","message":"Function failed due to not having enough compute resources (please check logs)"}
2026-07-07 00:44:37 [s2] #4934 FAIL 12s :: 848775aa-54b3-475f-973b-fff3ff5c02d7 :: {"error":"text chunk insert failed: canceling statement due to statement timeout"}
2026-07-07 00:45:12 [s2] #4954 FAIL 15s :: 850f303f-04b4-4e5b-9673-82fdc0fdbbb9 :: {"error":"text chunk insert failed: canceling statement due to statement timeout"}
2026-07-07 00:45:14 [s2] #4958 OK 2s needs-ocr (proc=1175 chunks=7296 ocr=472 big=9 fail=62)
2026-07-07 00:45:29 [s2] #4966 FAIL 13s :: 857730c2-7fa2-46b7-882b-6a814cc815b5 :: {"error":"text chunk insert failed: canceling statement due to statement timeout"}
2026-07-07 00:46:01 [s2] #4990 FAIL 17s :: 85fab464-e492-48c7-81d6-88c4c6351b84 :: {"error":"text chunk insert failed: canceling statement due to statement timeout"}
2026-07-07 00:46:22 [s2] #4994 FAIL 21s :: 861573b1-aaed-4794-805e-c25504196b89 :: {"error":"text chunk insert failed: canceling statement due to statement timeout"}
2026-07-07 00:47:35 [s2] #5054 FAIL 12s :: 8757290c-d12a-4e06-93b6-dd8ff5a8c141 :: {"error":"text chunk insert failed: canceling statement due to statement timeout"}
2026-07-07 00:47:45 [s2] #5074 OK 3s 5 chunks (proc=1200 chunks=7381 ocr=482 big=9 fail=66)
2026-07-07 00:49:55 [s2] #5174 OK 2s 2 chunks (proc=1225 chunks=7437 ocr=491 big=9 fail=66)
2026-07-07 00:51:13 [s2] #5258 FAIL 28s :: 8d907ba1-b3da-45e4-a2bd-af4f00bff036 :: {"error":"text chunk insert failed: canceling statement due to statement timeout"}
2026-07-07 00:51:27 [s2] #5278 OK 2s 8 chunks (proc=1250 chunks=7496 ocr=501 big=9 fail=67)
2026-07-07 00:52:01 [s2] #5294 FAIL 26s :: 8e870b4c-d8db-4ed6-8513-7f27f6503b54 :: {"error":"text chunk insert failed: canceling statement due to statement timeout"}
2026-07-07 00:53:32 [s2] #5382 OK 4s 10 chunks (proc=1275 chunks=7659 ocr=507 big=9 fail=68)
2026-07-07 00:53:44 [s2] #5386 FAIL 12s :: 90ea1d47-d9ff-4c16-be16-f24091bf8839 :: {"error":"text chunk insert failed: canceling statement due to statement timeout"}
2026-07-07 00:55:01 [s2] #5490 OK 8s 33 chunks (proc=1300 chunks=7891 ocr=515 big=9 fail=69)
2026-07-07 00:56:08 [s2] #5590 OK 2s 1 chunks (proc=1325 chunks=7928 ocr=527 big=9 fail=69)
2026-07-07 00:57:11 [s2] #5690 OK 3s 4 chunks (proc=1350 chunks=8059 ocr=533 big=9 fail=69)
2026-07-07 00:57:50 [s2] #5702 FAIL 35s :: 998f57e4-5148-42c7-ac38-96e7c128a3f1 :: {"error":"text chunk insert failed: canceling statement due to statement timeout"}
2026-07-07 00:58:03 [s2] #5706 FAIL 13s :: 99a8d555-c121-4eca-82de-01f03aa4704e :: {"error":"text chunk insert failed: canceling statement due to statement timeout"}
2026-07-07 00:58:31 [s2] #5738 FAIL 3s :: 9a8e364a-f099-4e6b-a115-0ae89ca63d4d :: {"code":"WORKER_RESOURCE_LIMIT","message":"Function failed due to not having enough compute resources (please check logs)"}
2026-07-07 00:59:17 [s2] #5802 FAIL 13s :: 9c2fc25a-6044-4bea-ac4b-d04adc237359 :: {"error":"text chunk insert failed: canceling statement due to statement timeout"}
2026-07-07 00:59:20 [s2] #5806 OK 4s 2 chunks (proc=1375 chunks=8134 ocr=544 big=9 fail=73)
2026-07-07 01:00:32 [s2] #5878 FAIL 12s :: 9e415d9c-34dc-4e9b-a25c-497d86a217a8 :: {"error":"text chunk insert failed: canceling statement due to statement timeout"}
2026-07-07 01:00:55 [s2] #5910 OK 2s needs-ocr (proc=1400 chunks=8351 ocr=554 big=9 fail=74)
2026-07-07 01:02:09 [s2] #6006 FAIL 15s :: a1ecf3b8-1805-450a-8f55-243097112539 :: {"error":"text chunk insert failed: canceling statement due to statement timeout"}
2026-07-07 01:02:23 [s2] #6010 FAIL 14s :: a2075cc8-a28f-4ef1-9dff-4967ce6bc955 :: {"error":"text chunk insert failed: canceling statement due to statement timeout"}
2026-07-07 01:02:33 [s2] #6018 OK 2s needs-ocr (proc=1425 chunks=8427 ocr=564 big=9 fail=76)
2026-07-07 01:03:04 [s2] #6042 FAIL 12s :: a2d407d6-9c55-4a5b-ba36-46120e48319a :: {"error":"text chunk insert failed: canceling statement due to statement timeout"}
2026-07-07 01:03:18 [s2] #6046 FAIL 14s :: a2ed514c-231f-4386-8bdf-d18f208e6a11 :: {"error":"text chunk insert failed: canceling statement due to statement timeout"}
2026-07-07 01:03:29 [s2] #6050 FAIL 11s :: a31a0899-7a7d-4b0b-81a5-a888664d09c4 :: {"error":"text chunk insert failed: canceling statement due to statement timeout"}
2026-07-07 01:03:43 [s2] #6054 FAIL 14s :: a33e5d9d-91d3-4e30-9fb2-a4ad5de16023 :: {"error":"text chunk insert failed: canceling statement due to statement timeout"}
2026-07-07 01:03:54 [s2] #6058 FAIL 11s :: a36333dc-0371-47b1-b514-cc37447c3ff3 :: {"error":"text chunk insert failed: canceling statement due to statement timeout"}
2026-07-07 01:04:10 [s2] #6062 FAIL 16s :: a36d3d4e-9a70-459d-bf9f-91bee28080a1 :: {"error":"text chunk insert failed: canceling statement due to statement timeout"}
2026-07-07 01:04:25 [s2] #6070 FAIL 14s :: a3c263f5-a15c-4c2b-9efa-23efb765e5c2 :: {"error":"text chunk insert failed: canceling statement due to statement timeout"}
2026-07-07 01:04:57 [s2] #6094 FAIL 11s :: a4598af0-b7fb-4179-90fe-a92fbceaef80 :: {"error":"text chunk insert failed: canceling statement due to statement timeout"}
2026-07-07 01:05:11 [s2] #6122 FAIL 3s :: a55cca51-ff79-4d5a-8c2c-e6e0af85e0ba :: {"code":"WORKER_RESOURCE_LIMIT","message":"Function failed due to not having enough compute resources (please check logs)"}
2026-07-07 01:05:33 [s2] #6154 OK 1s needs-ocr (proc=1450 chunks=8494 ocr=577 big=9 fail=85)
2026-07-07 01:06:39 [s2] #6254 OK 2s 4 chunks (proc=1475 chunks=8599 ocr=586 big=9 fail=85)
2026-07-07 01:07:43 [s2] #6342 OK 2s too-large(136pg) (proc=1497 chunks=8723 ocr=595 big=10 fail=85)
2026-07-07 01:07:48 [s2] #6354 OK 1s needs-ocr (proc=1500 chunks=8726 ocr=597 big=10 fail=85)
2026-07-07 01:08:02 [s2] #6374 FAIL 4s :: aba29bfd-8458-4a94-92be-84bd763d7aea :: {"code":"WORKER_RESOURCE_LIMIT","message":"Function failed due to not having enough compute resources (please check logs)"}
2026-07-07 01:08:35 [s2] #6402 FAIL 14s :: ac4ce1cc-52e0-4dc6-a109-eb7b333d28a7 :: {"error":"text chunk insert failed: canceling statement due to statement timeout"}
2026-07-07 01:09:20 [s2] #6462 OK 4s 5 chunks (proc=1525 chunks=8843 ocr=607 big=10 fail=87)
2026-07-07 01:10:26 [s2] #6562 OK 1s needs-ocr (proc=1550 chunks=8930 ocr=621 big=10 fail=87)
2026-07-07 01:11:28 [s2] #6654 FAIL 15s :: b2b22ce7-6573-4eda-9e38-b4eaee45ceae :: {"error":"text chunk insert failed: canceling statement due to statement timeout"}
2026-07-07 01:11:33 [s2] #6666 OK 1s needs-ocr (proc=1575 chunks=8968 ocr=637 big=10 fail=88)
2026-07-07 01:12:11 [s2] #6738 FAIL 5s :: b4ba77b6-fa88-4a8a-a6b6-55e32958814f :: {"code":"WORKER_RESOURCE_LIMIT","message":"Function failed due to not having enough compute resources (please check logs)"}
2026-07-07 01:13:10 [s2] #6770 FAIL 36s :: b5978962-5134-42cd-be63-0dc39d3fa1c5 :: {"error":"text chunk insert failed: canceling statement due to statement timeout"}
2026-07-07 01:13:16 [s2] #6774 OK 6s 1 chunks (proc=1600 chunks=9025 ocr=649 big=10 fail=90)
2026-07-07 01:14:51 [s2] #6874 OK 3s 1 chunks (proc=1625 chunks=9137 ocr=656 big=10 fail=90)
2026-07-07 01:15:12 [s2] #6890 FAIL 13s :: b8c40d1c-cead-497a-badf-c64a510cf747 :: {"error":"text chunk insert failed: canceling statement due to statement timeout"}
2026-07-07 01:16:23 [s2] #6962 FAIL 13s :: baa92357-7366-4f6a-81b8-54ac63f05e40 :: {"error":"text chunk insert failed: canceling statement due to statement timeout"}
2026-07-07 01:16:40 [s2] #6982 OK 2s 1 chunks (proc=1650 chunks=9231 ocr=664 big=10 fail=92)
2026-07-07 01:17:11 [s2] #7014 FAIL 15s :: bc093f39-fee0-4b2e-a7b3-de4939212241 :: {"error":"text chunk insert failed: canceling statement due to statement timeout"}
2026-07-07 01:17:53 [s2] #7074 OK 2s too-large(128pg) (proc=1672 chunks=9299 ocr=676 big=11 fail=93)
2026-07-07 01:18:14 [s2] #7086 OK 2s 1 chunks (proc=1675 chunks=9318 ocr=676 big=11 fail=93)
2026-07-07 01:18:38 [s2] #7118 OK 2s too-large(121pg) (proc=1683 chunks=9341 ocr=677 big=12 fail=93)
2026-07-07 01:19:15 [s2] #7150 FAIL 13s :: bfd361de-a62e-4eac-ba06-459536cc659d :: {"error":"text chunk insert failed: canceling statement due to statement timeout"}
2026-07-07 01:19:51 [s2] #7194 OK 3s 5 chunks (proc=1700 chunks=9404 ocr=680 big=12 fail=94)
2026-07-07 01:20:30 [s2] #7222 FAIL 15s :: c220f1ce-453e-4408-a2a4-9b47697a05d0 :: {"error":"text chunk insert failed: canceling statement due to statement timeout"}
2026-07-07 01:21:25 [s2] #7266 FAIL 11s :: c3011f62-fb32-4cd3-be41-b5ee69b23813 :: {"error":"text chunk insert failed: canceling statement due to statement timeout"}
2026-07-07 01:21:47 [s2] #7274 FAIL 14s :: c32d6290-f5be-4a56-9b07-0702bf80a5ea :: {"error":"text chunk insert failed: canceling statement due to statement timeout"}
2026-07-07 01:22:12 [s2] #7290 FAIL 12s :: c3e6b6f2-0c34-493b-b79c-cf514ff0a9e4 :: {"error":"text chunk insert failed: canceling statement due to statement timeout"}
2026-07-07 01:22:40 [s2] #7298 FAIL 22s :: c433c7cb-7b03-46c6-812e-5df9a76ed910 :: {"error":"text chunk insert failed: canceling statement due to statement timeout"}
2026-07-07 01:22:56 [s2] #7314 OK 2s needs-ocr (proc=1725 chunks=9483 ocr=690 big=12 fail=99)
2026-07-07 01:24:06 [s2] #7374 FAIL 10s :: c6072fd4-82f2-4568-a8bc-419bb1babc7e :: {"error":"text chunk insert failed: canceling statement due to statement timeout"}
2026-07-07 01:24:45 [s2] #7418 OK 4s 10 chunks (proc=1750 chunks=9556 ocr=698 big=12 fail=100)
2026-07-07 01:25:32 [s2] #7470 FAIL 17s :: c88909b0-2ede-4da6-8751-4b9005d2fe59 :: {"error":"text chunk insert failed: canceling statement due to statement timeout"}
2026-07-07 01:25:48 [s2] #7482 FAIL 13s :: c8f4bb75-600d-44c5-9545-c58d8790b546 :: {"error":"text chunk insert failed: canceling statement due to statement timeout"}
2026-07-07 01:26:22 [s2] #7526 OK 2s needs-ocr (proc=1775 chunks=9604 ocr=711 big=12 fail=102)
2026-07-07 01:27:15 [s2] #7578 FAIL 12s :: cb8d2992-b8f0-4ab5-b592-f9f49e710c14 :: {"error":"text chunk insert failed: canceling statement due to statement timeout"}
2026-07-07 01:27:27 [s2] #7582 FAIL 12s :: cb93af76-956a-4702-9235-1eb04ca44936 :: {"error":"text chunk insert failed: canceling statement due to statement timeout"}
2026-07-07 01:28:06 [s2] #7634 FAIL 11s :: cd0c5883-c23a-4784-8cda-e0ccc294af35 :: {"error":"text chunk insert failed: canceling statement due to statement timeout"}
2026-07-07 01:28:08 [s2] #7638 OK 2s needs-ocr (proc=1800 chunks=9659 ocr=726 big=12 fail=105)
2026-07-07 01:28:29 [s2] #7650 FAIL 12s :: cd6ff73a-5d52-47d8-8ba4-3ca9631b6f70 :: {"error":"text chunk insert failed: canceling statement due to statement timeout"}
2026-07-07 01:28:55 [s2] #7666 FAIL 21s :: cdcd48f2-5268-4100-be81-1b3786450f01 :: {"error":"text chunk insert failed: canceling statement due to statement timeout"}
2026-07-07 01:30:02 [s2] #7746 OK 5s 2 chunks (proc=1825 chunks=9712 ocr=737 big=12 fail=107)
2026-07-07 01:31:15 [s2] #7822 FAIL 12s :: d19c13f1-f940-4b20-9a19-230d7099cfdb :: {"error":"text chunk insert failed: canceling statement due to statement timeout"}
2026-07-07 01:31:38 [s2] #7850 OK 6s 5 chunks (proc=1850 chunks=9822 ocr=749 big=12 fail=108)
2026-07-07 01:31:51 [s2] #7854 FAIL 14s :: d28a3427-701c-4607-ac7b-0be979dabe99 :: {"error":"text chunk insert failed: canceling statement due to statement timeout"}
2026-07-07 01:32:15 [s2] #7862 FAIL 22s :: d2c19234-cb7b-4303-a7cd-0da163464c9c :: {"error":"text chunk insert failed: canceling statement due to statement timeout"}
2026-07-07 01:34:50 [s2] #7878 FAIL 150s :: d314b766-8a3d-4a5a-9df6-922f47728786 :: {"code":"IDLE_TIMEOUT","message":"Request idle timeout limit (150s) reached"}
2026-07-07 01:36:24 [s2] #7882 FAIL 93s :: d325e4c8-7acb-4fe7-9484-7a3131f5a648 :: {"error":"text chunk insert failed: canceling statement due to statement timeout"}
2026-07-07 01:37:33 [s2] #7886 FAIL 70s :: d32af759-7976-46ff-8bd7-763050e2cb25 :: {"error":"text chunk insert failed: canceling statement due to statement timeout"}
2026-07-07 01:39:43 [s2] #7890 FAIL 130s :: d34fff2b-0a39-4055-ae7e-d3fe7f6e7710 :: {"error":"clear old text chunks failed: upstream request timeout"}
2026-07-07 01:39:44 [s2] #7894 FAIL 1s :: d37d0ae3-8d28-47a7-a144-d2eef094bb40 :: {"error":"Storage download failed: Too many connections issued to the database"}
2026-07-07 01:39:45 [s2] #7898 FAIL 1s :: d38b6a2c-c455-4c8f-b6fb-74bb71f324d2 :: {"error":"Storage download failed: Too many connections issued to the database"}
2026-07-07 01:39:46 [s2] #7902 FAIL 1s :: d39f4fad-6e91-45b8-aa0e-019a89ffb644 :: {"error":"Storage download failed: Too many connections issued to the database"}
2026-07-07 01:39:46 [s2] #7906 FAIL 1s :: d3b2599b-66dd-4b15-af56-6ee543bbf2ca :: {"error":"Storage download failed: Too many connections issued to the database"}
2026-07-07 01:39:47 [s2] #7910 FAIL 1s :: d3c9a3dc-5059-4767-ad60-5beec18883fb :: {"error":"Storage download failed: Too many connections issued to the database"}
2026-07-07 01:39:48 [s2] #7914 FAIL 1s :: d3da6027-a4af-44d2-b73f-c0a4045d651d :: {"error":"Storage download failed: Too many connections issued to the database"}
2026-07-07 01:39:49 [s2] #7918 FAIL 1s :: d3ec6ad1-0d39-4bb5-910a-46218318ed76 :: {"error":"Storage download failed: Too many connections issued to the database"}
2026-07-07 01:39:49 [s2] #7922 FAIL 1s :: d3ffee44-02ce-4f0c-bfc6-eb620ebeb5a1 :: {"error":"Storage download failed: Too many connections issued to the database"}
2026-07-07 01:39:50 [s2] #7926 FAIL 1s :: d41b07bb-c4e2-4f10-8042-f5201c784c16 :: {"error":"Storage download failed: Too many connections issued to the database"}
2026-07-07 01:39:50 [s2] #7934 FAIL 1s :: d444f7f5-e305-4450-9ed8-d3d236067166 :: {"error":"Storage download failed: Too many connections issued to the database"}
2026-07-07 01:39:51 [s2] #7938 FAIL 1s :: d4933e2e-5838-406b-a053-ead9053cddf7 :: {"error":"Storage download failed: Too many connections issued to the database"}
2026-07-07 01:39:52 [s2] #7942 FAIL 1s :: d4a04e51-03ea-4ab4-920c-44554708797f :: {"error":"Storage download failed: Too many connections issued to the database"}
2026-07-07 01:39:53 [s2] #7946 FAIL 1s :: d4b8a3e4-90b4-4028-a061-90c8e175ae16 :: {"error":"Storage download failed: Too many connections issued to the database"}
2026-07-07 01:39:54 [s2] #7950 FAIL 1s :: d4dca9d1-3946-485d-8315-d724c6d0d51f :: {"error":"Storage download failed: Too many connections issued to the database"}
2026-07-07 01:39:54 [s2] #7954 FAIL 1s :: d4f40ddd-4124-4704-ad00-434cd8818604 :: {"error":"Storage download failed: Too many connections issued to the database"}
2026-07-07 01:39:55 [s2] #7958 FAIL 1s :: d51270ad-18c1-4690-9144-6efe89b00ee6 :: {"error":"Storage download failed: Too many connections issued to the database"}
2026-07-07 01:39:56 [s2] #7962 FAIL 1s :: d54443f0-5b1d-40a0-be2e-8633ee70cb88 :: {"error":"Storage download failed: Too many connections issued to the database"}
2026-07-07 01:39:57 [s2] #7966 FAIL 1s :: d5623eaa-d66e-422b-a800-3b46d08c4770 :: {"error":"Storage download failed: Too many connections issued to the database"}
2026-07-07 01:39:58 [s2] #7970 FAIL 1s :: d57cba67-2593-45bb-8b54-58d43cbbb599 :: {"error":"Storage download failed: Too many connections issued to the database"}
2026-07-07 01:39:58 [s2] #7974 FAIL 1s :: d5af7452-bf00-4fd6-ac1f-b22aeea217bf :: {"error":"Storage download failed: Too many connections issued to the database"}
2026-07-07 01:39:59 [s2] #7978 FAIL 1s :: d5da7f54-25c2-4c59-bdb1-3a8ad1a9171a :: {"error":"Storage download failed: Too many connections issued to the database"}
2026-07-07 01:40:01 [s2] #7982 FAIL 2s :: d6067e65-7db4-4bcc-86ad-7cf80331a219 :: {"error":"Storage download failed: Too many connections issued to the database"}
2026-07-07 01:40:02 [s2] #7986 FAIL 1s :: d61e5521-a237-4f97-a1bd-1ae186417a16 :: {"error":"Storage download failed: Too many connections issued to the database"}
2026-07-07 01:40:03 [s2] #7990 FAIL 1s :: d647b0f4-a72a-4f10-bd0c-92ea0a3dd630 :: {"error":"Storage download failed: Too many connections issued to the database"}
2026-07-07 01:40:03 [s2] #7994 FAIL 1s :: d681dda6-7fd7-44f8-aa48-99cc356d3b78 :: {"error":"Storage download failed: Too many connections issued to the database"}
2026-07-07 01:40:04 [s2] #7998 FAIL 1s :: d69db696-fe2f-4090-83d2-c3eb47d16f11 :: {"error":"Storage download failed: Too many connections issued to the database"}
2026-07-07 01:40:05 [s2] #8002 FAIL 1s :: d6ab954d-f6c5-4e7f-96d4-ebd76a44ab62 :: {"error":"Storage download failed: Too many connections issued to the database"}
2026-07-07 01:40:05 [s2] #8006 FAIL 1s :: d6dc3e82-9485-40e4-a13d-e9eb1d237455 :: {"error":"Storage download failed: Too many connections issued to the database"}
2026-07-07 01:40:06 [s2] #8010 FAIL 1s :: d6f3c563-10ba-40ad-8c64-de610b6d3fd7 :: {"error":"Storage download failed: Too many connections issued to the database"}
2026-07-07 01:40:07 [s2] #8014 FAIL 1s :: d71cbf7c-3696-449b-8161-c4cde763ce9f :: {"error":"Storage download failed: Too many connections issued to the database"}
2026-07-07 01:40:08 [s2] #8018 FAIL 1s :: d7350931-85b6-4d99-8f19-17b33cec3dc8 :: {"error":"Storage download failed: Too many connections issued to the database"}
2026-07-07 01:40:08 [s2] #8022 FAIL 1s :: d73ea9c4-b6f1-4272-a1f4-2fad6d2f42b0 :: {"error":"Storage download failed: Too many connections issued to the database"}
2026-07-07 01:40:14 [s2] #8026 FAIL 6s :: d7547a0d-6eb5-4778-89d5-da939b9d0de7 :: {"error":"Storage download failed: The connection to the database timed out"}
2026-07-07 01:40:20 [s2] #8030 FAIL 6s :: d780d81d-852d-44db-ae32-2e1921ed802c :: {"error":"Storage download failed: The connection to the database timed out"}
2026-07-07 01:40:26 [s2] #8034 FAIL 6s :: d79f5ad4-6d58-4ecb-89a0-8bc707db6a32 :: {"error":"Storage download failed: The connection to the database timed out"}
2026-07-07 01:40:31 [s2] #8038 FAIL 6s :: d7afde8a-5908-4b93-9c37-06e2ac98010f :: {"error":"Storage download failed: The connection to the database timed out"}
2026-07-07 01:41:46 [s2] #8050 FAIL 69s :: d7ff12f6-fdaa-4abc-8115-e3f011690280 :: {"error":"clear old text chunks failed: canceling statement due to statement timeout"}
2026-07-07 01:44:04 [s2] #8054 FAIL 138s :: d8150b08-3278-4162-9dcc-7196b8f9187c :: {"error":"text chunk insert failed: canceling statement due to statement timeout"}
2026-07-07 01:46:34 [s2] #8058 FAIL 150s :: d81e3b90-db7b-4918-adae-4cbbf9f825b6 :: {"code":"IDLE_TIMEOUT","message":"Request idle timeout limit (150s) reached"}
2026-07-07 01:48:52 [s2] #8062 FAIL 138s :: d82edd1f-21f0-4753-9a9a-10bbe7f43535 :: {"error":"clear old text chunks failed: upstream request timeout"}
2026-07-07 01:48:58 [s2] #8066 FAIL 6s :: d845c62b-8b88-471c-82ab-aa57b6b965c9 :: {"error":"Storage download failed: The connection to the database timed out"}
2026-07-07 01:49:04 [s2] #8070 FAIL 6s :: d856c0fd-9210-47f3-9567-5a23c0a09949 :: {"error":"Storage download failed: The connection to the database timed out"}
2026-07-07 01:49:10 [s2] #8074 FAIL 6s :: d862407c-2a7c-4ba2-990f-9ea82133986b :: {"error":"Storage download failed: The connection to the database timed out"}
2026-07-07 01:49:15 [s2] #8078 FAIL 6s :: d891689c-4c18-420b-8260-4582853d3ce5 :: {"error":"Storage download failed: The connection to the database timed out"}
2026-07-07 01:49:21 [s2] #8082 FAIL 6s :: d8b9cf22-a0a0-4ea1-9b37-d53c2b8d77c0 :: {"error":"Storage download failed: The connection to the database timed out"}
2026-07-07 01:49:27 [s2] #8086 FAIL 6s :: d8e3ff03-1e24-4216-afae-98cd24cef1ac :: {"error":"Storage download failed: The connection to the database timed out"}
2026-07-07 01:49:33 [s2] #8090 FAIL 6s :: d8f3c105-e2ef-4d45-9884-8a9998a4303e :: {"error":"Storage download failed: The connection to the database timed out"}
2026-07-07 01:49:34 [s2] #8094 FAIL 1s :: d908742a-9373-4085-b85e-3fa068302582 :: {"error":"Storage download failed: Too many connections issued to the database"}
2026-07-07 01:49:34 [s2] #8098 FAIL 1s :: d9217f07-47d7-4be9-b482-5d5e5519e409 :: {"error":"Storage download failed: Too many connections issued to the database"}
2026-07-07 01:49:35 [s2] #8102 FAIL 1s :: d9422e35-0369-45eb-a657-74c183cbebea :: {"error":"Storage download failed: Too many connections issued to the database"}
2026-07-07 01:49:36 [s2] #8106 FAIL 1s :: d98109c7-93e0-4feb-affb-51e4a9675a40 :: {"error":"Storage download failed: Too many connections issued to the database"}
2026-07-07 01:49:37 [s2] #8110 FAIL 1s :: d999016c-947d-430c-9c2a-34ee54b965d2 :: {"error":"Storage download failed: Too many connections issued to the database"}
2026-07-07 01:49:38 [s2] #8114 FAIL 1s :: d9b2db4a-e8ec-4ff2-b059-9570353afc3b :: {"error":"Storage download failed: Too many connections issued to the database"}
2026-07-07 01:49:38 [s2] #8118 FAIL 1s :: d9be272e-2800-48fb-b143-c6ec0ea6476f :: {"error":"Storage download failed: Too many connections issued to the database"}
2026-07-07 01:49:39 [s2] #8122 FAIL 1s :: d9ce1942-9fd1-44c4-b486-f200c5424c89 :: {"error":"Storage download failed: Too many connections issued to the database"}
2026-07-07 01:49:40 [s2] #8126 FAIL 1s :: da00fae3-9781-45d7-b017-2c6f0e5f950f :: {"error":"Storage download failed: Too many connections issued to the database"}
2026-07-07 01:49:40 [s2] #8130 FAIL 1s :: da2a523e-5117-4db1-bef3-c6918c07197b :: {"error":"Storage download failed: Too many connections issued to the database"}
2026-07-07 01:49:41 [s2] #8134 FAIL 1s :: da86525d-1009-443c-8a72-cd4ab432d972 :: {"error":"Storage download failed: Too many connections issued to the database"}
2026-07-07 01:49:42 [s2] #8138 FAIL 1s :: da95e7f2-e584-4b1a-a15e-7e760c02f3ef :: {"error":"Storage download failed: Too many connections issued to the database"}
2026-07-07 01:49:42 [s2] #8142 FAIL 1s :: daa21268-6c06-479e-a92b-cd0768c34bf7 :: {"error":"Storage download failed: Too many connections issued to the database"}
2026-07-07 01:49:43 [s2] #8146 FAIL 1s :: dac27017-69ad-4792-9b2a-0f5a383e96de :: {"error":"Storage download failed: Too many connections issued to the database"}
2026-07-07 01:49:44 [s2] #8150 FAIL 1s :: dad32e89-3cd6-437f-bb0b-86332b980d27 :: {"error":"Storage download failed: Too many connections issued to the database"}
2026-07-07 01:49:45 [s2] #8154 FAIL 1s :: dae17d05-c978-421b-8f22-9a9ecee7375d :: {"error":"Storage download failed: Too many connections issued to the database"}
2026-07-07 01:49:45 [s2] #8158 FAIL 1s :: daf3fe17-7e84-49ca-b6ee-c359171ddfc0 :: {"error":"Storage download failed: Too many connections issued to the database"}
2026-07-07 01:49:46 [s2] #8162 FAIL 1s :: db08ce45-4e80-4d81-b188-2bf393be122b :: {"error":"Storage download failed: Too many connections issued to the database"}
2026-07-07 01:49:47 [s2] #8166 FAIL 1s :: db1576e2-5be7-4e3e-ac30-0e9a878604f8 :: {"error":"Storage download failed: Too many connections issued to the database"}
2026-07-07 01:49:48 [s2] #8170 FAIL 1s :: db3ba56a-7964-40e8-853a-dbd2083a674d :: {"error":"Storage download failed: Too many connections issued to the database"}
2026-07-07 01:49:49 [s2] #8174 FAIL 1s :: db59f770-f602-4865-93c4-f4a84002a6ac :: {"error":"Storage download failed: Too many connections issued to the database"}
2026-07-07 01:49:49 [s2] #8178 FAIL 1s :: db62f45f-5f74-4dda-81c9-a7ac61f052e2 :: {"error":"Storage download failed: Too many connections issued to the database"}
2026-07-07 01:49:50 [s2] #8182 FAIL 1s :: db802cd5-0a31-48a9-b881-9906b4055b5b :: {"error":"Storage download failed: Too many connections issued to the database"}
2026-07-07 01:49:51 [s2] #8186 FAIL 1s :: dba7888f-1708-4500-a4f9-90e45c4606e3 :: {"error":"Storage download failed: Too many connections issued to the database"}
2026-07-07 01:49:52 [s2] #8190 FAIL 1s :: dbb0f4bb-b6f2-4f4b-8c9b-67e0e5600553 :: {"error":"Storage download failed: Too many connections issued to the database"}
2026-07-07 01:49:52 [s2] #8194 FAIL 1s :: dbc6e036-f9a0-46d1-b52c-3ddd3ec4a228 :: {"error":"Storage download failed: Too many connections issued to the database"}
2026-07-07 01:49:53 [s2] #8198 FAIL 1s :: dbd63be4-ece6-41d6-9818-1774e939375b :: {"error":"Storage download failed: Too many connections issued to the database"}
2026-07-07 01:49:54 [s2] #8202 FAIL 1s :: dbec1181-0415-4400-9050-8557c58b891d :: {"error":"Storage download failed: Too many connections issued to the database"}
2026-07-07 01:49:55 [s2] #8206 FAIL 1s :: dc0a9ac2-8144-4338-9ce7-54b43f0d50e7 :: {"error":"Storage download failed: Too many connections issued to the database"}
2026-07-07 01:49:55 [s2] #8210 FAIL 1s :: dc35fe29-f20f-4cb2-b9c0-28328ab412fb :: {"error":"Storage download failed: Too many connections issued to the database"}
2026-07-07 01:49:56 [s2] #8214 FAIL 1s :: dc4d79e0-d918-4121-8fce-b9a23d71239c :: {"error":"Storage download failed: Too many connections issued to the database"}
2026-07-07 01:49:57 [s2] #8218 FAIL 1s :: dc635fb3-7d27-4f4d-bf0f-ac46bc004cf9 :: {"error":"Storage download failed: Too many connections issued to the database"}
2026-07-07 01:49:58 [s2] #8222 FAIL 1s :: dc867525-e87c-4ecf-816c-6de643ac6d3e :: {"error":"Storage download failed: Too many connections issued to the database"}
2026-07-07 01:49:59 [s2] #8226 FAIL 1s :: dc97cd27-b197-41da-8df7-9c2a0d7cb357 :: {"error":"Storage download failed: Too many connections issued to the database"}
2026-07-07 01:50:00 [s2] #8230 FAIL 2s :: dcb1a496-d38f-4626-a287-f03bd8f8f0c8 :: {"error":"Storage download failed: Too many connections issued to the database"}
2026-07-07 01:50:02 [s2] #8234 FAIL 2s :: dcc2cfb8-699e-4bab-a9a5-5a82f4a40dd1 :: {"error":"Storage download failed: Too many connections issued to the database"}
2026-07-07 01:50:03 [s2] #8238 FAIL 1s :: dcfa15fd-e599-43dd-bba0-a84634dd00be :: {"error":"Storage download failed: Too many connections issued to the database"}
2026-07-07 01:50:03 [s2] #8242 FAIL 1s :: dd17e4d4-95bd-4e60-9251-28c7a8a94322 :: {"error":"Storage download failed: Too many connections issued to the database"}
2026-07-07 01:50:04 [s2] #8246 FAIL 1s :: dd30b4f4-872d-42ca-b77f-36f9bedd8c58 :: {"error":"Storage download failed: Too many connections issued to the database"}
2026-07-07 01:50:05 [s2] #8250 FAIL 1s :: dd4ab618-37a1-446f-8594-c15eeb7c29e9 :: {"error":"Storage download failed: Too many connections issued to the database"}
2026-07-07 01:50:05 [s2] #8254 FAIL 1s :: dd70a84d-0aa7-40c1-9e9d-910baa0727c3 :: {"error":"Storage download failed: Too many connections issued to the database"}
2026-07-07 01:50:06 [s2] #8258 FAIL 1s :: dd96dae7-7a4e-4fe2-93f4-76d01a3e367d :: {"error":"Storage download failed: Too many connections issued to the database"}
2026-07-07 01:50:07 [s2] #8262 FAIL 0s :: ddae2926-c85e-446b-871c-6bdbf2ca9f3a :: {"error":"Storage download failed: Too many connections issued to the database"}
2026-07-07 01:50:07 [s2] #8266 FAIL 1s :: ddc90324-1845-4544-a72d-59dc433fda8a :: {"error":"Storage download failed: Too many connections issued to the database"}
2026-07-07 01:50:08 [s2] #8270 FAIL 1s :: dde6fd4a-470a-4d5e-9851-bfb036bd0e93 :: {"error":"Storage download failed: Too many connections issued to the database"}
2026-07-07 01:50:09 [s2] #8274 FAIL 1s :: de02fa61-a6cc-4a59-8d5f-cd2e250661e9 :: {"error":"Storage download failed: Too many connections issued to the database"}
2026-07-07 01:50:09 [s2] #8278 FAIL 1s :: de223972-03e5-40f5-8eb4-fd7e4552c5db :: {"error":"Storage download failed: Too many connections issued to the database"}
2026-07-07 01:50:11 [s2] #8282 FAIL 1s :: de3f9168-e995-4fd1-8448-af95226a66c5 :: {"error":"Storage download failed: Too many connections issued to the database"}
2026-07-07 01:50:11 [s2] #8286 FAIL 1s :: de5f1d7a-2b79-4bf6-b0d3-0254c5858481 :: {"error":"Storage download failed: Too many connections issued to the database"}
2026-07-07 01:50:12 [s2] #8290 FAIL 1s :: de69818b-5a0a-46ea-80e9-5bbeb3266d41 :: {"error":"Storage download failed: Too many connections issued to the database"}
2026-07-07 01:50:13 [s2] #8294 FAIL 1s :: de7fe8fb-048a-4b60-a8d5-a3c04bd81a98 :: {"error":"Storage download failed: Too many connections issued to the database"}
2026-07-07 01:50:13 [s2] #8298 FAIL 1s :: deb0db4c-e456-40e9-baa7-d073759c9a85 :: {"error":"Storage download failed: Too many connections issued to the database"}
2026-07-07 01:50:14 [s2] #8302 FAIL 1s :: dec9704f-f0a9-47f3-8350-62b86f72b004 :: {"error":"Storage download failed: Too many connections issued to the database"}
2026-07-07 01:50:15 [s2] #8306 FAIL 1s :: deddbf29-f032-4a80-a9f5-63f3bf33593a :: {"error":"Storage download failed: Too many connections issued to the database"}
2026-07-07 01:50:16 [s2] #8310 FAIL 1s :: df070c58-246f-4579-96ab-cc8828b69221 :: {"error":"Storage download failed: Too many connections issued to the database"}
2026-07-07 01:50:16 [s2] #8314 FAIL 1s :: df183e0b-2ad4-4e41-8352-02270401eac8 :: {"error":"Storage download failed: Too many connections issued to the database"}
2026-07-07 01:50:17 [s2] #8318 FAIL 1s :: df2d3264-5bc4-48c7-bed7-a079a7e93264 :: {"error":"Storage download failed: Too many connections issued to the database"}
2026-07-07 01:50:18 [s2] #8322 FAIL 1s :: df35e8fd-0d33-4fc1-8688-14a84755f029 :: {"error":"Storage download failed: Too many connections issued to the database"}
2026-07-07 01:50:18 [s2] #8326 FAIL 1s :: df6c3c1a-765f-4c7a-9a7c-7db0a4da5e60 :: {"error":"Storage download failed: Too many connections issued to the database"}
2026-07-07 01:50:19 [s2] #8330 FAIL 1s :: df748cc3-78d8-4df8-a188-e0ce3ce3036e :: {"error":"Storage download failed: Too many connections issued to the database"}
2026-07-07 01:50:20 [s2] #8334 FAIL 1s :: df94d4a6-5ebb-49f8-a2e9-cdeb1d0bce1a :: {"error":"Storage download failed: Too many connections issued to the database"}
2026-07-07 01:50:21 [s2] #8338 FAIL 1s :: dfa25838-62ff-4391-bdeb-7c4bbf88eeb5 :: {"error":"Storage download failed: Too many connections issued to the database"}
2026-07-07 01:50:21 [s2] #8342 FAIL 1s :: dfb06acb-a271-4a51-aec8-93c5622c71af :: {"error":"Storage download failed: Too many connections issued to the database"}
2026-07-07 01:50:22 [s2] #8346 FAIL 1s :: dfc6f471-0b0f-43e5-a564-495ea59b12d6 :: {"error":"Storage download failed: Too many connections issued to the database"}
2026-07-07 01:50:23 [s2] #8350 FAIL 1s :: dfe6e511-944a-422a-a253-94936e53cd44 :: {"error":"Storage download failed: Too many connections issued to the database"}
2026-07-07 01:50:24 [s2] #8354 FAIL 1s :: dff3a37a-52be-4cd7-84da-ac23618668d8 :: {"error":"Storage download failed: Too many connections issued to the database"}
2026-07-07 01:50:24 [s2] #8358 FAIL 1s :: e00294fb-e90a-40f1-8362-ad5cc04908d8 :: {"error":"Storage download failed: Too many connections issued to the database"}
2026-07-07 01:50:25 [s2] #8362 FAIL 1s :: e027ee38-fee0-467d-8c4c-6d28cdd0bd86 :: {"error":"Storage download failed: Too many connections issued to the database"}
2026-07-07 01:50:26 [s2] #8366 FAIL 1s :: e0391ee9-43c0-4cfb-8026-0f9ae070393f :: {"error":"Storage download failed: Too many connections issued to the database"}
2026-07-07 01:50:26 [s2] #8370 FAIL 1s :: e045317e-0704-4900-bff4-0f1f627334f6 :: {"error":"Storage download failed: Too many connections issued to the database"}
2026-07-07 01:50:27 [s2] #8374 FAIL 1s :: e05563f6-627a-44ba-aa9b-e6dc451a7ca1 :: {"error":"Storage download failed: Too many connections issued to the database"}
2026-07-07 01:50:28 [s2] #8378 FAIL 1s :: e06598d6-3bc7-4c32-8aa4-b0b5d27ffeda :: {"error":"Storage download failed: Too many connections issued to the database"}
2026-07-07 01:50:29 [s2] #8382 FAIL 1s :: e07384cb-65d2-46ff-86ab-3097fa372741 :: {"error":"Storage download failed: Too many connections issued to the database"}
2026-07-07 01:50:29 [s2] #8386 FAIL 1s :: e07adf76-032d-4af4-b3e1-97e49bcb1501 :: {"error":"Storage download failed: Too many connections issued to the database"}
2026-07-07 01:50:30 [s2] #8390 FAIL 1s :: e091a087-0d97-4aca-a8e1-54da97b328c7 :: {"error":"Storage download failed: Too many connections issued to the database"}
2026-07-07 01:50:31 [s2] #8394 FAIL 1s :: e0b0f76a-255c-407c-b60a-141e9712e059 :: {"error":"Storage download failed: Too many connections issued to the database"}
2026-07-07 01:50:31 [s2] #8398 FAIL 1s :: e0c9b704-25a0-4fa3-a25c-5515d5da7ecb :: {"error":"Storage download failed: Too many connections issued to the database"}
2026-07-07 01:50:32 [s2] #8402 FAIL 1s :: e0e84910-5f1a-49b7-b93f-6b3fa3c69218 :: {"error":"Storage download failed: Too many connections issued to the database"}
2026-07-07 01:50:33 [s2] #8406 FAIL 1s :: e0ef4809-8fbe-47a2-a3ba-0786d63d6cab :: {"error":"Storage download failed: Too many connections issued to the database"}
2026-07-07 01:50:34 [s2] #8410 FAIL 1s :: e111bfce-066c-4004-a5e3-eeb69eeb579f :: {"error":"Storage download failed: Too many connections issued to the database"}
2026-07-07 01:50:35 [s2] #8414 FAIL 1s :: e126c80b-6f16-4826-8573-77b37a161349 :: {"error":"Storage download failed: Too many connections issued to the database"}
2026-07-07 01:50:35 [s2] #8418 FAIL 1s :: e15a115b-1999-4279-bfb9-dd0cd88fa0a2 :: {"error":"Storage download failed: Too many connections issued to the database"}
2026-07-07 01:50:36 [s2] #8422 FAIL 1s :: e164153e-fd28-44a6-99c5-ec2cd9def048 :: {"error":"Storage download failed: Too many connections issued to the database"}
2026-07-07 01:50:37 [s2] #8426 FAIL 1s :: e175585f-1fc3-42c7-b9ea-34be034e805e :: {"error":"Storage download failed: Too many connections issued to the database"}
2026-07-07 01:50:38 [s2] #8430 FAIL 1s :: e1989152-c373-493d-b426-764716c36478 :: {"error":"Storage download failed: Too many connections issued to the database"}
2026-07-07 01:50:38 [s2] #8434 FAIL 0s :: e1ab8a9e-0056-424e-bded-85c8a86256df :: {"error":"Storage download failed: Too many connections issued to the database"}
2026-07-07 01:50:39 [s2] #8438 FAIL 1s :: e1b4f6de-5d2b-4e6d-a816-b1649640a77c :: {"error":"Storage download failed: Too many connections issued to the database"}
2026-07-07 01:50:39 [s2] #8442 FAIL 1s :: e1d507ae-4335-4e25-93cd-e4c7b52363a9 :: {"error":"Storage download failed: Too many connections issued to the database"}
2026-07-07 01:50:40 [s2] #8446 FAIL 1s :: e21bccc6-24f4-4a77-a636-b67269719074 :: {"error":"Storage download failed: Too many connections issued to the database"}
2026-07-07 01:50:41 [s2] #8450 FAIL 0s :: e23da3fb-fa1f-4a67-bc08-3cf91e1646b8 :: {"error":"Storage download failed: Too many connections issued to the database"}
2026-07-07 01:50:41 [s2] #8454 FAIL 1s :: e251e9e0-251a-4d24-b308-315a949b27b0 :: {"error":"Storage download failed: Too many connections issued to the database"}
2026-07-07 01:50:42 [s2] #8458 FAIL 1s :: e2785b0c-b158-48de-8000-7501644c70c3 :: {"error":"Storage download failed: Too many connections issued to the database"}
2026-07-07 01:50:43 [s2] #8462 FAIL 0s :: e291c0bf-b7bc-4b46-bc27-1517d9b34427 :: {"error":"Storage download failed: Too many connections issued to the database"}
2026-07-07 01:50:43 [s2] #8466 FAIL 1s :: e29a90de-4437-4993-b2c7-bcce3bd0ba6f :: {"error":"Storage download failed: Too many connections issued to the database"}
2026-07-07 01:50:44 [s2] #8470 FAIL 1s :: e2a90198-6b78-472e-9bf8-e09ea7283d72 :: {"error":"Storage download failed: Too many connections issued to the database"}
2026-07-07 01:50:45 [s2] #8474 FAIL 1s :: e2ce13d0-884a-40c7-883a-fdd74f0b8352 :: {"error":"Storage download failed: Too many connections issued to the database"}
2026-07-07 01:50:46 [s2] #8478 FAIL 1s :: e2f39922-8f26-47e8-97df-25f86ae9851e :: {"error":"Storage download failed: Too many connections issued to the database"}
2026-07-07 01:50:46 [s2] #8482 FAIL 1s :: e303f67f-5234-4ba0-984f-c9fafbd28ab1 :: {"error":"Storage download failed: Too many connections issued to the database"}
2026-07-07 01:50:47 [s2] #8486 FAIL 0s :: e31c61f4-30aa-48eb-bce5-e4ef5f9fc046 :: {"error":"Storage download failed: Too many connections issued to the database"}
2026-07-07 01:50:48 [s2] #8490 FAIL 1s :: e324e328-87da-4399-b5d5-a09b5c94a5f8 :: {"error":"Storage download failed: Too many connections issued to the database"}
2026-07-07 01:50:48 [s2] #8494 FAIL 1s :: e32c5fc5-eaa6-4ce8-b11c-4c8f69db1f7b :: {"error":"Storage download failed: Too many connections issued to the database"}
2026-07-07 01:50:49 [s2] #8498 FAIL 1s :: e3496a36-af8d-4607-825c-14795665d8af :: {"error":"Storage download failed: Too many connections issued to the database"}
2026-07-07 01:50:50 [s2] #8502 FAIL 1s :: e35ace4f-9daf-45a0-8fdb-449844c70576 :: {"error":"Storage download failed: Too many connections issued to the database"}
2026-07-07 01:50:50 [s2] #8506 FAIL 0s :: e37b85e7-1d4e-4710-a9b7-9d6cde4c7325 :: {"error":"Storage download failed: Too many connections issued to the database"}
2026-07-07 01:50:51 [s2] #8510 FAIL 1s :: e39095f8-e1b7-4cbb-b426-e54dad551834 :: {"error":"Storage download failed: Too many connections issued to the database"}
2026-07-07 01:50:52 [s2] #8514 FAIL 1s :: e3b9fa91-1ff4-42fb-b89e-339b0af4b6fc :: {"error":"Storage download failed: Too many connections issued to the database"}
2026-07-07 01:50:52 [s2] #8518 FAIL 1s :: e403ba0a-25df-4f8a-8984-fb872c0503cf :: {"error":"Storage download failed: Too many connections issued to the database"}
2026-07-07 01:50:53 [s2] #8522 FAIL 1s :: e4107433-202c-4f72-a9c6-60c0d139b151 :: {"error":"Storage download failed: Too many connections issued to the database"}
2026-07-07 01:50:53 [s2] #8526 FAIL 1s :: e42b4c81-46ac-4e8a-b8e2-30e70cb182d2 :: {"error":"Storage download failed: Too many connections issued to the database"}
2026-07-07 01:50:54 [s2] #8530 FAIL 1s :: e43d7fd5-eb03-4165-b262-5e1c3f833290 :: {"error":"Storage download failed: Too many connections issued to the database"}
2026-07-07 01:50:55 [s2] #8534 FAIL 1s :: e47941a7-0618-4343-95b9-f8986f80eda8 :: {"error":"Storage download failed: Too many connections issued to the database"}
2026-07-07 01:50:55 [s2] #8538 FAIL 1s :: e486ae1e-0dbc-4dc6-b748-1439a59a2fa6 :: {"error":"Storage download failed: Too many connections issued to the database"}
2026-07-07 01:50:56 [s2] #8542 FAIL 1s :: e4a4daaf-9b87-4de7-bc6a-eeba2868aabd :: {"error":"Storage download failed: Too many connections issued to the database"}
2026-07-07 01:50:57 [s2] #8546 FAIL 1s :: e4c91171-e377-4a6c-a769-6493dc57fce2 :: {"error":"Storage download failed: Too many connections issued to the database"}
2026-07-07 01:50:57 [s2] #8550 FAIL 1s :: e4fd860e-334b-4dc2-a92d-9ca99c31f077 :: {"error":"Storage download failed: Too many connections issued to the database"}
2026-07-07 01:50:58 [s2] #8554 FAIL 1s :: e521b6b7-5a43-424d-89cc-1f50486c695a :: {"error":"Storage download failed: Too many connections issued to the database"}
2026-07-07 01:50:59 [s2] #8558 FAIL 1s :: e53badfd-bdaa-48ee-a5c0-331a5f4c0195 :: {"error":"Storage download failed: Too many connections issued to the database"}
2026-07-07 01:50:59 [s2] #8562 FAIL 1s :: e56b3939-22dc-4483-a1f5-2610146226c2 :: {"error":"Storage download failed: Too many connections issued to the database"}
2026-07-07 01:51:00 [s2] #8566 FAIL 1s :: e5798827-f78c-43b8-864e-b17fa48e613c :: {"error":"Storage download failed: Too many connections issued to the database"}
2026-07-07 01:51:01 [s2] #8570 FAIL 1s :: e5999049-f425-4392-9cde-e5d367f60f3f :: {"error":"Storage download failed: Too many connections issued to the database"}
2026-07-07 01:51:02 [s2] #8574 FAIL 1s :: e5afb2d9-07d3-4066-bbd4-9505ef5d1219 :: {"error":"Storage download failed: Too many connections issued to the database"}
2026-07-07 01:51:02 [s2] #8578 FAIL 1s :: e5d2d233-78f2-4b33-92c3-2bb510a1b650 :: {"error":"Storage download failed: Too many connections issued to the database"}
2026-07-07 01:51:03 [s2] #8582 FAIL 1s :: e5dd023c-4982-4177-b14a-4eea75fcbf53 :: {"error":"Storage download failed: Too many connections issued to the database"}
2026-07-07 01:51:04 [s2] #8586 FAIL 1s :: e5fe0b28-ecad-46f4-a6c2-82fb7fdd5f5d :: {"error":"Storage download failed: Too many connections issued to the database"}
2026-07-07 01:51:04 [s2] #8590 FAIL 1s :: e61d3f82-02ed-4b58-90b0-a03a43d562e5 :: {"error":"Storage download failed: Too many connections issued to the database"}
2026-07-07 01:51:05 [s2] #8594 FAIL 1s :: e6246259-0af9-41e2-b24f-abffe162f251 :: {"error":"Storage download failed: Too many connections issued to the database"}
2026-07-07 01:51:06 [s2] #8598 FAIL 1s :: e6380c57-2120-4d63-ba12-2caebc67386f :: {"error":"Storage download failed: Too many connections issued to the database"}
2026-07-07 01:51:07 [s2] #8602 FAIL 1s :: e64b9430-5024-41d8-9582-d83688ff6c0b :: {"error":"Storage download failed: Too many connections issued to the database"}
2026-07-07 01:51:07 [s2] #8606 FAIL 1s :: e65d6896-13e6-4fb3-8cf0-7c16697726c6 :: {"error":"Storage download failed: Too many connections issued to the database"}
2026-07-07 01:51:08 [s2] #8610 FAIL 1s :: e6822639-b2da-4e36-9563-11f505a3611a :: {"error":"Storage download failed: Too many connections issued to the database"}
2026-07-07 01:51:09 [s2] #8614 FAIL 1s :: e6932479-a354-4816-a30a-9c1173064cd4 :: {"error":"Storage download failed: Too many connections issued to the database"}
2026-07-07 01:51:09 [s2] #8618 FAIL 1s :: e6bb3914-fe48-4906-9744-b276bfd10610 :: {"error":"Storage download failed: Too many connections issued to the database"}
2026-07-07 01:51:10 [s2] #8622 FAIL 1s :: e6c6e5aa-781e-48b5-85fb-026c9f6f0d6a :: {"error":"Storage download failed: Too many connections issued to the database"}
2026-07-07 01:51:11 [s2] #8626 FAIL 1s :: e6fe43e6-9545-4124-a49b-4f3e1ba4edd2 :: {"error":"Storage download failed: Too many connections issued to the database"}
2026-07-07 01:51:12 [s2] #8630 FAIL 1s :: e70eb0f7-5304-496c-bad5-9cf92d775782 :: {"error":"Storage download failed: Too many connections issued to the database"}
2026-07-07 01:51:12 [s2] #8634 FAIL 0s :: e72cd53b-4656-470d-b298-a507f2f61511 :: {"error":"Storage download failed: Too many connections issued to the database"}
2026-07-07 01:51:13 [s2] #8638 FAIL 1s :: e74b70b3-749a-4737-84a1-e38ab27a414e :: {"error":"Storage download failed: Too many connections issued to the database"}
2026-07-07 01:51:13 [s2] #8642 FAIL 1s :: e7726ea3-cbf1-4e05-a5f6-ba6b7aa49437 :: {"error":"Storage download failed: Too many connections issued to the database"}
2026-07-07 01:51:14 [s2] #8646 FAIL 1s :: e776287d-90e7-46d4-804b-033ca49e4967 :: {"error":"Storage download failed: Too many connections issued to the database"}
2026-07-07 01:51:15 [s2] #8650 FAIL 1s :: e790b392-ff29-4ee7-b522-85f711502c8d :: {"error":"Storage download failed: Too many connections issued to the database"}
2026-07-07 01:51:15 [s2] #8654 FAIL 1s :: e7b16a07-c7dc-406a-bf21-2d3b7ca8b8ce :: {"error":"Storage download failed: Too many connections issued to the database"}
2026-07-07 01:51:16 [s2] #8658 FAIL 1s :: e7c40f96-63c3-4d5f-a0b8-f668bb8f5559 :: {"error":"Storage download failed: Too many connections issued to the database"}
2026-07-07 01:51:16 [s2] #8662 FAIL 1s :: e7d6dcf6-ae26-42b2-87b1-3cfb58d4ae58 :: {"error":"Storage download failed: Too many connections issued to the database"}
2026-07-07 01:51:22 [s2] #8666 FAIL 6s :: e7e62cae-16c5-4b8e-908c-318a919ac8db :: {"error":"Storage download failed: The connection to the database timed out"}
2026-07-07 01:51:28 [s2] #8670 FAIL 6s :: e7f5cbe7-5392-4dcb-b96a-92172e5fcd39 :: {"error":"Storage download failed: The connection to the database timed out"}
2026-07-07 01:51:34 [s2] #8674 FAIL 6s :: e8137e28-92e4-4899-863b-7c10bfcc0822 :: {"error":"Storage download failed: The connection to the database timed out"}
2026-07-07 01:51:39 [s2] #8678 FAIL 6s :: e830beb5-e84d-46e2-89b8-86cef23e7bf9 :: {"error":"Storage download failed: The connection to the database timed out"}
2026-07-07 01:51:45 [s2] #8682 FAIL 6s :: e8409028-f163-4a97-961e-75de9b559a7d :: {"error":"Storage download failed: The connection to the database timed out"}
2026-07-07 01:51:51 [s2] #8686 FAIL 6s :: e86b5718-bac0-4a12-b87b-3b0ab5d46c93 :: {"error":"Storage download failed: The connection to the database timed out"}
2026-07-07 01:51:56 [s2] #8690 FAIL 6s :: e8848f2d-c53a-46bd-a466-29a7c3430a6f :: {"error":"Storage download failed: The connection to the database timed out"}
2026-07-07 01:51:57 [s2] #8694 FAIL 1s :: e8a3a09a-6d3f-4ea5-85e2-daa641dcf023 :: {"error":"Storage download failed: Too many connections issued to the database"}
2026-07-07 01:52:21 [s2] #8702 FAIL 17s :: e8c6c7b9-b2d6-4a67-9d99-913e92b66c53 :: {"code":"WORKER_RESOURCE_LIMIT","message":"Function failed due to not having enough compute resources (please check logs)"}
2026-07-07 01:54:34 [s2] #8710 FAIL 126s :: e8f36d18-3381-4ef3-a616-86387d193fd6 :: {"error":"clear old text chunks failed: canceling statement due to statement timeout"}
2026-07-07 01:54:40 [s2] #8714 FAIL 6s :: e9071139-53c1-41ba-bc61-222681e019ee :: {"error":"Storage download failed: The connection to the database timed out"}
2026-07-07 01:56:57 [s2] #8718 FAIL 137s :: e948fce6-3f89-42f5-a88a-508d9018199e :: {"error":"clear old text chunks failed: upstream request timeout"}
2026-07-07 01:59:29 [s2] #8726 FAIL 150s :: e98733fe-8459-4868-b9b6-9de5a14e269b :: {"code":"IDLE_TIMEOUT","message":"Request idle timeout limit (150s) reached"}
2026-07-07 01:59:35 [s2] #8730 FAIL 6s :: e9a6ba3d-5256-40d9-8fec-d622a41f98f4 :: {"error":"Storage download failed: The connection to the database timed out"}
2026-07-07 01:59:36 [s2] #8734 FAIL 1s :: e9d44f67-0319-452c-8af3-65220e5993e9 :: {"error":"Storage download failed: Too many connections issued to the database"}
2026-07-07 01:59:36 [s2] #8738 FAIL 1s :: e9edab7c-cf2d-49ea-9186-664e6efdd865 :: {"error":"Storage download failed: Too many connections issued to the database"}
2026-07-07 01:59:37 [s2] #8742 FAIL 1s :: e9f389ac-c53a-498c-995c-7eb71a5eddbf :: {"error":"Storage download failed: Too many connections issued to the database"}
2026-07-07 01:59:38 [s2] #8746 FAIL 1s :: ea12bd48-13ad-4814-a9e8-7939584dd364 :: {"error":"Storage download failed: Too many connections issued to the database"}
2026-07-07 01:59:39 [s2] #8750 FAIL 1s :: ea3c99c7-dab3-4fee-aa79-7aa35fb08bf0 :: {"error":"Storage download failed: Too many connections issued to the database"}
2026-07-07 01:59:40 [s2] #8754 FAIL 1s :: ea5c24ef-c578-4058-aeed-a8e7dc44097a :: {"error":"Storage download failed: Too many connections issued to the database"}
2026-07-07 02:02:05 [s2] #8762 FAIL 139s :: eaa1b8d1-5022-4231-a89a-7d50d14ae378 :: {"error":"text chunk insert failed: canceling statement due to statement timeout"}
2026-07-07 02:03:21 [s2] #8774 FAIL 60s :: eae20c47-db38-4641-9e1d-1f5501d90d59 :: {"error":"clear old text chunks failed: canceling statement due to statement timeout"}
2026-07-07 02:04:43 [s2] #8782 FAIL 75s :: eb0432c9-47fb-4a7e-8664-674508f8a38f :: {"error":"clear old text chunks failed: canceling statement due to statement timeout"}
2026-07-07 02:06:38 [s2] #8786 FAIL 115s :: eb1bf38e-191d-475f-a590-df82b3d93750 :: {"error":"text chunk insert failed: canceling statement due to statement timeout"}
2026-07-07 02:09:08 [s2] #8790 FAIL 150s :: eb555e43-2d8a-4d75-9f93-8db02c732328 :: {"code":"IDLE_TIMEOUT","message":"Request idle timeout limit (150s) reached"}
2026-07-07 02:09:14 [s2] #8794 FAIL 6s :: eb792fd9-3dd7-4827-8f26-a32796a8556f :: {"error":"Storage download failed: The connection to the database timed out"}
2026-07-07 02:09:20 [s2] #8798 FAIL 6s :: eb944bc4-ecda-4f36-a8e2-061184edb9fc :: {"error":"Storage download failed: The connection to the database timed out"}
2026-07-07 02:09:26 [s2] #8802 FAIL 6s :: eba618fa-b5f1-4026-8833-a8554cdfecf0 :: {"error":"Storage download failed: The connection to the database timed out"}
2026-07-07 02:09:31 [s2] #8806 FAIL 6s :: ebb63b5f-223d-405b-b377-4456fe21952d :: {"error":"Storage download failed: The connection to the database timed out"}
2026-07-07 02:09:37 [s2] #8810 FAIL 6s :: ebdd0ce5-17a9-4cd6-9137-3ee6b9a2abe8 :: {"error":"Storage download failed: The connection to the database timed out"}
2026-07-07 02:09:38 [s2] #8814 FAIL 1s :: ec02b8e4-fc35-4fb6-8b0d-a76a1df87d8e :: {"error":"Storage download failed: Too many connections issued to the database"}
2026-07-07 02:09:39 [s2] #8818 FAIL 1s :: ec1bda1c-f6ab-483e-bb5b-00c6330270d2 :: {"error":"Storage download failed: Too many connections issued to the database"}
2026-07-07 02:09:39 [s2] #8822 FAIL 1s :: ec2cd8bb-1c46-4970-9dcd-1bca699591c0 :: {"error":"Storage download failed: Too many connections issued to the database"}
2026-07-07 02:09:40 [s2] #8826 FAIL 1s :: ec352829-5c70-4201-9627-b08e9911fad3 :: {"error":"Storage download failed: Too many connections issued to the database"}
2026-07-07 02:09:41 [s2] #8830 FAIL 1s :: ec58473c-6420-49a3-adba-c549d8f0af62 :: {"error":"Storage download failed: Too many connections issued to the database"}
2026-07-07 02:09:42 [s2] #8834 FAIL 1s :: ec682b9d-1943-4a3a-a011-3307e998f796 :: {"error":"Storage download failed: Too many connections issued to the database"}
2026-07-07 02:09:43 [s2] #8838 FAIL 1s :: ec7cb0a3-cc0d-4520-a692-9e3ec1cec146 :: {"error":"Storage download failed: Too many connections issued to the database"}
2026-07-07 02:09:49 [s2] #8842 FAIL 6s :: ecb2e9dc-b29b-4432-aaf7-e5b44629794f :: {"error":"Storage download failed: The connection to the database timed out"}
2026-07-07 02:12:09 [s2] #8846 FAIL 140s :: ecb8780a-82c2-4059-bbd2-112db852a613 :: {"error":"clear old text chunks failed: upstream request timeout"}
2026-07-07 02:12:14 [s2] #8850 FAIL 6s :: ecc3d39f-f43d-45e4-8f80-202d1961e0f0 :: {"error":"Storage download failed: The connection to the database timed out"}
2026-07-07 02:12:20 [s2] #8854 FAIL 6s :: ecd7aaa2-fd49-491f-8a76-4ebcd8587728 :: {"error":"Storage download failed: The connection to the database timed out"}
2026-07-07 02:12:26 [s2] #8858 FAIL 6s :: eceae092-9d2c-48dd-bea9-9956d01ec5e1 :: {"error":"Storage download failed: The connection to the database timed out"}
2026-07-07 02:12:27 [s2] #8862 FAIL 1s :: ed05260a-d4b8-448f-a65b-256f6842393f :: {"error":"Storage download failed: Too many connections issued to the database"}
2026-07-07 02:12:28 [s2] #8866 FAIL 1s :: ed1ddab8-9e8a-4372-b6d4-c456078d3d92 :: {"error":"Storage download failed: Too many connections issued to the database"}
2026-07-07 02:12:28 [s2] #8870 FAIL 1s :: ed37572b-adf4-4e6e-98c5-93be04eec87c :: {"error":"Storage download failed: Too many connections issued to the database"}
2026-07-07 02:12:29 [s2] #8874 FAIL 1s :: ed662158-216a-42e5-899d-daee2c652904 :: {"error":"Storage download failed: Too many connections issued to the database"}
2026-07-07 02:12:30 [s2] #8878 FAIL 1s :: eda55d4b-4aa7-4f6e-84d9-952a97c7456a :: {"error":"Storage download failed: Too many connections issued to the database"}
2026-07-07 02:12:31 [s2] #8882 FAIL 1s :: edbe65a3-c284-4d45-8aa4-2051b747754b :: {"error":"Storage download failed: Too many connections issued to the database"}
2026-07-07 02:12:31 [s2] #8886 FAIL 1s :: ede50678-cf16-4f62-bb88-115a69e00376 :: {"error":"Storage download failed: Too many connections issued to the database"}
2026-07-07 02:12:37 [s2] #8890 FAIL 6s :: edef9471-d0bb-445e-b0bd-466b0e465444 :: {"error":"Storage download failed: The connection to the database timed out"}
2026-07-07 02:14:57 [s2] #8894 FAIL 140s :: ee19e240-38dd-4422-bf7c-3fce0cd0c7b1 :: {"error":"clear old text chunks failed: upstream request timeout"}
2026-07-07 02:15:03 [s2] #8898 FAIL 6s :: ee3bea6c-fc88-4cda-8d58-b1f83bae6936 :: {"error":"Storage download failed: The connection to the database timed out"}
2026-07-07 02:15:09 [s2] #8902 FAIL 6s :: ee5b6922-a5c2-487e-9fd4-315a7fdb6c90 :: {"error":"Storage download failed: The connection to the database timed out"}
2026-07-07 02:15:15 [s2] #8906 FAIL 6s :: ee9b45b3-5309-494a-a037-3d011951cc71 :: {"error":"Storage download failed: The connection to the database timed out"}
2026-07-07 02:15:16 [s2] #8910 FAIL 1s :: eeb58687-28d4-432a-b8ef-ce44e45308df :: {"error":"Storage download failed: Too many connections issued to the database"}
2026-07-07 02:15:17 [s2] #8914 FAIL 1s :: eec8ffc5-3f45-4efc-bacc-48efb36c08ac :: {"error":"Storage download failed: Too many connections issued to the database"}
2026-07-07 02:15:17 [s2] #8918 FAIL 1s :: eedd245e-21a2-48f0-a8cc-ee96de46f67f :: {"error":"Storage download failed: Too many connections issued to the database"}
2026-07-07 02:15:18 [s2] #8922 FAIL 1s :: eeeaec97-9f2e-484c-865b-547010494c77 :: {"error":"Storage download failed: Too many connections issued to the database"}
2026-07-07 02:15:19 [s2] #8926 FAIL 1s :: eefc9466-dfcf-4031-92bc-24ca013f8024 :: {"error":"Storage download failed: Too many connections issued to the database"}
2026-07-07 02:15:20 [s2] #8930 FAIL 1s :: ef223bee-ecbe-420e-b46a-edf567b9796b :: {"error":"Storage download failed: Too many connections issued to the database"}
2026-07-07 02:15:21 [s2] #8934 FAIL 1s :: ef54264a-279b-47e7-b820-3c463aafd281 :: {"error":"Storage download failed: Too many connections issued to the database"}
2026-07-07 02:15:21 [s2] #8938 FAIL 1s :: ef6aace9-2fbf-4936-9ded-238e33df3837 :: {"error":"Storage download failed: Too many connections issued to the database"}
2026-07-07 02:15:22 [s2] #8942 FAIL 1s :: ef839690-a0f6-440d-a6a1-dd87e32a9fb0 :: {"error":"Storage download failed: Too many connections issued to the database"}
2026-07-07 02:15:23 [s2] #8946 FAIL 1s :: efa3cb6a-f020-4c7b-9965-62ec0ed244ba :: {"error":"Storage download failed: Too many connections issued to the database"}
2026-07-07 02:15:23 [s2] #8950 FAIL 1s :: efcf903e-dd0d-4522-a066-46cbcf66e503 :: {"error":"Storage download failed: Too many connections issued to the database"}
2026-07-07 02:15:24 [s2] #8954 FAIL 1s :: efeb4cd8-d0ab-49fb-a0cb-37d59b3b4cc3 :: {"error":"Storage download failed: Too many connections issued to the database"}
2026-07-07 02:15:25 [s2] #8958 FAIL 1s :: effca4b0-785e-4a0e-b0d8-7b26058f5b58 :: {"error":"Storage download failed: Too many connections issued to the database"}
2026-07-07 02:15:26 [s2] #8962 FAIL 1s :: f026fc94-ba41-4001-be23-44224774099a :: {"error":"Storage download failed: Too many connections issued to the database"}
2026-07-07 02:15:26 [s2] #8966 FAIL 1s :: f03b0f00-5596-490d-939e-06938fa94f1c :: {"error":"Storage download failed: Too many connections issued to the database"}
2026-07-07 02:15:27 [s2] #8970 FAIL 1s :: f0695b54-60f5-4eae-8f9d-76c93fea7033 :: {"error":"Storage download failed: Too many connections issued to the database"}
2026-07-07 02:15:28 [s2] #8974 FAIL 1s :: f0a879ec-9d89-4361-a1e5-1f0275e11ba6 :: {"error":"Storage download failed: Too many connections issued to the database"}
2026-07-07 02:15:29 [s2] #8978 FAIL 1s :: f0b92d0d-7d43-46e2-85db-82c099dac78b :: {"error":"Storage download failed: Too many connections issued to the database"}
2026-07-07 02:15:30 [s2] #8982 FAIL 1s :: f0ee7902-2dfb-4b7a-bb68-14f0d047f2c1 :: {"error":"Storage download failed: Too many connections issued to the database"}
2026-07-07 02:15:30 [s2] #8986 FAIL 1s :: f1098c19-c741-41ae-826b-8737051f5dbe :: {"error":"Storage download failed: Too many connections issued to the database"}
2026-07-07 02:15:36 [s2] #8990 FAIL 6s :: f1224bc9-2faf-4f7d-8712-f44a3286642c :: {"error":"Storage download failed: The connection to the database timed out"}
2026-07-07 02:15:37 [s2] #8994 FAIL 1s :: f13d5475-8652-47b1-85d8-c9e8ceb0eb40 :: {"error":"Storage download failed: Too many connections issued to the database"}
2026-07-07 02:15:38 [s2] #8998 FAIL 1s :: f15401a7-64dc-4490-8641-259a7c7b7922 :: {"error":"Storage download failed: Too many connections issued to the database"}
2026-07-07 02:15:38 [s2] #9002 FAIL 1s :: f16e479e-2652-472b-b041-576c1c731141 :: {"error":"Storage download failed: Too many connections issued to the database"}
2026-07-07 02:15:40 [s2] #9006 FAIL 2s :: f17dee6a-d240-488e-862e-e3f69f720f02 :: {"error":"Storage download failed: Too many connections issued to the database"}
2026-07-07 02:15:41 [s2] #9010 FAIL 1s :: f1928bb4-fff7-4213-989f-a8e6e37d2486 :: {"error":"Storage download failed: Too many connections issued to the database"}
2026-07-07 02:15:42 [s2] #9014 FAIL 1s :: f1b0992c-7f7d-4cbd-99ad-3ad84b637220 :: {"error":"Storage download failed: Too many connections issued to the database"}
2026-07-07 02:15:42 [s2] #9018 FAIL 1s :: f1c7feba-05fc-439f-b646-b6f69c568719 :: {"error":"Storage download failed: Too many connections issued to the database"}
2026-07-07 02:15:43 [s2] #9022 FAIL 1s :: f1ebead0-8a3b-47db-9014-0aa134f7fa02 :: {"error":"Storage download failed: Too many connections issued to the database"}
2026-07-07 02:15:44 [s2] #9026 FAIL 1s :: f1fff1ef-e21a-461b-a61b-fd38e956d94c :: {"error":"Storage download failed: Too many connections issued to the database"}
2026-07-07 02:15:45 [s2] #9030 FAIL 1s :: f2158d27-957e-436d-b736-7bdaca0d3bcd :: {"error":"Storage download failed: Too many connections issued to the database"}
2026-07-07 02:15:45 [s2] #9034 FAIL 1s :: f232f1f4-39bc-40c6-8709-f11c138518b5 :: {"error":"Storage download failed: Too many connections issued to the database"}
2026-07-07 02:15:46 [s2] #9038 FAIL 1s :: f26f15b2-819b-48a8-afd8-ef8cdd427237 :: {"error":"Storage download failed: Too many connections issued to the database"}
2026-07-07 02:15:47 [s2] #9042 FAIL 1s :: f29274ba-cf6d-4313-985d-471ba8862d0e :: {"error":"Storage download failed: Too many connections issued to the database"}
2026-07-07 02:15:48 [s2] #9046 FAIL 1s :: f296946f-6471-471b-b11e-5c1ac4dfba1f :: {"error":"Storage download failed: Too many connections issued to the database"}
2026-07-07 02:15:49 [s2] #9050 FAIL 1s :: f2b4de4a-1933-4d4f-9afd-8e1d78f097fe :: {"error":"Storage download failed: Too many connections issued to the database"}
2026-07-07 02:15:50 [s2] #9054 FAIL 1s :: f2c3a9aa-9de4-4e67-891c-3ce10ddd0147 :: {"error":"Storage download failed: Too many connections issued to the database"}
2026-07-07 02:15:50 [s2] #9058 FAIL 1s :: f2d90adf-ccbf-4a02-a24d-6abececc4917 :: {"error":"Storage download failed: Too many connections issued to the database"}
2026-07-07 02:15:51 [s2] #9062 FAIL 1s :: f2ee90fa-8ed4-4645-a2f4-15df2fd2c0f4 :: {"error":"Storage download failed: Too many connections issued to the database"}
2026-07-07 02:15:52 [s2] #9066 FAIL 1s :: f2fd8cac-bbd0-44e1-a82f-32d9ced0763c :: {"error":"Storage download failed: Too many connections issued to the database"}
2026-07-07 02:15:52 [s2] #9070 FAIL 0s :: f33ec9db-a9c0-44b7-b553-fb4db93b0f8e :: {"error":"Storage download failed: Too many connections issued to the database"}
2026-07-07 02:15:53 [s2] #9074 FAIL 1s :: f346bc89-89a3-46b9-96c6-1c7a6602e1cc :: {"error":"Storage download failed: Too many connections issued to the database"}
2026-07-07 02:15:54 [s2] #9078 FAIL 1s :: f352925f-889f-454b-b57f-201449601683 :: {"error":"Storage download failed: Too many connections issued to the database"}
2026-07-07 02:15:55 [s2] #9082 FAIL 1s :: f374e7d0-53fe-429e-a4e1-8babc9f236f8 :: {"error":"Storage download failed: Too many connections issued to the database"}
2026-07-07 02:15:57 [s2] #9086 FAIL 2s :: f37f0946-17b2-45bb-829f-729b79c063a3 :: {"error":"Storage download failed: Too many connections issued to the database"}
2026-07-07 02:15:57 [s2] #9090 FAIL 1s :: f3954e80-5766-48ad-8469-8e1d0f63fb7a :: {"error":"Storage download failed: Too many connections issued to the database"}
2026-07-07 02:16:03 [s2] #9094 FAIL 6s :: f3b8b966-9cbe-48f3-abcf-9b0e70e0ae69 :: {"error":"Storage download failed: The connection to the database timed out"}
2026-07-07 02:16:09 [s2] #9098 FAIL 6s :: f3c3a3cd-2b77-416b-a8bf-a121535dbb0e :: {"error":"Storage download failed: The connection to the database timed out"}
2026-07-07 02:16:15 [s2] #9102 FAIL 6s :: f3d515f6-c2a6-4633-933e-6ef9ec10bd4a :: {"error":"Storage download failed: The connection to the database timed out"}
2026-07-07 02:16:21 [s2] #9106 FAIL 6s :: f3fe74c1-e105-469b-9ada-f712a32351e7 :: {"error":"Storage download failed: The connection to the database timed out"}
2026-07-07 02:16:27 [s2] #9110 FAIL 6s :: f41065a1-59a4-4103-a649-b79e9559a3eb :: {"error":"Storage download failed: The connection to the database timed out"}
2026-07-07 02:16:32 [s2] #9114 FAIL 6s :: f4317370-620f-4e34-bfa5-3ae8ef88ec92 :: {"error":"Storage download failed: The connection to the database timed out"}
2026-07-07 02:16:38 [s2] #9118 FAIL 6s :: f44b731c-e381-42f3-899b-1c4c1018746f :: {"error":"Storage download failed: The connection to the database timed out"}
2026-07-07 02:16:44 [s2] #9122 FAIL 6s :: f456f756-3ba4-4a26-a0f0-fb11717fae55 :: {"error":"Storage download failed: The connection to the database timed out"}
2026-07-07 02:16:50 [s2] #9126 FAIL 6s :: f47b9cbe-bfd1-4961-8ada-1b7273618a9c :: {"error":"Storage download failed: The connection to the database timed out"}
2026-07-07 02:16:55 [s2] #9130 FAIL 6s :: f492a319-7a31-4232-b8f1-e5a334e49c65 :: {"error":"Storage download failed: The connection to the database timed out"}
2026-07-07 02:17:01 [s2] #9134 FAIL 6s :: f4a72b2f-30c7-4d3d-a2a8-cfffb6884ed2 :: {"error":"Storage download failed: The connection to the database timed out"}
2026-07-07 02:17:07 [s2] #9138 FAIL 6s :: f4d07f08-3bdf-408c-84c7-838b95be13c8 :: {"error":"Storage download failed: The connection to the database timed out"}
2026-07-07 02:17:13 [s2] #9142 FAIL 6s :: f4e73d57-4ac7-45fc-a2f6-58f350b0021a :: {"error":"Storage download failed: The connection to the database timed out"}
2026-07-07 02:17:19 [s2] #9146 FAIL 6s :: f4f5aedf-7c97-44f8-9797-b37291fa9bb9 :: {"error":"Storage download failed: The connection to the database timed out"}
2026-07-07 02:17:25 [s2] #9150 FAIL 6s :: f500b574-f95a-4a3d-87bb-213f1dd9e4e9 :: {"error":"Storage download failed: The connection to the database timed out"}
2026-07-07 02:17:30 [s2] #9154 FAIL 6s :: f51af977-237e-4bb8-868e-3b00669bd996 :: {"error":"Storage download failed: The connection to the database timed out"}
2026-07-07 02:17:36 [s2] #9158 FAIL 6s :: f5368d43-2f45-43df-bc42-0bd767415f3f :: {"error":"Storage download failed: The connection to the database timed out"}
2026-07-07 02:17:42 [s2] #9162 FAIL 6s :: f53e8112-c7ed-42c6-a04f-f531a3cea970 :: {"error":"Storage download failed: The connection to the database timed out"}
2026-07-07 02:17:48 [s2] #9166 FAIL 6s :: f55377c9-eb10-4167-883d-5b0e649890bf :: {"error":"Storage download failed: The connection to the database timed out"}
2026-07-07 02:17:54 [s2] #9170 FAIL 6s :: f577fa30-3d79-4a44-8e11-c3ea0dbebdca :: {"error":"Storage download failed: The connection to the database timed out"}
2026-07-07 02:17:59 [s2] #9174 FAIL 6s :: f5ab5d51-a85f-441f-9724-76e7467cf965 :: {"error":"Storage download failed: The connection to the database timed out"}
2026-07-07 02:18:05 [s2] #9178 FAIL 6s :: f5d99cd3-5b6e-45d6-bc77-2907067a3870 :: {"error":"Storage download failed: The connection to the database timed out"}
2026-07-07 02:18:06 [s2] #9182 FAIL 1s :: f5f74c17-ddeb-4f1c-8f0d-26f30f5525fe :: {"error":"Storage download failed: Too many connections issued to the database"}
2026-07-07 02:18:07 [s2] #9186 FAIL 1s :: f6110c02-cbc9-4088-be42-00e74621d75c :: {"error":"Storage download failed: Too many connections issued to the database"}
2026-07-07 02:19:46 [s2] #9190 FAIL 99s :: f62719ee-1888-4838-a4cc-36248a5746d2 :: {"error":"clear old text chunks failed: canceling statement due to statement timeout"}
2026-07-07 02:19:51 [s2] #9194 FAIL 5s :: f63ae5a5-a2aa-42e1-8fbf-4e82747c3528 :: {"error":"Storage download failed: The connection to the database timed out"}
2026-07-07 02:19:57 [s2] #9198 FAIL 6s :: f66c68d2-c9a2-4dd8-9e7d-6608cc014aa4 :: {"error":"Storage download failed: The connection to the database timed out"}
2026-07-07 02:20:03 [s2] #9202 FAIL 6s :: f676648c-3641-4871-b2cc-acf446213f01 :: {"error":"Storage download failed: The connection to the database timed out"}
2026-07-07 02:20:04 [s2] #9206 FAIL 1s :: f68633ff-6282-4663-8618-f86973baf17c :: {"error":"Storage download failed: Too many connections issued to the database"}
2026-07-07 02:20:04 [s2] #9210 FAIL 1s :: f6a52690-1011-42a7-96d2-4bac5241cdc0 :: {"error":"Storage download failed: Too many connections issued to the database"}
2026-07-07 02:20:05 [s2] #9214 FAIL 1s :: f6b0bfa7-be9d-460a-b360-26727b1ef1b3 :: {"error":"Storage download failed: Too many connections issued to the database"}
2026-07-07 02:20:06 [s2] #9218 FAIL 1s :: f6d3946a-a655-43df-9b05-c4b1eee7f686 :: {"error":"Storage download failed: Too many connections issued to the database"}
2026-07-07 02:20:07 [s2] #9226 FAIL 1s :: f6f7a4a6-8efe-45fd-b2c6-e91e17ed667e :: {"error":"Storage download failed: Too many connections issued to the database"}
2026-07-07 02:20:07 [s2] #9230 FAIL 1s :: f71266c5-5876-4d4a-9c53-9741f2b87342 :: {"error":"Storage download failed: Too many connections issued to the database"}
2026-07-07 02:20:08 [s2] #9234 FAIL 1s :: f732b2be-88c7-49f0-9baa-451c67754564 :: {"error":"Storage download failed: Too many connections issued to the database"}
2026-07-07 02:20:09 [s2] #9238 FAIL 1s :: f7544fb0-a012-4a45-9075-5002e5b5b4b4 :: {"error":"Storage download failed: Too many connections issued to the database"}
2026-07-07 02:20:10 [s2] #9242 FAIL 1s :: f7650ba8-ea7d-40f9-a9e9-2fc08406b24a :: {"error":"Storage download failed: Too many connections issued to the database"}
2026-07-07 02:20:10 [s2] #9246 FAIL 1s :: f78f8131-293f-4421-ac3a-6fbc93179f74 :: {"error":"Storage download failed: Too many connections issued to the database"}
2026-07-07 02:20:11 [s2] #9250 FAIL 1s :: f7a5c31d-f01a-4257-86b4-025ea4d90e2a :: {"error":"Storage download failed: Too many connections issued to the database"}
2026-07-07 02:20:12 [s2] #9254 FAIL 1s :: f7b3897a-2199-47bf-bbef-c251a87b3c2d :: {"error":"Storage download failed: Too many connections issued to the database"}
2026-07-07 02:20:13 [s2] #9258 FAIL 1s :: f7ce7148-68bc-4786-b1ac-92b4e0a53992 :: {"error":"Storage download failed: Too many connections issued to the database"}
2026-07-07 02:20:14 [s2] #9262 FAIL 1s :: f7d547dd-7f2c-49e6-960d-b7b105d4cbcc :: {"error":"Storage download failed: Too many connections issued to the database"}
2026-07-07 02:20:14 [s2] #9266 FAIL 1s :: f7f7c94a-5b7b-4eba-8f7a-7ba1d5e9a1f2 :: {"error":"Storage download failed: Too many connections issued to the database"}
2026-07-07 02:20:15 [s2] #9270 FAIL 1s :: f80d3996-21ab-4d48-b08c-f30de0ad6ad7 :: {"error":"Storage download failed: Too many connections issued to the database"}
2026-07-07 02:20:16 [s2] #9274 FAIL 1s :: f8309f08-d115-425e-8735-bcb6980c8c47 :: {"error":"Storage download failed: Too many connections issued to the database"}
2026-07-07 02:20:17 [s2] #9278 FAIL 1s :: f85bad5f-171e-48af-bfb4-84a9f3ba130c :: {"error":"Storage download failed: Too many connections issued to the database"}
2026-07-07 02:20:18 [s2] #9282 FAIL 1s :: f85f2cd4-dcc7-4b91-932c-21ffa97d8070 :: {"error":"Storage download failed: Too many connections issued to the database"}
2026-07-07 02:20:18 [s2] #9286 FAIL 1s :: f86a71b9-4a4d-44f3-867b-0c17acd01569 :: {"error":"Storage download failed: Too many connections issued to the database"}
2026-07-07 02:20:19 [s2] #9290 FAIL 1s :: f880df54-0357-4549-ba4f-429ce994bfb9 :: {"error":"Storage download failed: Too many connections issued to the database"}
2026-07-07 02:20:20 [s2] #9294 FAIL 1s :: f8a47e00-9e74-4734-a726-2ee43cadd041 :: {"error":"Storage download failed: Too many connections issued to the database"}
2026-07-07 02:20:21 [s2] #9298 FAIL 1s :: f8adbcff-2db2-47b5-9e47-38eba0432d97 :: {"error":"Storage download failed: Too many connections issued to the database"}
2026-07-07 02:20:21 [s2] #9302 FAIL 1s :: f8c9cd31-37fb-43f7-8aa6-5db0c021be47 :: {"error":"Storage download failed: Too many connections issued to the database"}
2026-07-07 02:20:22 [s2] #9306 FAIL 1s :: f8e4466f-000b-4fe5-a085-66855913e3c2 :: {"error":"Storage download failed: Too many connections issued to the database"}
2026-07-07 02:20:23 [s2] #9310 FAIL 1s :: f8f6c005-dc6a-4a5c-84ec-4f3159999420 :: {"error":"Storage download failed: Too many connections issued to the database"}
2026-07-07 02:20:24 [s2] #9314 FAIL 1s :: f90d8f4b-ea79-42a2-9ece-4049b5e2f4f9 :: {"error":"Storage download failed: Too many connections issued to the database"}
2026-07-07 02:20:24 [s2] #9318 FAIL 1s :: f93b1d2d-7395-4031-b9e4-a78fa35f76c3 :: {"error":"Storage download failed: Too many connections issued to the database"}
2026-07-07 02:20:25 [s2] #9322 FAIL 1s :: f943f8e5-c97a-4cf3-a13e-49aec83164b3 :: {"error":"Storage download failed: Too many connections issued to the database"}
2026-07-07 02:20:26 [s2] #9326 FAIL 1s :: f977217d-3a9d-4e93-b311-bbe1ca6710bb :: {"error":"Storage download failed: Too many connections issued to the database"}
2026-07-07 02:20:27 [s2] #9330 FAIL 1s :: f9ac5582-4fd1-4369-bcaf-efc7c3635141 :: {"error":"Storage download failed: Too many connections issued to the database"}
2026-07-07 02:20:27 [s2] #9334 FAIL 1s :: f9c41473-64bb-4630-9fcf-3ee244c70809 :: {"error":"Storage download failed: Too many connections issued to the database"}
2026-07-07 02:22:33 [s2] #9338 FAIL 126s :: f9df7c4f-1a8b-40f2-967f-241f3a721441 :: {"error":"text chunk insert failed: canceling statement due to statement timeout"}
2026-07-07 02:24:06 [s2] #9350 FAIL 88s :: fa3a6364-af1f-4dd7-a113-a78b67e146da :: {"error":"text chunk insert failed: canceling statement due to statement timeout"}
2026-07-07 02:26:29 [s2] #9362 FAIL 135s :: fa7bdc8b-7478-496d-86ed-03f78d2fe712 :: {"error":"clear old text chunks failed: upstream request timeout"}
2026-07-07 02:26:30 [s2] #9366 FAIL 1s :: faac3026-a64a-4172-8dc9-9cfb9d3e714b :: {"error":"Storage download failed: Too many connections issued to the database"}
2026-07-07 02:26:30 [s2] #9370 FAIL 1s :: fabf06c3-847a-4904-b453-192f90d1a0ad :: {"error":"Storage download failed: Too many connections issued to the database"}
2026-07-07 02:26:31 [s2] #9374 FAIL 1s :: fad0e1e6-873b-4660-b5d6-8e3b11c5c8d0 :: {"error":"Storage download failed: Too many connections issued to the database"}
2026-07-07 02:26:32 [s2] #9378 FAIL 1s :: fae5504f-cd54-4ec7-9234-a4520f6afba1 :: {"error":"Storage download failed: Too many connections issued to the database"}
2026-07-07 02:26:33 [s2] #9382 FAIL 1s :: fb10142b-a9c4-4509-bf73-f6af440772e6 :: {"error":"Storage download failed: Too many connections issued to the database"}
2026-07-07 02:26:33 [s2] #9386 FAIL 1s :: fb1eb210-b09d-4d2b-88cc-878c15f1f8ea :: {"error":"Storage download failed: Too many connections issued to the database"}
2026-07-07 02:26:34 [s2] #9390 FAIL 1s :: fb2da7b6-0f75-49b7-8ee5-76b35c55368e :: {"error":"Storage download failed: Too many connections issued to the database"}
2026-07-07 02:26:35 [s2] #9394 FAIL 1s :: fb3ef10a-a621-4153-89dd-bfc43222bc9c :: {"error":"Storage download failed: Too many connections issued to the database"}
2026-07-07 02:26:36 [s2] #9398 FAIL 1s :: fb5b6d82-9e53-45ff-8454-ec68b5aab897 :: {"error":"Storage download failed: Too many connections issued to the database"}
2026-07-07 02:26:36 [s2] #9402 FAIL 1s :: fb88db24-b841-4366-a7d4-bc33049e3b32 :: {"error":"Storage download failed: Too many connections issued to the database"}
2026-07-07 02:26:37 [s2] #9406 FAIL 1s :: fb9df0e8-2f2c-40c0-9848-83dbbdb19034 :: {"error":"Storage download failed: Too many connections issued to the database"}
2026-07-07 02:26:38 [s2] #9410 FAIL 1s :: fbddf4d7-d133-42b1-9129-80cf5204aca4 :: {"error":"Storage download failed: Too many connections issued to the database"}
2026-07-07 02:26:39 [s2] #9414 FAIL 1s :: fc05b41a-4d64-46b4-abdb-09f5fcf35a1b :: {"error":"Storage download failed: Too many connections issued to the database"}
2026-07-07 02:26:39 [s2] #9418 FAIL 1s :: fc2a1751-0f3f-47f6-8d11-ccb712363bee :: {"error":"Storage download failed: Too many connections issued to the database"}
2026-07-07 02:26:40 [s2] #9422 FAIL 1s :: fc4cff00-56eb-4cd6-8a3b-d3a51c19cc6f :: {"error":"Storage download failed: Too many connections issued to the database"}
2026-07-07 02:26:41 [s2] #9426 FAIL 1s :: fc74d164-bc6b-434e-a43d-e048df1f63ae :: {"error":"Storage download failed: Too many connections issued to the database"}
2026-07-07 02:26:47 [s2] #9430 FAIL 6s :: fc8b66ec-baa6-472e-8b95-57bd4b5db247 :: {"error":"Storage download failed: The connection to the database timed out"}
2026-07-07 02:26:52 [s2] #9434 FAIL 6s :: fcab7657-40ce-4345-9369-18926d372676 :: {"error":"Storage download failed: The connection to the database timed out"}
2026-07-07 02:26:58 [s2] #9438 FAIL 6s :: fcbc283b-f3af-4c96-9f88-fc21535d9c33 :: {"error":"Storage download failed: The connection to the database timed out"}
2026-07-07 02:27:04 [s2] #9442 FAIL 6s :: fced5a01-bcbd-46f5-a787-c55459a8b14e :: {"error":"Storage download failed: The connection to the database timed out"}
2026-07-07 02:27:10 [s2] #9446 FAIL 6s :: fcf2a7ca-4f51-4983-aa0e-90004572ed10 :: {"error":"Storage download failed: The connection to the database timed out"}
2026-07-07 02:27:16 [s2] #9450 FAIL 6s :: fd0d6d73-6a1d-409d-a9a5-0f3131e291b5 :: {"error":"Storage download failed: The connection to the database timed out"}
2026-07-07 02:27:17 [s2] #9454 FAIL 1s :: fd18c53a-c095-4299-8ad9-54533d2582e6 :: {"error":"Storage download failed: Too many connections issued to the database"}
2026-07-07 02:27:17 [s2] #9458 FAIL 1s :: fd30bc73-d83b-4fa3-9669-2732be0c98f0 :: {"error":"Storage download failed: Too many connections issued to the database"}
2026-07-07 02:27:18 [s2] #9462 FAIL 1s :: fd5ab079-c733-44d5-b80d-4b77f53ce7e2 :: {"error":"Storage download failed: Too many connections issued to the database"}
2026-07-07 02:27:19 [s2] #9466 FAIL 1s :: fd74f9e4-40a8-4dc5-b2a9-2ca609a4b817 :: {"error":"Storage download failed: Too many connections issued to the database"}
2026-07-07 02:27:20 [s2] #9470 FAIL 1s :: fd842d45-e33a-4ec8-8be0-011f50deaccd :: {"error":"Storage download failed: Too many connections issued to the database"}
2026-07-07 02:27:20 [s2] #9474 FAIL 1s :: fd95787b-f758-4ac4-b437-e3bc03b65ad3 :: {"error":"Storage download failed: Too many connections issued to the database"}
2026-07-07 02:27:21 [s2] #9482 FAIL 1s :: fdcf91e6-c58c-4ba9-88de-613190e0f41e :: {"error":"Storage download failed: Too many connections issued to the database"}
2026-07-07 02:27:22 [s2] #9486 FAIL 1s :: fddeadc4-6b6c-4fa5-a95d-f954da9e8cd9 :: {"error":"Storage download failed: Too many connections issued to the database"}
2026-07-07 02:27:22 [s2] #9490 FAIL 1s :: fdebd07e-2292-4b1a-a6db-1c5a75adeb3b :: {"error":"Storage download failed: Too many connections issued to the database"}
2026-07-07 02:27:23 [s2] #9494 FAIL 1s :: fdfe790f-e7c0-4ab6-969b-9e92b8b6edd0 :: {"error":"Storage download failed: Too many connections issued to the database"}
2026-07-07 02:27:24 [s2] #9498 FAIL 1s :: fe1becd0-f35e-44b5-8965-5d267179bd61 :: {"error":"Storage download failed: Too many connections issued to the database"}
2026-07-07 02:27:25 [s2] #9502 FAIL 1s :: fe321a97-d7d5-40b4-ad71-ac679d3fa269 :: {"error":"Storage download failed: Too many connections issued to the database"}
2026-07-07 02:27:25 [s2] #9506 FAIL 1s :: fe4bdce4-3f16-4065-83bd-051b75e13671 :: {"error":"Storage download failed: Too many connections issued to the database"}
2026-07-07 02:27:26 [s2] #9510 FAIL 1s :: fe510d0a-44ef-4220-b87a-a9caff9ef169 :: {"error":"Storage download failed: Too many connections issued to the database"}
2026-07-07 02:27:27 [s2] #9514 FAIL 1s :: fe6d4853-6dfd-4a00-8ae8-2b20a264d66a :: {"error":"Storage download failed: Too many connections issued to the database"}
2026-07-07 02:27:28 [s2] #9518 FAIL 1s :: fe9e661a-b1ab-433c-a695-a44e41854867 :: {"error":"Storage download failed: Too many connections issued to the database"}
2026-07-07 02:27:28 [s2] #9522 FAIL 1s :: fec0644a-ed73-4693-a15b-d06a14f91b20 :: {"error":"Storage download failed: Too many connections issued to the database"}
2026-07-07 02:27:29 [s2] #9526 FAIL 1s :: ff26cf12-dfce-4bc2-bd6d-c4a39797e5fa :: {"error":"Storage download failed: Too many connections issued to the database"}
2026-07-07 02:27:30 [s2] #9530 FAIL 1s :: ff52ed59-72ab-41f1-b603-b1e83f4074f2 :: {"error":"Storage download failed: Too many connections issued to the database"}
2026-07-07 02:27:31 [s2] #9534 FAIL 1s :: ff6f2c7f-5498-464e-9310-6cffabdf3d90 :: {"error":"Storage download failed: Too many connections issued to the database"}
2026-07-07 02:27:32 [s2] #9538 FAIL 1s :: ff7a0271-842b-4d5e-8d3c-af20a70aea1d :: {"error":"Storage download failed: Too many connections issued to the database"}
2026-07-07 02:27:32 [s2] #9542 FAIL 1s :: ff8078ae-5725-4671-8cda-57e1099cd918 :: {"error":"Storage download failed: Too many connections issued to the database"}
2026-07-07 02:27:33 [s2] #9546 FAIL 1s :: ffa12bdb-8c63-405b-8ee3-927271306081 :: {"error":"Storage download failed: Too many connections issued to the database"}
2026-07-07 02:27:34 [s2] #9550 FAIL 1s :: ffb9ddff-0069-45ee-9ebb-18e15dc16b6a :: {"error":"Storage download failed: Too many connections issued to the database"}
2026-07-07 02:27:35 [s2] #9554 FAIL 1s :: ffc9a596-568f-40b2-a3be-075054dd1498 :: {"error":"Storage download failed: Too many connections issued to the database"}
2026-07-07 02:27:35 [s2] #9558 FAIL 1s :: fff7d86e-7166-4e59-a373-01f2e288f836 :: {"error":"Storage download failed: Too many connections issued to the database"}
2026-07-07 02:27:35 [s2] SHARD DONE: processed=1867, text chunks=9822, needs-ocr=766, too-large=12, failed=515
2026-07-07 23:38:35 [s2] corpus target: 9560 docs mirrored to storage
2026-07-07 23:38:48 [s2] skip set (already text-indexed / done): 8547
2026-07-07 23:38:52 [s2] #762 FAIL 4s :: 1418600c-6f11-484f-921d-1c92f52eb9aa :: {"code":"WORKER_RESOURCE_LIMIT","message":"Function failed due to not having enough compute resources (please check logs)"}
2026-07-07 23:38:55 [s2] #2158 FAIL 3s :: 39db6eeb-e50a-4cae-aabc-a84128590602 :: {"code":"WORKER_RESOURCE_LIMIT","message":"Function failed due to not having enough compute resources (please check logs)"}
2026-07-07 23:38:59 [s2] #2178 FAIL 4s :: 3a42cb5f-5011-4706-8a61-b1edf4f85e28 :: {"code":"WORKER_RESOURCE_LIMIT","message":"Function failed due to not having enough compute resources (please check logs)"}
2026-07-07 23:39:03 [s2] #3778 FAIL 3s :: 63f0fd0e-289a-4ee4-8e1e-836904616e2b :: {"code":"WORKER_RESOURCE_LIMIT","message":"Function failed due to not having enough compute resources (please check logs)"}
2026-07-07 23:39:06 [s2] #3866 FAIL 3s :: 66c2da53-761c-4f43-9657-a84c0bc58962 :: {"code":"WORKER_RESOURCE_LIMIT","message":"Function failed due to not having enough compute resources (please check logs)"}
2026-07-07 23:39:10 [s2] #3954 FAIL 4s :: 697e0167-f040-4583-a267-a58143dd7fd0 :: {"code":"WORKER_RESOURCE_LIMIT","message":"Function failed due to not having enough compute resources (please check logs)"}
2026-07-07 23:39:15 [s2] #8530 FAIL 3s :: e43d7fd5-eb03-4165-b262-5e1c3f833290 :: {"code":"WORKER_RESOURCE_LIMIT","message":"Function failed due to not having enough compute resources (please check logs)"}
2026-07-07 23:40:00 [s2] #8626 OK 2s 7 chunks (proc=25 chunks=249 ocr=7 big=0 fail=7)
2026-07-07 23:40:42 [s2] #8738 OK 2s 5 chunks (proc=50 chunks=696 ocr=17 big=0 fail=7)
2026-07-07 23:41:00 [s2] #8790 FAIL 4s :: eb555e43-2d8a-4d75-9f93-8db02c732328 :: {"code":"WORKER_RESOURCE_LIMIT","message":"Function failed due to not having enough compute resources (please check logs)"}
2026-07-07 23:41:27 [s2] #8858 OK 2s 1 chunks (proc=75 chunks=923 ocr=29 big=0 fail=8)
2026-07-07 23:42:10 [s2] #8958 OK 1s 6 chunks (proc=100 chunks=1080 ocr=38 big=0 fail=8)
2026-07-07 23:42:50 [s2] #9058 OK 2s needs-ocr (proc=125 chunks=1132 ocr=48 big=0 fail=8)
2026-07-07 23:43:28 [s2] #9158 OK 2s 26 chunks (proc=150 chunks=1204 ocr=60 big=0 fail=8)
2026-07-07 23:44:08 [s2] #9262 OK 1s 1 chunks (proc=175 chunks=1295 ocr=74 big=0 fail=8)
2026-07-07 23:44:32 [s2] #9314 FAIL 5s :: f90d8f4b-ea79-42a2-9ece-4049b5e2f4f9 :: {"code":"WORKER_RESOURCE_LIMIT","message":"Function failed due to not having enough compute resources (please check logs)"}
2026-07-07 23:44:53 [s2] #9382 OK 1s needs-ocr (proc=200 chunks=1649 ocr=82 big=0 fail=9)
2026-07-07 23:45:10 [s2] #9418 FAIL 3s :: fc2a1751-0f3f-47f6-8d11-ccb712363bee :: {"code":"WORKER_RESOURCE_LIMIT","message":"Function failed due to not having enough compute resources (please check logs)"}
2026-07-07 23:45:39 [s2] #9490 OK 2s 9 chunks (proc=225 chunks=1887 ocr=94 big=0 fail=10)
2026-07-07 23:46:11 [s2] SHARD DONE: processed=242, text chunks=2455, needs-ocr=98, too-large=0, failed=10
