2026-07-06 22:55:48 [00000000-0000-0000-0000-000000000010] 2 docs to reindex (types=lease,other, limit=2)
2026-07-06 22:55:49 [1/2] FAIL 1s :: TJX Companies' Lease Administration Department notifies HomeGoods of a 2024 Common Area Maintenance (CAM) reconciliation for Store #1184 in Knightdale, NC, indicating a credit due of $7,311.85 to be d :: {"code":"BOOT_ERROR","message":"Function failed to start (please check logs)"}
2026-07-06 22:55:50 [2/2] FAIL 0s :: This Subordination, Non-Disturbance and Attornment (SNDA) Agreement dated July 15, 2019, establishes the relationship between BBK Midway Plantation, LLC (Landlord), KeyBank National Association (Lender), and Michaels Stores, Inc. (Tenant) regarding retail premises at the Midway P :: {"code":"BOOT_ERROR","message":"Function failed to start (please check logs)"}
2026-07-06 22:55:50 reindex complete: 2 docs, 0 text chunks, 0 scanned(needs OCR), 2 failed
2026-07-06 22:57:29 [00000000-0000-0000-0000-000000000010] 2 docs to reindex (types=lease,other, limit=2)
2026-07-06 22:57:30 [1/2] FAIL 0s :: TJX Companies' Lease Administration Department notifies HomeGoods of a 2024 Common Area Maintenance (CAM) reconciliation for Store #1184 in Knightdale, NC, indicating a credit due of $7,311.85 to be d :: {"code":"BOOT_ERROR","message":"Function failed to start (please check logs)"}
2026-07-06 22:57:30 [2/2] FAIL 0s :: This Subordination, Non-Disturbance and Attornment (SNDA) Agreement dated July 15, 2019, establishes the relationship between BBK Midway Plantation, LLC (Landlord), KeyBank National Association (Lender), and Michaels Stores, Inc. (Tenant) regarding retail premises at the Midway P :: {"code":"BOOT_ERROR","message":"Function failed to start (please check logs)"}
2026-07-06 22:57:30 reindex complete: 2 docs, 0 text chunks, 0 scanned(needs OCR), 2 failed
2026-07-06 23:03:13 [00000000-0000-0000-0000-000000000010] 2 docs to reindex (types=lease,other, limit=2)
2026-07-06 23:03:14 [1/2] FAIL 1s :: TJX Companies' Lease Administration Department notifies HomeGoods of a 2024 Common Area Maintenance (CAM) reconciliation for Store #1184 in Knightdale, NC, indicating a credit due of $7,311.85 to be d :: {"code":"BOOT_ERROR","message":"Function failed to start (please check logs)"}
2026-07-06 23:03:14 [2/2] FAIL 1s :: This Subordination, Non-Disturbance and Attornment (SNDA) Agreement dated July 15, 2019, establishes the relationship between BBK Midway Plantation, LLC (Landlord), KeyBank National Association (Lender), and Michaels Stores, Inc. (Tenant) regarding retail premises at the Midway P :: {"code":"BOOT_ERROR","message":"Function failed to start (please check logs)"}
2026-07-06 23:03:14 reindex complete: 2 docs, 0 text chunks, 0 scanned(needs OCR), 2 failed
2026-07-06 23:04:58 [00000000-0000-0000-0000-000000000010] 2 docs to reindex (types=lease,other, limit=2)
2026-07-06 23:04:59 [1/2] FAIL 1s :: TJX Companies' Lease Administration Department notifies HomeGoods of a 2024 Common Area Maintenance (CAM) reconciliation for Store #1184 in Knightdale, NC, indicating a credit due of $7,311.85 to be d :: {"error":"Storage download failed: Bucket not found"}
2026-07-06 23:05:01 [2/2] FAIL 2s :: This Subordination, Non-Disturbance and Attornment (SNDA) Agreement dated July 15, 2019, establishes the relationship between BBK Midway Plantation, LLC (Landlord), KeyBank National Association (Lender), and Michaels Stores, Inc. (Tenant) regarding retail premises at the Midway P :: {"error":"Storage download failed: Bucket not found"}
2026-07-06 23:05:01 reindex complete: 2 docs, 0 text chunks, 0 scanned(needs OCR), 2 failed
2026-07-06 23:05:21 [00000000-0000-0000-0000-000000000010] 2 docs to reindex (types=lease,other, limit=2)
2026-07-06 23:05:22 [1/2] OK 1s pg=2 SCANNED/needs-ocr :: TJX Companies' Lease Administration Department notifies HomeGoods of a 2024 Common Area Maintenance (CAM) reconciliation for Store #1184 in Knightdale, NC, indicating a credit due of $7,311.85 to be d
2026-07-06 23:05:24 [2/2] OK 2s pg=10 SCANNED/needs-ocr :: This Subordination, Non-Disturbance and Attornment (SNDA) Agreement dated July 15, 2019, establishes the relationship between BBK Midway Plantation, LLC (Landlord), KeyBank National Association (Lender), and Michaels Stores, Inc. (Tenant) regarding retail premises at the Midway P
2026-07-06 23:05:24 reindex complete: 2 docs, 0 text chunks, 2 scanned(needs OCR), 0 failed
2026-07-06 23:05:44 [00000000-0000-0000-0000-000000000010] 20 docs to reindex (types=lease,other, limit=20)
2026-07-06 23:05:45 [1/20] OK 1s pg=2 SCANNED/needs-ocr :: TJX Companies' Lease Administration Department notifies HomeGoods of a 2024 Common Area Maintenance (CAM) reconciliation for Store #1184 in Knightdale, NC, indicating a credit due of $7,311.85 to be d
2026-07-06 23:05:46 [2/20] OK 1s pg=10 SCANNED/needs-ocr :: This Subordination, Non-Disturbance and Attornment (SNDA) Agreement dated July 15, 2019, establishes the relationship between BBK Midway Plantation, LLC (Landlord), KeyBank National Association (Lender), and Michaels Stores, Inc. (Tenant) regarding retail premises at the Midway P
2026-07-06 23:05:49 [3/20] OK 3s pg=1 1 chunks :: This document is an architectural drawing and landlord review sheet for the Barnes & Noble at Shoppes At Midway location in Knightdale, North Carolina. It includes notes and requirements from the land
2026-07-06 23:05:55 [4/20] OK 6s pg=8 16 chunks :: This Assignment Agreement and Amendment to Lease effectuates the transfer of RTM Operating Company's lease rights to KBP Inspired, LLC for an Arby's restaurant location in Knightdale, NC, with the landlord releasing the assignor from all post-closing obligations. The agreement in
2026-07-06 23:05:56 [5/20] OK 1s pg=1 SCANNED/needs-ocr :: This is a notice of termination from Overstock Furniture & Mattress regarding a Shopping Center License Agreement for space at Shoppes @ Midway Plantation in Knightdale, NC. The licensee provided the 
2026-07-06 23:05:59 [6/20] OK 3s pg=1 4 chunks :: Certificate of Liability Insurance issued by Henderson Brothers Inc. on behalf of Rectenwald Brothers Construction, Inc. for the Visionworks #1399 project located at Knightsdale Market Place. Coverage
2026-07-06 23:06:01 [7/20] OK 2s pg=1 1 chunks :: Shopping center lease for Dahir Foot Wear (d/b/a Athlete's Foot) at Knightdale Marketplace-East, dated August 17, 2007. The document package includes a guaranty by Dahir Brothers, Inc., three amendments to the lease (dated March 2018, June 2019, and September 2025), and supportin
2026-07-06 23:06:06 [8/20] OK 5s pg=8 18 chunks :: Temporary License Agreement between BBK Midway Plantation LLC (Licensor) and The Peach Truck, LLC (Licensee) for parking lot space at Knightdale Marketplace East Shopping Center in Knightdale, North Carolina. Licensee is permitted to sell retail peaches from the licensed premises
2026-07-06 23:06:09 [9/20] OK 3s pg=3 4 chunks :: Michael R. Ruffer personally guarantees all of Tenant's (Ruff Guys Burger Co. 5, LLC) payment and performance obligations under a lease for premises in a Knightdale, North Carolina shopping center owned by Kimco Wakefield Knightdale Limited Partnership. The guaranty is unconditio
2026-07-06 23:06:13 [10/20] FAIL 5s :: This document package consists of a general contractor's Payment Application (Application No. 4, dated 05/19/2022) for the Visionworks #1399 construction project, demonstrating that $382,935.56 of work has been completed to date with a current payment due of $61,780.12. It includ :: {"error":"text chunk insert failed: unsupported Unicode escape sequence"}
2026-07-06 23:06:18 [11/20] FAIL 5s :: Ross Dress For Less - full executed retail lease dated December 6, 2005 (Store #869, ~30,187 SF) at Shoppes at Midway Plantation, Knightdale Marketplace East. Includes the Operation and Easement Agreement (OEA) exhibit (pp. 121-195). Consolidated full lease document. :: {"code":"WORKER_RESOURCE_LIMIT","message":"Function failed due to not having enough compute resources (please check logs)"}
2026-07-06 23:06:21 [12/20] OK 3s pg=4 5 chunks :: This correspondence notifies the landlord (Kimco Wakefield Knightdale Ltd Partnership) that effective March 20, 2010, Wachovia Bank, N.A. merged into Wells Fargo Bank, N.A., making Wells Fargo the successor tenant with all rights and obligations under the lease. The letter provid
2026-07-06 23:06:22 [13/20] OK 2s pg=2 SCANNED/needs-ocr :: OfficeMax Incorporated disputes the landlord's claim that their exercise of the second extension option under the June 24, 2005 lease (as amended) for the Knightdale property is untimely and invalid. 
2026-07-06 23:06:24 [14/20] OK 2s pg=22 SCANNED/needs-ocr :: This document is a collection of 2019 recurring billing invoices from M&J Wilkow Properties LLC on behalf of BBK Midway Plantation LLC to multiple retail tenants at the Shoppes at Midway Plantation sh
2026-07-06 23:06:40 [15/20] OK 16s pg=37 266 chunks :: Ground floor lease of 1,400 sq ft self-serve frozen yogurt shop space at Shoppes at Midway Plantation shopping center in Knightdale, NC, executed March 12, 2012. Base rent commences September 30, 2013 at $34,300/year (5-year original term) with step-up to $37,730/year in the opti
2026-07-06 23:06:48 [16/20] OK 8s pg=37 130 chunks :: Triple-net style retail lease for a 1,400 sq ft frozen yogurt shop (32 Degrees A Yogurt Bar) at Shoppes at Midway Plantation in Knightdale, NC. Base rent is $34,300/year ($2,858.33/month) during the 5-year initial term, with a one-time 5-year renewal option at $37,730/year. Tenan
2026-07-06 23:06:50 [17/20] OK 2s pg=2 SCANNED/needs-ocr :: Regis Corporation proposes a lease amendment to address COVID-19 pandemic impacts on its salon operations at the Knightdale, NC property. The amendment includes: rent abatement for April-June 2020; 50% rent reduction for H2 2020; 25% rent reduction for 2021; extension of lease te
2026-07-06 23:06:52 [18/20] OK 2s pg=2 3 chunks :: This is a formal demand for payment letter from the landlord (through its property manager M & J Wilkow Properties, LLC) to tenant Regis Corp. d/b/a Famous Hair for unpaid rent totaling $8,969.70 for April and May 2020 at Suite 1177 of The Shoppes at Midway Plantation. The landlo
2026-07-06 23:07:03 [19/20] OK 11s pg=44 165 chunks :: Shopping center lease for a 1,400 SF hair salon (Suite L-5, Building L) in The Shoppes at Midway Plantation, Knightdale, NC. Five-year base term (2006–2011) with two optional five-year renewals, base rent ranging from $39,200 to $45,876 annually depending on term, plus 6% perce
2026-07-06 23:07:06 [20/20] OK 3s pg=1 2 chunks :: Landlord's formal default notice dated October 14, 2024, demanding payment of $13,923.90 in past-due rent from The Barbers/Cost Cutters for retail premises at Knightdale Marketplace East. The tenant must pay within 10 days or face lease termination and loss of possession. The not
2026-07-06 23:07:06 reindex complete: 20 docs, 615 text chunks, 6 scanned(needs OCR), 2 failed
2026-07-06 23:11:12 [00000000-0000-0000-0000-000000000010] 20 docs to reindex (types=lease,other, limit=20)
2026-07-06 23:11:13 [1/20] OK 1s pg=2 SCANNED/needs-ocr :: TJX Companies' Lease Administration Department notifies HomeGoods of a 2024 Common Area Maintenance (CAM) reconciliation for Store #1184 in Knightdale, NC, indicating a credit due of $7,311.85 to be d
2026-07-06 23:11:14 [2/20] OK 1s pg=10 SCANNED/needs-ocr :: This Subordination, Non-Disturbance and Attornment (SNDA) Agreement dated July 15, 2019, establishes the relationship between BBK Midway Plantation, LLC (Landlord), KeyBank National Association (Lender), and Michaels Stores, Inc. (Tenant) regarding retail premises at the Midway P
2026-07-06 23:11:22 [3/20] OK 8s pg=8 16 chunks :: This Assignment Agreement and Amendment to Lease effectuates the transfer of RTM Operating Company's lease rights to KBP Inspired, LLC for an Arby's restaurant location in Knightdale, NC, with the landlord releasing the assignor from all post-closing obligations. The agreement in
2026-07-06 23:11:24 [4/20] OK 1s pg=1 SCANNED/needs-ocr :: This is a notice of termination from Overstock Furniture & Mattress regarding a Shopping Center License Agreement for space at Shoppes @ Midway Plantation in Knightdale, NC. The licensee provided the 
2026-07-06 23:11:32 [5/20] OK 8s pg=1 1 chunks :: Shopping center lease for Dahir Foot Wear (d/b/a Athlete's Foot) at Knightdale Marketplace-East, dated August 17, 2007. The document package includes a guaranty by Dahir Brothers, Inc., three amendments to the lease (dated March 2018, June 2019, and September 2025), and supportin
2026-07-06 23:11:34 [6/20] OK 3s pg=3 4 chunks :: Michael R. Ruffer personally guarantees all of Tenant's (Ruff Guys Burger Co. 5, LLC) payment and performance obligations under a lease for premises in a Knightdale, North Carolina shopping center owned by Kimco Wakefield Knightdale Limited Partnership. The guaranty is unconditio
2026-07-06 23:11:42 [7/20] OK 8s pg=39 19 chunks :: This document package consists of a general contractor's Payment Application (Application No. 4, dated 05/19/2022) for the Visionworks #1399 construction project, demonstrating that $382,935.56 of work has been completed to date with a current payment due of $61,780.12. It includ
2026-07-06 23:11:43 [8/20] OK 1s pg=195 TOO-LARGE(195pg) :: Ross Dress For Less - full executed retail lease dated December 6, 2005 (Store #869, ~30,187 SF) at Shoppes at Midway Plantation, Knightdale Marketplace East. Includes the Operation and Easement Agreement (OEA) exhibit (pp. 121-195). Consolidated full lease document.
2026-07-06 23:11:44 [9/20] OK 1s pg=2 SCANNED/needs-ocr :: OfficeMax Incorporated disputes the landlord's claim that their exercise of the second extension option under the June 24, 2005 lease (as amended) for the Knightdale property is untimely and invalid. 
2026-07-06 23:11:45 [10/20] OK 1s pg=22 SCANNED/needs-ocr :: This document is a collection of 2019 recurring billing invoices from M&J Wilkow Properties LLC on behalf of BBK Midway Plantation LLC to multiple retail tenants at the Shoppes at Midway Plantation sh
2026-07-06 23:11:55 [11/20] OK 10s pg=37 130 chunks :: Triple-net style retail lease for a 1,400 sq ft frozen yogurt shop (32 Degrees A Yogurt Bar) at Shoppes at Midway Plantation in Knightdale, NC. Base rent is $34,300/year ($2,858.33/month) during the 5-year initial term, with a one-time 5-year renewal option at $37,730/year. Tenan
2026-07-06 23:11:56 [12/20] OK 1s pg=2 SCANNED/needs-ocr :: Regis Corporation proposes a lease amendment to address COVID-19 pandemic impacts on its salon operations at the Knightdale, NC property. The amendment includes: rent abatement for April-June 2020; 50% rent reduction for H2 2020; 25% rent reduction for 2021; extension of lease te
2026-07-06 23:11:58 [13/20] OK 2s pg=2 3 chunks :: This is a formal demand for payment letter from the landlord (through its property manager M & J Wilkow Properties, LLC) to tenant Regis Corp. d/b/a Famous Hair for unpaid rent totaling $8,969.70 for April and May 2020 at Suite 1177 of The Shoppes at Midway Plantation. The landlo
2026-07-06 23:12:00 [14/20] OK 2s pg=1 2 chunks :: Landlord's formal default notice dated October 14, 2024, demanding payment of $13,923.90 in past-due rent from The Barbers/Cost Cutters for retail premises at Knightdale Marketplace East. The tenant must pay within 10 days or face lease termination and loss of possession. The not
2026-07-06 23:12:05 [15/20] OK 5s pg=1 1 chunks :: This is a customer approval document for a signage design project for Cost Cutters at 1016 G Shoppes at Midway Drive. The project involves the creation and installation of a 23.93 square foot rear-mounted channel letter sign with red acrylic faces, internally illuminated LED modu
2026-07-06 23:12:06 [16/20] OK 1s pg=9 SCANNED/needs-ocr :: This Subordination, Nondisturbance and Attornment Agreement subordinates the lease between Saltgrass Knightdale, LLC (tenant) and BBK Midway Plantation, LLC (landlord) to a first mortgage loan from Me
2026-07-06 23:12:13 [17/20] OK 7s pg=3 6 chunks :: Assignment and Amendment of Lease whereby Regis Corp. assumes the lease for a Hair Cuttery location (Unit 1177, 1,400 sq ft) in Midway Plantation, Knightdale, NC from Creative Hairdressers, Inc., effective March 3, 2008. The amendment permits trade name change to "HairMasters" an
2026-07-06 23:12:30 [18/20] FAIL 18s :: This is a retail shopping center lease between Kimco Wakefield Knightdale Limited Partnership (Landlord) and Tsing Tao, Inc. (Tenant) for 1,400 sq. ft. in Building K at the Shoppes at Midway Plantation, Knightdale, NC, for operation as a Japanese and Chinese restaurant. The base  :: {"error":"text chunk insert failed: canceling statement due to statement timeout"}
2026-07-06 23:12:32 [19/20] OK 1s pg=1 SCANNED/needs-ocr :: Office Depot/OfficeMax notifies the landlord that it is paying May rent and all future rent payments under protest and duress due to COVID-19 pandemic business impacts and reduced sales. The tenant reserves all rights and remedies under the lease and applicable law, explicitly st
2026-07-06 23:12:33 [20/20] OK 1s pg=1 SCANNED/needs-ocr :: This confirmation document dated March 2, 2020 ratifies the original lease dated December 2, 2019 between BBK Midway Plantation, LLC (Landlord) and Vida Dulce of Knightdale, Inc. (Tenant) for approximately 1,400 square feet of retail space at The Shoppes at Midway Plantation in K
2026-07-06 23:12:33 reindex complete: 20 docs, 182 text chunks, 9 scanned(needs OCR), 1 too-large, 1 failed
2026-07-06 23:13:30 [00000000-0000-0000-0000-000000000010] 50 docs to reindex (types=lease,other, limit=50)
2026-07-06 23:13:32 [1/50] OK 2s pg=8 SCANNED/needs-ocr :: This Subordination, Non-Disturbance and Attornment Agreement between MetLife Real Estate Lending LLC (Mortgagee) and OfficeMax North America, Inc. (Tenant) subordinates the lease to the mortgage on th
2026-07-06 23:13:33 [2/50] OK 2s pg=10 SCANNED/needs-ocr :: This Subordination, Nondisturbance and Attornment Agreement establishes the rights and obligations among MetLife Real Estate Lending LLC (Lender), Ross Dress For Less, Inc. (Tenant), and BBK Midway Pl
2026-07-06 23:13:34 [3/50] OK 1s pg=9 SCANNED/needs-ocr :: This Subordination, Nondisturbance and Attornment Agreement subordinates the lease between Saltgrass Knightdale, LLC (tenant) and BBK Midway Plantation, LLC (landlord) to a first mortgage loan from Me
2026-07-06 23:13:36 [4/50] OK 1s pg=2 SCANNED/needs-ocr :: This correspondence package contains two letters from Wells Fargo's legal department regarding property at 6615 Knightdale Boulevard, Knightdale, NC. The first letter dated December 29, 2023 transmits
2026-07-06 23:13:36 [5/50] OK 1s pg=22 SCANNED/needs-ocr :: This document is a collection of 2019 recurring billing invoices from M&J Wilkow Properties LLC on behalf of BBK Midway Plantation LLC to multiple retail tenants at the Shoppes at Midway Plantation sh
2026-07-06 23:13:44 [6/50] OK 8s pg=8 18 chunks :: Temporary License Agreement between BBK Midway Plantation LLC (Licensor) and The Peach Truck, LLC (Licensee) for parking lot space at Knightdale Marketplace East Shopping Center in Knightdale, North Carolina. Licensee is permitted to sell retail peaches from the licensed premises
2026-07-06 23:13:53 [7/50] OK 9s pg=7 14 chunks :: This First Amendment to the March 9, 2012 lease extends the term of THE YOGURT PLACE, LLC's tenancy at Shoppes @ Midway Shopping Center by two years, through September 30, 2019, eliminating all prior renewal options. Base rent remains fixed at $34,300 annually. The amendment esta
2026-07-06 23:13:55 [8/50] OK 2s pg=1 1 chunks :: This is the First Amendment to a Shopping Center Lease between the landlord and 32 Degrees A Yogurt Bar/The Yogurt Place, a tenant at The Shoppes at Midway Plantation. The amendment was dated October 5, 2017, amending the original lease dated March 9, 2012. The document does not 
2026-07-06 23:14:05 [9/50] OK 10s pg=37 130 chunks :: Triple-net style retail lease for a 1,400 sq ft frozen yogurt shop (32 Degrees A Yogurt Bar) at Shoppes at Midway Plantation in Knightdale, NC. Base rent is $34,300/year ($2,858.33/month) during the 5-year initial term, with a one-time 5-year renewal option at $37,730/year. Tenan
2026-07-06 23:14:24 [10/50] OK 19s pg=37 266 chunks :: Ground floor lease of 1,400 sq ft self-serve frozen yogurt shop space at Shoppes at Midway Plantation shopping center in Knightdale, NC, executed March 12, 2012. Base rent commences September 30, 2013 at $34,300/year (5-year original term) with step-up to $37,730/year in the opti
2026-07-06 23:14:25 [11/50] OK 1s pg=2 SCANNED/needs-ocr :: Regis Corporation proposes a lease amendment to address COVID-19 pandemic impacts on its salon operations at the Knightdale, NC property. The amendment includes: rent abatement for April-June 2020; 50% rent reduction for H2 2020; 25% rent reduction for 2021; extension of lease te
2026-07-06 23:14:28 [12/50] OK 3s pg=1 2 chunks :: Landlord (BBK Midway Plantation LLC/M & J Wilkow Properties, LLC) sends a demand letter to tenant Regis Corporation regarding non-payment of April 2020 rent for the Famous Hair store at Shoppes at Midway Plantation Shopping Center. While acknowledging COVID-19 hardships, the land
2026-07-06 23:14:29 [13/50] OK 2s pg=2 3 chunks :: This is a formal demand for payment letter from the landlord (through its property manager M & J Wilkow Properties, LLC) to tenant Regis Corp. d/b/a Famous Hair for unpaid rent totaling $8,969.70 for April and May 2020 at Suite 1177 of The Shoppes at Midway Plantation. The landlo
2026-07-06 23:14:32 [14/50] OK 2s pg=2 3 chunks :: Formal default notice from landlord BBK Midway Plantation LLC (via property manager M & J Wilkow Properties, LLC) to tenant Regis Corp. d/b/a Famous Hair regarding non-payment of rent for the retail premises at Suite 1177 in The Shoppes at Midway Plantation. The notice demands pa
2026-07-06 23:14:33 [15/50] OK 1s pg=1 1 chunks :: This is a customer approval document for a signage design project for Cost Cutters at 1016 G Shoppes at Midway Drive. The project involves the creation and installation of a 23.93 square foot rear-mounted channel letter sign with red acrylic faces, internally illuminated LED modu
2026-07-06 23:14:36 [16/50] OK 3s pg=1 1 chunks :: Customer approval document for a 30.98 square-foot illuminated channel letter sign for Cost Cutters located at 1016 G Shoppes at Midway Dr. The sign features red acrylic letters with LED internal illumination, aluminum frame, and mounting specifications. Approved by customer on M
2026-07-06 23:14:37 [17/50] OK 1s pg=2 SCANNED/needs-ocr :: REGIS Corporation notifies BBK Midway Plantation LLC of a lease assignment and closing for approximately 1,400 square feet of retail space at Shoppes at Midway Plantation in Knightdale, NC. The lease,
2026-07-06 23:14:39 [18/50] OK 2s pg=1 2 chunks :: Landlord's formal default notice dated October 14, 2024, demanding payment of $13,923.90 in past-due rent from The Barbers/Cost Cutters for retail premises at Knightdale Marketplace East. The tenant must pay within 10 days or face lease termination and loss of possession. The not
2026-07-06 23:14:40 [19/50] OK 1s pg=4 SCANNED/needs-ocr :: This amendment extends the lease term for Regis Corp. at Suite 1177 of The Shoppes at Midway Plantation in Knightdale, NC for thirty-six months from November 1, 2021 through October 31, 2024. Base ren
2026-07-06 23:14:42 [20/50] OK 2s pg=15 SCANNED/needs-ocr :: This Second Amendment to Lease and Consent document, effective February 9, 2021, amends the original lease between BBK Midway Plantation LLC (Landlord) and The Barbers, Hairstyling for Men & Women, Inc. (Tenant) for Suite 1177 at The Shoppes at Midway Plantation in Knightdale, NC
2026-07-06 23:14:44 [21/50] OK 2s pg=3 6 chunks :: Assignment and Amendment of Lease whereby Regis Corp. assumes the lease for a Hair Cuttery location (Unit 1177, 1,400 sq ft) in Midway Plantation, Knightdale, NC from Creative Hairdressers, Inc., effective March 3, 2008. The amendment permits trade name change to "HairMasters" an
2026-07-06 23:14:46 [22/50] OK 2s pg=1 1 chunks :: This document is a cover page summarizing the lease and related transaction documents for a hairdressing salon (Famous Hair/Regis Corp./Creative Hairdressers) at Knightdale Marketplace-East. The original Shopping Center Lease dates to March 17, 2006, with subsequent amendments, a
2026-07-06 23:14:48 [23/50] OK 2s pg=2 SCANNED/needs-ocr :: This is a consent and agreement letter dated July 28, 2021, between landlord BBK Midway Plantation LLC, tenant The Barbers (Hairstyling for Men & Women, Inc.), and lender Live Oak Banking Company ISAOA, concerning a sublease of the leased premises to Radiant One, LLC. The letter 
2026-07-06 23:15:04 [24/50] OK 16s pg=44 165 chunks :: Shopping center lease for a 1,400 SF hair salon (Suite L-5, Building L) in The Shoppes at Midway Plantation, Knightdale, NC. Five-year base term (2006–2011) with two optional five-year renewals, base rent ranging from $39,200 to $45,876 annually depending on term, plus 6% perce
2026-07-06 23:15:15 [25/50] FAIL 11s :: Shopping center retail lease for a 1,400 sq ft hair salon (Suite L-5, Building L) in Knightdale, NC, between Landlord Kim Co Wakefield Knightdale LP and Tenant Creative Hairdressers, Inc., dated March 11, 2006. Base Rent ranges from $39,200–$41,552 in the original 5-year term,  :: {"code":"WORKER_RESOURCE_LIMIT","message":"Function failed due to not having enough compute resources (please check logs)"}
2026-07-06 23:15:16 [26/50] OK 1s pg=1 SCANNED/needs-ocr :: Tenant notifies landlord of decision to close the Cost Cutters location at Midway Plantation and vacate the premises on or before October 31, 2024, upon lease expiration. The letter references the original lease dated March 17, 2006, as amended and assigned, and requests confiden
2026-07-06 23:15:20 [27/50] OK 4s pg=3 4 chunks :: Regis Corp. exercised its 5-year Second Additional Term option for the Famous Hair location at Shoppes @ Midway Plantation, Knightdale, NC, effective November 1, 2016 through October 31, 2021. The opt
2026-07-06 23:15:23 [28/50] OK 3s pg=4 6 chunks :: Tenant exercised its first 5-year renewal option under the Lease, effective November 1, 2011 through October 31, 2016. The option memorandum establishes annual base rent escalating from $42,383.04 to $44,095.31, a 6% percentage rent rate on gross sales above specified annual base
2026-07-06 23:15:25 [29/50] OK 2s pg=1 SCANNED/needs-ocr :: This is an architectural floor plan for the Orthomax Advantage project in Cleveland, Ohio, prepared by Herschman Architects. The plan shows the building layout with retail tenancy, warehouse/loading areas, office spaces, and mechanical/support functions. It includes detailed part
2026-07-06 23:15:27 [30/50] OK 2s pg=1 2 chunks :: Office Depot, Inc. transmits payment of $19,108.59 for the 2020 CAM Reconciliation to landlord BBK Midway Plantation LLC for the Shoppes at Midway Plantation shopping center in Knightdale, North Carol
2026-07-06 23:15:28 [31/50] OK 1s pg=2 SCANNED/needs-ocr :: OfficeMax Incorporated disputes the landlord's claim that their exercise of the second extension option under the June 24, 2005 lease (as amended) for the Knightdale property is untimely and invalid. 
2026-07-06 23:15:29 [32/50] OK 1s pg=1 SCANNED/needs-ocr :: Office Depot/OfficeMax notifies the landlord that it is paying May rent and all future rent payments under protest and duress due to COVID-19 pandemic business impacts and reduced sales. The tenant reserves all rights and remedies under the lease and applicable law, explicitly st
2026-07-06 23:15:31 [33/50] OK 2s pg=1 2 chunks :: This is a correspondence from the property manager (M & J Wilkow Properties, LLC) on behalf of the landlord (BBK Midway Plantation, LLC) to OfficeMax Incorporated regarding the lease for retail premises at Shoppes at Midway Plantation Shopping Center in Knightdale, North Carolina
2026-07-06 23:15:32 [34/50] OK 1s pg=1 SCANNED/needs-ocr :: OfficeMax Incorporated notifies landlord BBK Midway Plantation, LLC of its election to exercise the renewal option under Section 13 of the original lease dated June 24, 2005 for the premises at 1012 Shoppes at Midway Drive, Knightdale, NC. The renewal extends the lease term from 
2026-07-06 23:15:34 [35/50] OK 2s pg=1 2 chunks :: Landlord (BBK Midway Plantation LLC) issued a Force Majeure Notice to OfficeMax #1303 regarding the COVID-19 pandemic, which may prevent or delay performance of certain lease obligations including co-
2026-07-06 23:15:37 [36/50] OK 2s pg=1 2 chunks :: Landlord (BBK Midway Plantation LLC) issued a Force Majeure Notice to OfficeMax #1303 at Shoppes at Midway Plantation regarding the COVID-19 pandemic, advising that the pandemic and related government
2026-07-06 23:15:39 [37/50] OK 2s pg=1 1 chunks :: OfficeMax North America, Inc. notifies landlord BBK Midway Plantation, LLC of its decision not to renew the lease for the premises at 1012 Shoppes at Midway Drive, Knightdale, NC, effective as of the scheduled expiration date of March 31, 2025. The original lease was dated June 2
2026-07-06 23:15:41 [38/50] OK 2s pg=1 2 chunks :: Landlord's agent provides notice to OfficeMax that the tenant failed to timely exercise a third renewal option (which required exercise at least 6 months before the March 31, 2025 lease expiration). The tenant is granted an additional 30-day cure period (until October 31, 2024) t
2026-07-06 23:15:42 [39/50] OK 2s pg=9 SCANNED/needs-ocr :: A Subordination, Non-Disturbance and Attornment Agreement executed by Keybank National Association (Mortgagee), OfficeMax North America, Inc. (Tenant), and BBK Midway Plantation, LLC (Landlord) regarding the Shoppes at Midway Plantation in North Carolina. The agreement subordinat
2026-07-06 23:15:46 [40/50] OK 4s pg=5 7 chunks :: This First Amendment to the original June 24, 2005 Lease exercises OfficeMax's first extension option and modifies the extension term from five (5) years to three (3) years, extending the lease through March 31, 2020. The amendment establishes new Annual Minimum Rent of $14.25 pe
2026-07-06 23:15:48 [41/50] OK 1s pg=1 1 chunks :: This document is a cover sheet listing the original lease agreement dated June 24, 2005 between OfficeMax Incorporated and the landlord of The Shoppes at Midway Plantation, along with a Memorandum of Lease and several subsequent amendments and correspondence. The materials docume
2026-07-06 23:15:49 [42/50] OK 1s pg=208 TOO-LARGE(208pg) :: This is a 10-year retail lease (initial term) between Kimco Wakefield Knightdale Limited Partnership (landlord) and OfficeMax Incorporated (tenant) for a 20,000 sq ft office supply store at Shoppes at Midway Plantation in Knightdale, North Carolina. Base rent escalates from $270,
2026-07-06 23:15:50 [43/50] OK 1s pg=1 SCANNED/needs-ocr :: Letter agreement extending the notice date for lease renewal from October 31, 2019 to November 30, 2019 for OfficeMax at Knightdale, NC. Original lease dated June 24, 2005 between BBK Midway Plantatio
2026-07-06 23:15:52 [44/50] OK 2s pg=1 1 chunks :: This letter agreement amends the June 24, 2005 lease between Knightdale Centers, LLC (Landlord) and OfficeMax North America, Inc. (Tenant) for the property at 6629 Knightdale Blvd, Knightdale, NC. The parties agree to extend the notice date for renewing the lease from October 15,
2026-07-06 23:15:54 [45/50] OK 2s pg=10 SCANNED/needs-ocr :: This Memorandum of Lease is a notice document for a lease between KIMCO WAKEFIELD KNIGHTDALE LIMITED PARTNERSHIP (Landlord) and OFFICEMAX INCORPORATED (Tenant) for approximately 20,000 square feet at Midway Plantation Shopping Center in Knightdale, North Carolina. The initial ter
2026-07-06 23:15:55 [46/50] OK 1s pg=1 SCANNED/needs-ocr :: OfficeMax Incorporated notifies landlord BBK Midway Plantation, LLC of its election to exercise a renewal option under Section 13 of the lease for the property at 1012 Shoppes at Midway Drive, Knightdale, NC. The renewal extends the lease term from April 1, 2020 through March 31,
2026-07-06 23:15:58 [47/50] OK 3s pg=1 1 chunks :: This is an architectural floor plan dated March 25, 2022, for the MJW Knightdale Marketplace in Knightdale, NC, prepared by M&J Wilkow. The plan shows a combined Level of Detail (LOD) layout for two retail tenants: Michaels (22,029 sq ft) and Overstock (23,289 sq ft), with total 
2026-07-06 23:16:00 [48/50] OK 2s pg=1 1 chunks :: This is an architectural Level of Detail (LOD) plan for the Overstock space at MJW Knightdale Marketplace in Knightdale, North Carolina, prepared on March 25, 2022. The plan shows a 23,289 square foot retail/storage space with detailed floor plan drawings indicating structural el
2026-07-06 23:16:03 [49/50] OK 3s pg=1 3 chunks :: This is an architectural combined LOD (Level of Development) plan for two retail tenants—Michaels (22,029 sq ft) and Overstock (23,289 sq ft)—at MJW Knightdale Marketplace in Knightdale, NC, prepared as of March 25, 2022. The plan depicts a floor layout and structural analysi
2026-07-06 23:16:05 [50/50] OK 2s pg=3 SCANNED/needs-ocr :: First Amendment to Shopping Center License Agreement dated November 26, 2018, between BBK Midway Plantation, LLC (licensor) and Good Deal Charlie, Inc. d/b/a Overstock Furniture & Mattress (licensee) for retail space at Shoppes at Midway Plantation in Knightdale, NC. The amendmen
2026-07-06 23:16:05 reindex complete: 50 docs, 648 text chunks, 20 scanned(needs OCR), 1 too-large, 1 failed
